INFO - 2024-09-05 04:37:37 --> Session: Class initialized using 'CodeIgniter\Session\Handlers\FileHandler' driver.
CRITICAL - 2024-09-05 05:37:04 --> ErrorException: Trying to access array offset on value of type null
[Method: POST, Route: addproduct]
in APPPATH\Controllers\Produit.php on line 31.
 1 APPPATH\Controllers\Produit.php(31): CodeIgniter\Debug\Exceptions->errorHandler(2, 'Trying to access array offset on value of type null', 'Z:\\CodeIgniter\\newmarketplace\\app\\Controllers\\Produit.php', 31)
 2 SYSTEMPATH\CodeIgniter.php(933): App\Controllers\Produit->addproduct()
 3 SYSTEMPATH\CodeIgniter.php(509): CodeIgniter\CodeIgniter->runController(Object(App\Controllers\Produit))
 4 SYSTEMPATH\CodeIgniter.php(355): CodeIgniter\CodeIgniter->handleRequest(null, Object(Config\Cache), false)
 5 SYSTEMPATH\Boot.php(312): CodeIgniter\CodeIgniter->run()
 6 SYSTEMPATH\Boot.php(67): CodeIgniter\Boot::runCodeIgniter(Object(CodeIgniter\CodeIgniter))
 7 FCPATH\index.php(65): CodeIgniter\Boot::bootWeb(Object(Config\Paths))
 8 SYSTEMPATH\Commands\Server\rewrite.php(49): require_once('Z:\\CodeIgniter\\newmarketplace\\public\\index.php')
CRITICAL - 2024-09-05 05:44:49 --> Error: Call to a member function getName() on null
[Method: POST, Route: addproduct]
in APPPATH\Controllers\Produit.php on line 31.
 1 SYSTEMPATH\CodeIgniter.php(933): App\Controllers\Produit->addproduct()
 2 SYSTEMPATH\CodeIgniter.php(509): CodeIgniter\CodeIgniter->runController(Object(App\Controllers\Produit))
 3 SYSTEMPATH\CodeIgniter.php(355): CodeIgniter\CodeIgniter->handleRequest(null, Object(Config\Cache), false)
 4 SYSTEMPATH\Boot.php(312): CodeIgniter\CodeIgniter->run()
 5 SYSTEMPATH\Boot.php(67): CodeIgniter\Boot::runCodeIgniter(Object(CodeIgniter\CodeIgniter))
 6 FCPATH\index.php(65): CodeIgniter\Boot::bootWeb(Object(Config\Paths))
 7 SYSTEMPATH\Commands\Server\rewrite.php(49): require_once('Z:\\CodeIgniter\\newmarketplace\\public\\index.php')
CRITICAL - 2024-09-05 05:50:35 --> Error: Call to a member function getName() on null
[Method: POST, Route: addproduct]
in APPPATH\Controllers\Produit.php on line 31.
 1 SYSTEMPATH\CodeIgniter.php(933): App\Controllers\Produit->addproduct()
 2 SYSTEMPATH\CodeIgniter.php(509): CodeIgniter\CodeIgniter->runController(Object(App\Controllers\Produit))
 3 SYSTEMPATH\CodeIgniter.php(355): CodeIgniter\CodeIgniter->handleRequest(null, Object(Config\Cache), false)
 4 SYSTEMPATH\Boot.php(312): CodeIgniter\CodeIgniter->run()
 5 SYSTEMPATH\Boot.php(67): CodeIgniter\Boot::runCodeIgniter(Object(CodeIgniter\CodeIgniter))
 6 FCPATH\index.php(65): CodeIgniter\Boot::bootWeb(Object(Config\Paths))
 7 SYSTEMPATH\Commands\Server\rewrite.php(49): require_once('Z:\\CodeIgniter\\newmarketplace\\public\\index.php')
CRITICAL - 2024-09-05 05:56:41 --> ErrorException: Undefined variable $response
[Method: POST, Route: addproduct]
in APPPATH\Controllers\Produit.php on line 52.
 1 APPPATH\Controllers\Produit.php(52): CodeIgniter\Debug\Exceptions->errorHandler(2, 'Undefined variable $response', 'Z:\\CodeIgniter\\newmarketplace\\app\\Controllers\\Produit.php', 52)
 2 SYSTEMPATH\CodeIgniter.php(933): App\Controllers\Produit->addproduct()
 3 SYSTEMPATH\CodeIgniter.php(509): CodeIgniter\CodeIgniter->runController(Object(App\Controllers\Produit))
 4 SYSTEMPATH\CodeIgniter.php(355): CodeIgniter\CodeIgniter->handleRequest(null, Object(Config\Cache), false)
 5 SYSTEMPATH\Boot.php(312): CodeIgniter\CodeIgniter->run()
 6 SYSTEMPATH\Boot.php(67): CodeIgniter\Boot::runCodeIgniter(Object(CodeIgniter\CodeIgniter))
 7 FCPATH\index.php(65): CodeIgniter\Boot::bootWeb(Object(Config\Paths))
 8 SYSTEMPATH\Commands\Server\rewrite.php(49): require_once('Z:\\CodeIgniter\\newmarketplace\\public\\index.php')
ERROR - 2024-09-05 06:00:25 --> mysqli_sql_exception: Column 'image01' cannot be null in Z:\CodeIgniter\newmarketplace\system\Database\MySQLi\Connection.php:308
Stack trace:
#0 Z:\CodeIgniter\newmarketplace\system\Database\MySQLi\Connection.php(308): mysqli->query('INSERT INTO `pr...', 0)
#1 Z:\CodeIgniter\newmarketplace\system\Database\BaseConnection.php(722): CodeIgniter\Database\MySQLi\Connection->execute('INSERT INTO `pr...')
#2 Z:\CodeIgniter\newmarketplace\system\Database\BaseConnection.php(636): CodeIgniter\Database\BaseConnection->simpleQuery('INSERT INTO `pr...')
#3 Z:\CodeIgniter\newmarketplace\system\Database\BaseBuilder.php(2325): CodeIgniter\Database\BaseConnection->query('INSERT INTO `pr...', Array, false)
#4 Z:\CodeIgniter\newmarketplace\system\Model.php(383): CodeIgniter\Database\BaseBuilder->insert()
#5 Z:\CodeIgniter\newmarketplace\system\BaseModel.php(840): CodeIgniter\Model->doInsert(Array)
#6 Z:\CodeIgniter\newmarketplace\system\Model.php(791): CodeIgniter\BaseModel->insert(Array, true)
#7 Z:\CodeIgniter\newmarketplace\app\Models\ProduitModel.php(26): CodeIgniter\Model->insert(Array)
#8 Z:\CodeIgniter\newmarketplace\app\Controllers\Produit.php(44): App\Models\ProduitModel->addProduct(Array)
#9 Z:\CodeIgniter\newmarketplace\system\CodeIgniter.php(933): App\Controllers\Produit->addproduct()
#10 Z:\CodeIgniter\newmarketplace\system\CodeIgniter.php(509): CodeIgniter\CodeIgniter->runController(Object(App\Controllers\Produit))
#11 Z:\CodeIgniter\newmarketplace\system\CodeIgniter.php(355): CodeIgniter\CodeIgniter->handleRequest(NULL, Object(Config\Cache), false)
#12 Z:\CodeIgniter\newmarketplace\system\Boot.php(312): CodeIgniter\CodeIgniter->run()
#13 Z:\CodeIgniter\newmarketplace\system\Boot.php(67): CodeIgniter\Boot::runCodeIgniter(Object(CodeIgniter\CodeIgniter))
#14 Z:\CodeIgniter\newmarketplace\public\index.php(65): CodeIgniter\Boot::bootWeb(Object(Config\Paths))
#15 Z:\CodeIgniter\newmarketplace\system\Commands\Server\rewrite.php(49): require_once('Z:\\CodeIgniter\\...')
#16 {main}
CRITICAL - 2024-09-05 06:00:25 --> CodeIgniter\Database\Exceptions\DatabaseException: Column 'image01' cannot be null
[Method: POST, Route: addproduct]
in SYSTEMPATH\Database\BaseConnection.php on line 676.
 1 SYSTEMPATH\Database\BaseBuilder.php(2325): CodeIgniter\Database\BaseConnection->query('INSERT INTO `produits` (`storeid`, `userid`, `nomproduit`, `rayon`, `categorie`, `souscategorie`, `reference`, `marque`, `prix`, `courtdescript`, `longdescript`, `image01`) VALUES (:storeid:, :userid:, :nomproduit:, :rayon:, :categorie:, :souscategorie:, :reference:, :marque:, :prix:, :courtdescript:, :longdescript:, :image01:)', [...], false)
 2 SYSTEMPATH\Model.php(383): CodeIgniter\Database\BaseBuilder->insert()
 3 SYSTEMPATH\BaseModel.php(840): CodeIgniter\Model->doInsert([...])
 4 SYSTEMPATH\Model.php(791): CodeIgniter\BaseModel->insert([...], true)
 5 APPPATH\Models\ProduitModel.php(26): CodeIgniter\Model->insert([...])
 6 APPPATH\Controllers\Produit.php(44): App\Models\ProduitModel->addProduct([...])
 7 SYSTEMPATH\CodeIgniter.php(933): App\Controllers\Produit->addproduct()
 8 SYSTEMPATH\CodeIgniter.php(509): CodeIgniter\CodeIgniter->runController(Object(App\Controllers\Produit))
 9 SYSTEMPATH\CodeIgniter.php(355): CodeIgniter\CodeIgniter->handleRequest(null, Object(Config\Cache), false)
10 SYSTEMPATH\Boot.php(312): CodeIgniter\CodeIgniter->run()
11 SYSTEMPATH\Boot.php(67): CodeIgniter\Boot::runCodeIgniter(Object(CodeIgniter\CodeIgniter))
12 FCPATH\index.php(65): CodeIgniter\Boot::bootWeb(Object(Config\Paths))
13 SYSTEMPATH\Commands\Server\rewrite.php(49): require_once('Z:\\CodeIgniter\\newmarketplace\\public\\index.php')
CRITICAL - 2024-09-05 06:00:25 --> [Caused by] CodeIgniter\Database\Exceptions\DatabaseException: Column 'image01' cannot be null
in SYSTEMPATH\Database\MySQLi\Connection.php on line 313.
 1 SYSTEMPATH\Database\BaseConnection.php(722): CodeIgniter\Database\MySQLi\Connection->execute('INSERT INTO `produits` (`storeid`, `userid`, `nomproduit`, `rayon`, `categorie`, `souscategorie`, `reference`, `marque`, `prix`, `courtdescript`, `longdescript`, `image01`) VALUES (\'1\', \'1\', \'Noref\', \'\', \'\', \'\', \'0\', \'\', \'\', \'{\\"blocks\\":[{\\"key\\":\\"1i3m9\\",\\"text\\":\\"\\",\\"type\\":\\"unstyled\\",\\"depth\\":0,\\"inlineStyleRanges\\":[],\\"entityRanges\\":[],\\"data\\":{}}],\\"entityMap\\":{}}\', \'{\\"blocks\\":[{\\"key\\":\\"cus2m\\",\\"text\\":\\"\\",\\"type\\":\\"unstyled\\",\\"depth\\":0,\\"inlineStyleRanges\\":[],\\"entityRanges\\":[],\\"data\\":{}}],\\"entityMap\\":{}}\', NULL)')
 2 SYSTEMPATH\Database\BaseConnection.php(636): CodeIgniter\Database\BaseConnection->simpleQuery('INSERT INTO `produits` (`storeid`, `userid`, `nomproduit`, `rayon`, `categorie`, `souscategorie`, `reference`, `marque`, `prix`, `courtdescript`, `longdescript`, `image01`) VALUES (\'1\', \'1\', \'Noref\', \'\', \'\', \'\', \'0\', \'\', \'\', \'{\\"blocks\\":[{\\"key\\":\\"1i3m9\\",\\"text\\":\\"\\",\\"type\\":\\"unstyled\\",\\"depth\\":0,\\"inlineStyleRanges\\":[],\\"entityRanges\\":[],\\"data\\":{}}],\\"entityMap\\":{}}\', \'{\\"blocks\\":[{\\"key\\":\\"cus2m\\",\\"text\\":\\"\\",\\"type\\":\\"unstyled\\",\\"depth\\":0,\\"inlineStyleRanges\\":[],\\"entityRanges\\":[],\\"data\\":{}}],\\"entityMap\\":{}}\', NULL)')
 3 SYSTEMPATH\Database\BaseBuilder.php(2325): CodeIgniter\Database\BaseConnection->query('INSERT INTO `produits` (`storeid`, `userid`, `nomproduit`, `rayon`, `categorie`, `souscategorie`, `reference`, `marque`, `prix`, `courtdescript`, `longdescript`, `image01`) VALUES (:storeid:, :userid:, :nomproduit:, :rayon:, :categorie:, :souscategorie:, :reference:, :marque:, :prix:, :courtdescript:, :longdescript:, :image01:)', [...], false)
 4 SYSTEMPATH\Model.php(383): CodeIgniter\Database\BaseBuilder->insert()
 5 SYSTEMPATH\BaseModel.php(840): CodeIgniter\Model->doInsert([...])
 6 SYSTEMPATH\Model.php(791): CodeIgniter\BaseModel->insert([...], true)
 7 APPPATH\Models\ProduitModel.php(26): CodeIgniter\Model->insert([...])
 8 APPPATH\Controllers\Produit.php(44): App\Models\ProduitModel->addProduct([...])
 9 SYSTEMPATH\CodeIgniter.php(933): App\Controllers\Produit->addproduct()
10 SYSTEMPATH\CodeIgniter.php(509): CodeIgniter\CodeIgniter->runController(Object(App\Controllers\Produit))
11 SYSTEMPATH\CodeIgniter.php(355): CodeIgniter\CodeIgniter->handleRequest(null, Object(Config\Cache), false)
12 SYSTEMPATH\Boot.php(312): CodeIgniter\CodeIgniter->run()
13 SYSTEMPATH\Boot.php(67): CodeIgniter\Boot::runCodeIgniter(Object(CodeIgniter\CodeIgniter))
14 FCPATH\index.php(65): CodeIgniter\Boot::bootWeb(Object(Config\Paths))
15 SYSTEMPATH\Commands\Server\rewrite.php(49): require_once('Z:\\CodeIgniter\\newmarketplace\\public\\index.php')
CRITICAL - 2024-09-05 06:00:25 --> [Caused by] mysqli_sql_exception: Column 'image01' cannot be null
in SYSTEMPATH\Database\MySQLi\Connection.php on line 308.
 1 SYSTEMPATH\Database\MySQLi\Connection.php(308): mysqli->query('INSERT INTO `produits` (`storeid`, `userid`, `nomproduit`, `rayon`, `categorie`, `souscategorie`, `reference`, `marque`, `prix`, `courtdescript`, `longdescript`, `image01`) VALUES (\'1\', \'1\', \'Noref\', \'\', \'\', \'\', \'0\', \'\', \'\', \'{\\"blocks\\":[{\\"key\\":\\"1i3m9\\",\\"text\\":\\"\\",\\"type\\":\\"unstyled\\",\\"depth\\":0,\\"inlineStyleRanges\\":[],\\"entityRanges\\":[],\\"data\\":{}}],\\"entityMap\\":{}}\', \'{\\"blocks\\":[{\\"key\\":\\"cus2m\\",\\"text\\":\\"\\",\\"type\\":\\"unstyled\\",\\"depth\\":0,\\"inlineStyleRanges\\":[],\\"entityRanges\\":[],\\"data\\":{}}],\\"entityMap\\":{}}\', NULL)', 0)
 2 SYSTEMPATH\Database\BaseConnection.php(722): CodeIgniter\Database\MySQLi\Connection->execute('INSERT INTO `produits` (`storeid`, `userid`, `nomproduit`, `rayon`, `categorie`, `souscategorie`, `reference`, `marque`, `prix`, `courtdescript`, `longdescript`, `image01`) VALUES (\'1\', \'1\', \'Noref\', \'\', \'\', \'\', \'0\', \'\', \'\', \'{\\"blocks\\":[{\\"key\\":\\"1i3m9\\",\\"text\\":\\"\\",\\"type\\":\\"unstyled\\",\\"depth\\":0,\\"inlineStyleRanges\\":[],\\"entityRanges\\":[],\\"data\\":{}}],\\"entityMap\\":{}}\', \'{\\"blocks\\":[{\\"key\\":\\"cus2m\\",\\"text\\":\\"\\",\\"type\\":\\"unstyled\\",\\"depth\\":0,\\"inlineStyleRanges\\":[],\\"entityRanges\\":[],\\"data\\":{}}],\\"entityMap\\":{}}\', NULL)')
 3 SYSTEMPATH\Database\BaseConnection.php(636): CodeIgniter\Database\BaseConnection->simpleQuery('INSERT INTO `produits` (`storeid`, `userid`, `nomproduit`, `rayon`, `categorie`, `souscategorie`, `reference`, `marque`, `prix`, `courtdescript`, `longdescript`, `image01`) VALUES (\'1\', \'1\', \'Noref\', \'\', \'\', \'\', \'0\', \'\', \'\', \'{\\"blocks\\":[{\\"key\\":\\"1i3m9\\",\\"text\\":\\"\\",\\"type\\":\\"unstyled\\",\\"depth\\":0,\\"inlineStyleRanges\\":[],\\"entityRanges\\":[],\\"data\\":{}}],\\"entityMap\\":{}}\', \'{\\"blocks\\":[{\\"key\\":\\"cus2m\\",\\"text\\":\\"\\",\\"type\\":\\"unstyled\\",\\"depth\\":0,\\"inlineStyleRanges\\":[],\\"entityRanges\\":[],\\"data\\":{}}],\\"entityMap\\":{}}\', NULL)')
 4 SYSTEMPATH\Database\BaseBuilder.php(2325): CodeIgniter\Database\BaseConnection->query('INSERT INTO `produits` (`storeid`, `userid`, `nomproduit`, `rayon`, `categorie`, `souscategorie`, `reference`, `marque`, `prix`, `courtdescript`, `longdescript`, `image01`) VALUES (:storeid:, :userid:, :nomproduit:, :rayon:, :categorie:, :souscategorie:, :reference:, :marque:, :prix:, :courtdescript:, :longdescript:, :image01:)', [...], false)
 5 SYSTEMPATH\Model.php(383): CodeIgniter\Database\BaseBuilder->insert()
 6 SYSTEMPATH\BaseModel.php(840): CodeIgniter\Model->doInsert([...])
 7 SYSTEMPATH\Model.php(791): CodeIgniter\BaseModel->insert([...], true)
 8 APPPATH\Models\ProduitModel.php(26): CodeIgniter\Model->insert([...])
 9 APPPATH\Controllers\Produit.php(44): App\Models\ProduitModel->addProduct([...])
10 SYSTEMPATH\CodeIgniter.php(933): App\Controllers\Produit->addproduct()
11 SYSTEMPATH\CodeIgniter.php(509): CodeIgniter\CodeIgniter->runController(Object(App\Controllers\Produit))
12 SYSTEMPATH\CodeIgniter.php(355): CodeIgniter\CodeIgniter->handleRequest(null, Object(Config\Cache), false)
13 SYSTEMPATH\Boot.php(312): CodeIgniter\CodeIgniter->run()
14 SYSTEMPATH\Boot.php(67): CodeIgniter\Boot::runCodeIgniter(Object(CodeIgniter\CodeIgniter))
15 FCPATH\index.php(65): CodeIgniter\Boot::bootWeb(Object(Config\Paths))
16 SYSTEMPATH\Commands\Server\rewrite.php(49): require_once('Z:\\CodeIgniter\\newmarketplace\\public\\index.php')
ERROR - 2024-09-05 06:00:25 --> mysqli_sql_exception: Column 'image01' cannot be null in Z:\CodeIgniter\newmarketplace\system\Database\MySQLi\Connection.php:308
Stack trace:
#0 Z:\CodeIgniter\newmarketplace\system\Database\MySQLi\Connection.php(308): mysqli->query('INSERT INTO `pr...', 0)
#1 Z:\CodeIgniter\newmarketplace\system\Database\BaseConnection.php(722): CodeIgniter\Database\MySQLi\Connection->execute('INSERT INTO `pr...')
#2 Z:\CodeIgniter\newmarketplace\system\Database\BaseConnection.php(636): CodeIgniter\Database\BaseConnection->simpleQuery('INSERT INTO `pr...')
#3 Z:\CodeIgniter\newmarketplace\system\Database\BaseBuilder.php(2325): CodeIgniter\Database\BaseConnection->query('INSERT INTO `pr...', Array, false)
#4 Z:\CodeIgniter\newmarketplace\system\Model.php(383): CodeIgniter\Database\BaseBuilder->insert()
#5 Z:\CodeIgniter\newmarketplace\system\BaseModel.php(840): CodeIgniter\Model->doInsert(Array)
#6 Z:\CodeIgniter\newmarketplace\system\Model.php(791): CodeIgniter\BaseModel->insert(Array, true)
#7 Z:\CodeIgniter\newmarketplace\app\Models\ProduitModel.php(26): CodeIgniter\Model->insert(Array)
#8 Z:\CodeIgniter\newmarketplace\app\Controllers\Produit.php(44): App\Models\ProduitModel->addProduct(Array)
#9 Z:\CodeIgniter\newmarketplace\system\CodeIgniter.php(933): App\Controllers\Produit->addproduct()
#10 Z:\CodeIgniter\newmarketplace\system\CodeIgniter.php(509): CodeIgniter\CodeIgniter->runController(Object(App\Controllers\Produit))
#11 Z:\CodeIgniter\newmarketplace\system\CodeIgniter.php(355): CodeIgniter\CodeIgniter->handleRequest(NULL, Object(Config\Cache), false)
#12 Z:\CodeIgniter\newmarketplace\system\Boot.php(312): CodeIgniter\CodeIgniter->run()
#13 Z:\CodeIgniter\newmarketplace\system\Boot.php(67): CodeIgniter\Boot::runCodeIgniter(Object(CodeIgniter\CodeIgniter))
#14 Z:\CodeIgniter\newmarketplace\public\index.php(65): CodeIgniter\Boot::bootWeb(Object(Config\Paths))
#15 Z:\CodeIgniter\newmarketplace\system\Commands\Server\rewrite.php(49): require_once('Z:\\CodeIgniter\\...')
#16 {main}
CRITICAL - 2024-09-05 06:00:25 --> CodeIgniter\Database\Exceptions\DatabaseException: Column 'image01' cannot be null
[Method: POST, Route: addproduct]
in SYSTEMPATH\Database\BaseConnection.php on line 676.
 1 SYSTEMPATH\Database\BaseBuilder.php(2325): CodeIgniter\Database\BaseConnection->query('INSERT INTO `produits` (`storeid`, `userid`, `nomproduit`, `rayon`, `categorie`, `souscategorie`, `reference`, `marque`, `prix`, `courtdescript`, `longdescript`, `image01`) VALUES (:storeid:, :userid:, :nomproduit:, :rayon:, :categorie:, :souscategorie:, :reference:, :marque:, :prix:, :courtdescript:, :longdescript:, :image01:)', [...], false)
 2 SYSTEMPATH\Model.php(383): CodeIgniter\Database\BaseBuilder->insert()
 3 SYSTEMPATH\BaseModel.php(840): CodeIgniter\Model->doInsert([...])
 4 SYSTEMPATH\Model.php(791): CodeIgniter\BaseModel->insert([...], true)
 5 APPPATH\Models\ProduitModel.php(26): CodeIgniter\Model->insert([...])
 6 APPPATH\Controllers\Produit.php(44): App\Models\ProduitModel->addProduct([...])
 7 SYSTEMPATH\CodeIgniter.php(933): App\Controllers\Produit->addproduct()
 8 SYSTEMPATH\CodeIgniter.php(509): CodeIgniter\CodeIgniter->runController(Object(App\Controllers\Produit))
 9 SYSTEMPATH\CodeIgniter.php(355): CodeIgniter\CodeIgniter->handleRequest(null, Object(Config\Cache), false)
10 SYSTEMPATH\Boot.php(312): CodeIgniter\CodeIgniter->run()
11 SYSTEMPATH\Boot.php(67): CodeIgniter\Boot::runCodeIgniter(Object(CodeIgniter\CodeIgniter))
12 FCPATH\index.php(65): CodeIgniter\Boot::bootWeb(Object(Config\Paths))
13 SYSTEMPATH\Commands\Server\rewrite.php(49): require_once('Z:\\CodeIgniter\\newmarketplace\\public\\index.php')
CRITICAL - 2024-09-05 06:00:25 --> [Caused by] CodeIgniter\Database\Exceptions\DatabaseException: Column 'image01' cannot be null
in SYSTEMPATH\Database\MySQLi\Connection.php on line 313.
 1 SYSTEMPATH\Database\BaseConnection.php(722): CodeIgniter\Database\MySQLi\Connection->execute('INSERT INTO `produits` (`storeid`, `userid`, `nomproduit`, `rayon`, `categorie`, `souscategorie`, `reference`, `marque`, `prix`, `courtdescript`, `longdescript`, `image01`) VALUES (\'1\', \'1\', \'Noref\', \'\', \'\', \'\', \'0\', \'\', \'\', \'{\\"blocks\\":[{\\"key\\":\\"1i3m9\\",\\"text\\":\\"\\",\\"type\\":\\"unstyled\\",\\"depth\\":0,\\"inlineStyleRanges\\":[],\\"entityRanges\\":[],\\"data\\":{}}],\\"entityMap\\":{}}\', \'{\\"blocks\\":[{\\"key\\":\\"cus2m\\",\\"text\\":\\"\\",\\"type\\":\\"unstyled\\",\\"depth\\":0,\\"inlineStyleRanges\\":[],\\"entityRanges\\":[],\\"data\\":{}}],\\"entityMap\\":{}}\', NULL)')
 2 SYSTEMPATH\Database\BaseConnection.php(636): CodeIgniter\Database\BaseConnection->simpleQuery('INSERT INTO `produits` (`storeid`, `userid`, `nomproduit`, `rayon`, `categorie`, `souscategorie`, `reference`, `marque`, `prix`, `courtdescript`, `longdescript`, `image01`) VALUES (\'1\', \'1\', \'Noref\', \'\', \'\', \'\', \'0\', \'\', \'\', \'{\\"blocks\\":[{\\"key\\":\\"1i3m9\\",\\"text\\":\\"\\",\\"type\\":\\"unstyled\\",\\"depth\\":0,\\"inlineStyleRanges\\":[],\\"entityRanges\\":[],\\"data\\":{}}],\\"entityMap\\":{}}\', \'{\\"blocks\\":[{\\"key\\":\\"cus2m\\",\\"text\\":\\"\\",\\"type\\":\\"unstyled\\",\\"depth\\":0,\\"inlineStyleRanges\\":[],\\"entityRanges\\":[],\\"data\\":{}}],\\"entityMap\\":{}}\', NULL)')
 3 SYSTEMPATH\Database\BaseBuilder.php(2325): CodeIgniter\Database\BaseConnection->query('INSERT INTO `produits` (`storeid`, `userid`, `nomproduit`, `rayon`, `categorie`, `souscategorie`, `reference`, `marque`, `prix`, `courtdescript`, `longdescript`, `image01`) VALUES (:storeid:, :userid:, :nomproduit:, :rayon:, :categorie:, :souscategorie:, :reference:, :marque:, :prix:, :courtdescript:, :longdescript:, :image01:)', [...], false)
 4 SYSTEMPATH\Model.php(383): CodeIgniter\Database\BaseBuilder->insert()
 5 SYSTEMPATH\BaseModel.php(840): CodeIgniter\Model->doInsert([...])
 6 SYSTEMPATH\Model.php(791): CodeIgniter\BaseModel->insert([...], true)
 7 APPPATH\Models\ProduitModel.php(26): CodeIgniter\Model->insert([...])
 8 APPPATH\Controllers\Produit.php(44): App\Models\ProduitModel->addProduct([...])
 9 SYSTEMPATH\CodeIgniter.php(933): App\Controllers\Produit->addproduct()
10 SYSTEMPATH\CodeIgniter.php(509): CodeIgniter\CodeIgniter->runController(Object(App\Controllers\Produit))
11 SYSTEMPATH\CodeIgniter.php(355): CodeIgniter\CodeIgniter->handleRequest(null, Object(Config\Cache), false)
12 SYSTEMPATH\Boot.php(312): CodeIgniter\CodeIgniter->run()
13 SYSTEMPATH\Boot.php(67): CodeIgniter\Boot::runCodeIgniter(Object(CodeIgniter\CodeIgniter))
14 FCPATH\index.php(65): CodeIgniter\Boot::bootWeb(Object(Config\Paths))
15 SYSTEMPATH\Commands\Server\rewrite.php(49): require_once('Z:\\CodeIgniter\\newmarketplace\\public\\index.php')
CRITICAL - 2024-09-05 06:00:25 --> [Caused by] mysqli_sql_exception: Column 'image01' cannot be null
in SYSTEMPATH\Database\MySQLi\Connection.php on line 308.
 1 SYSTEMPATH\Database\MySQLi\Connection.php(308): mysqli->query('INSERT INTO `produits` (`storeid`, `userid`, `nomproduit`, `rayon`, `categorie`, `souscategorie`, `reference`, `marque`, `prix`, `courtdescript`, `longdescript`, `image01`) VALUES (\'1\', \'1\', \'Noref\', \'\', \'\', \'\', \'0\', \'\', \'\', \'{\\"blocks\\":[{\\"key\\":\\"1i3m9\\",\\"text\\":\\"\\",\\"type\\":\\"unstyled\\",\\"depth\\":0,\\"inlineStyleRanges\\":[],\\"entityRanges\\":[],\\"data\\":{}}],\\"entityMap\\":{}}\', \'{\\"blocks\\":[{\\"key\\":\\"cus2m\\",\\"text\\":\\"\\",\\"type\\":\\"unstyled\\",\\"depth\\":0,\\"inlineStyleRanges\\":[],\\"entityRanges\\":[],\\"data\\":{}}],\\"entityMap\\":{}}\', NULL)', 0)
 2 SYSTEMPATH\Database\BaseConnection.php(722): CodeIgniter\Database\MySQLi\Connection->execute('INSERT INTO `produits` (`storeid`, `userid`, `nomproduit`, `rayon`, `categorie`, `souscategorie`, `reference`, `marque`, `prix`, `courtdescript`, `longdescript`, `image01`) VALUES (\'1\', \'1\', \'Noref\', \'\', \'\', \'\', \'0\', \'\', \'\', \'{\\"blocks\\":[{\\"key\\":\\"1i3m9\\",\\"text\\":\\"\\",\\"type\\":\\"unstyled\\",\\"depth\\":0,\\"inlineStyleRanges\\":[],\\"entityRanges\\":[],\\"data\\":{}}],\\"entityMap\\":{}}\', \'{\\"blocks\\":[{\\"key\\":\\"cus2m\\",\\"text\\":\\"\\",\\"type\\":\\"unstyled\\",\\"depth\\":0,\\"inlineStyleRanges\\":[],\\"entityRanges\\":[],\\"data\\":{}}],\\"entityMap\\":{}}\', NULL)')
 3 SYSTEMPATH\Database\BaseConnection.php(636): CodeIgniter\Database\BaseConnection->simpleQuery('INSERT INTO `produits` (`storeid`, `userid`, `nomproduit`, `rayon`, `categorie`, `souscategorie`, `reference`, `marque`, `prix`, `courtdescript`, `longdescript`, `image01`) VALUES (\'1\', \'1\', \'Noref\', \'\', \'\', \'\', \'0\', \'\', \'\', \'{\\"blocks\\":[{\\"key\\":\\"1i3m9\\",\\"text\\":\\"\\",\\"type\\":\\"unstyled\\",\\"depth\\":0,\\"inlineStyleRanges\\":[],\\"entityRanges\\":[],\\"data\\":{}}],\\"entityMap\\":{}}\', \'{\\"blocks\\":[{\\"key\\":\\"cus2m\\",\\"text\\":\\"\\",\\"type\\":\\"unstyled\\",\\"depth\\":0,\\"inlineStyleRanges\\":[],\\"entityRanges\\":[],\\"data\\":{}}],\\"entityMap\\":{}}\', NULL)')
 4 SYSTEMPATH\Database\BaseBuilder.php(2325): CodeIgniter\Database\BaseConnection->query('INSERT INTO `produits` (`storeid`, `userid`, `nomproduit`, `rayon`, `categorie`, `souscategorie`, `reference`, `marque`, `prix`, `courtdescript`, `longdescript`, `image01`) VALUES (:storeid:, :userid:, :nomproduit:, :rayon:, :categorie:, :souscategorie:, :reference:, :marque:, :prix:, :courtdescript:, :longdescript:, :image01:)', [...], false)
 5 SYSTEMPATH\Model.php(383): CodeIgniter\Database\BaseBuilder->insert()
 6 SYSTEMPATH\BaseModel.php(840): CodeIgniter\Model->doInsert([...])
 7 SYSTEMPATH\Model.php(791): CodeIgniter\BaseModel->insert([...], true)
 8 APPPATH\Models\ProduitModel.php(26): CodeIgniter\Model->insert([...])
 9 APPPATH\Controllers\Produit.php(44): App\Models\ProduitModel->addProduct([...])
10 SYSTEMPATH\CodeIgniter.php(933): App\Controllers\Produit->addproduct()
11 SYSTEMPATH\CodeIgniter.php(509): CodeIgniter\CodeIgniter->runController(Object(App\Controllers\Produit))
12 SYSTEMPATH\CodeIgniter.php(355): CodeIgniter\CodeIgniter->handleRequest(null, Object(Config\Cache), false)
13 SYSTEMPATH\Boot.php(312): CodeIgniter\CodeIgniter->run()
14 SYSTEMPATH\Boot.php(67): CodeIgniter\Boot::runCodeIgniter(Object(CodeIgniter\CodeIgniter))
15 FCPATH\index.php(65): CodeIgniter\Boot::bootWeb(Object(Config\Paths))
16 SYSTEMPATH\Commands\Server\rewrite.php(49): require_once('Z:\\CodeIgniter\\newmarketplace\\public\\index.php')
ERROR - 2024-09-05 06:15:09 --> mysqli_sql_exception: Column 'image01' cannot be null in Z:\CodeIgniter\newmarketplace\system\Database\MySQLi\Connection.php:308
Stack trace:
#0 Z:\CodeIgniter\newmarketplace\system\Database\MySQLi\Connection.php(308): mysqli->query('INSERT INTO `pr...', 0)
#1 Z:\CodeIgniter\newmarketplace\system\Database\BaseConnection.php(722): CodeIgniter\Database\MySQLi\Connection->execute('INSERT INTO `pr...')
#2 Z:\CodeIgniter\newmarketplace\system\Database\BaseConnection.php(636): CodeIgniter\Database\BaseConnection->simpleQuery('INSERT INTO `pr...')
#3 Z:\CodeIgniter\newmarketplace\system\Database\BaseBuilder.php(2325): CodeIgniter\Database\BaseConnection->query('INSERT INTO `pr...', Array, false)
#4 Z:\CodeIgniter\newmarketplace\system\Model.php(383): CodeIgniter\Database\BaseBuilder->insert()
#5 Z:\CodeIgniter\newmarketplace\system\BaseModel.php(840): CodeIgniter\Model->doInsert(Array)
#6 Z:\CodeIgniter\newmarketplace\system\Model.php(791): CodeIgniter\BaseModel->insert(Array, true)
#7 Z:\CodeIgniter\newmarketplace\app\Models\ProduitModel.php(26): CodeIgniter\Model->insert(Array)
#8 Z:\CodeIgniter\newmarketplace\app\Controllers\Produit.php(44): App\Models\ProduitModel->addProduct(Array)
#9 Z:\CodeIgniter\newmarketplace\system\CodeIgniter.php(933): App\Controllers\Produit->addproduct()
#10 Z:\CodeIgniter\newmarketplace\system\CodeIgniter.php(509): CodeIgniter\CodeIgniter->runController(Object(App\Controllers\Produit))
#11 Z:\CodeIgniter\newmarketplace\system\CodeIgniter.php(355): CodeIgniter\CodeIgniter->handleRequest(NULL, Object(Config\Cache), false)
#12 Z:\CodeIgniter\newmarketplace\system\Boot.php(312): CodeIgniter\CodeIgniter->run()
#13 Z:\CodeIgniter\newmarketplace\system\Boot.php(67): CodeIgniter\Boot::runCodeIgniter(Object(CodeIgniter\CodeIgniter))
#14 Z:\CodeIgniter\newmarketplace\public\index.php(65): CodeIgniter\Boot::bootWeb(Object(Config\Paths))
#15 Z:\CodeIgniter\newmarketplace\system\Commands\Server\rewrite.php(49): require_once('Z:\\CodeIgniter\\...')
#16 {main}
CRITICAL - 2024-09-05 06:15:09 --> CodeIgniter\Database\Exceptions\DatabaseException: Column 'image01' cannot be null
[Method: POST, Route: addproduct]
in SYSTEMPATH\Database\BaseConnection.php on line 676.
 1 SYSTEMPATH\Database\BaseBuilder.php(2325): CodeIgniter\Database\BaseConnection->query('INSERT INTO `produits` (`storeid`, `userid`, `nomproduit`, `rayon`, `categorie`, `souscategorie`, `reference`, `marque`, `prix`, `courtdescript`, `longdescript`, `image01`) VALUES (:storeid:, :userid:, :nomproduit:, :rayon:, :categorie:, :souscategorie:, :reference:, :marque:, :prix:, :courtdescript:, :longdescript:, :image01:)', [...], false)
 2 SYSTEMPATH\Model.php(383): CodeIgniter\Database\BaseBuilder->insert()
 3 SYSTEMPATH\BaseModel.php(840): CodeIgniter\Model->doInsert([...])
 4 SYSTEMPATH\Model.php(791): CodeIgniter\BaseModel->insert([...], true)
 5 APPPATH\Models\ProduitModel.php(26): CodeIgniter\Model->insert([...])
 6 APPPATH\Controllers\Produit.php(44): App\Models\ProduitModel->addProduct([...])
 7 SYSTEMPATH\CodeIgniter.php(933): App\Controllers\Produit->addproduct()
 8 SYSTEMPATH\CodeIgniter.php(509): CodeIgniter\CodeIgniter->runController(Object(App\Controllers\Produit))
 9 SYSTEMPATH\CodeIgniter.php(355): CodeIgniter\CodeIgniter->handleRequest(null, Object(Config\Cache), false)
10 SYSTEMPATH\Boot.php(312): CodeIgniter\CodeIgniter->run()
11 SYSTEMPATH\Boot.php(67): CodeIgniter\Boot::runCodeIgniter(Object(CodeIgniter\CodeIgniter))
12 FCPATH\index.php(65): CodeIgniter\Boot::bootWeb(Object(Config\Paths))
13 SYSTEMPATH\Commands\Server\rewrite.php(49): require_once('Z:\\CodeIgniter\\newmarketplace\\public\\index.php')
CRITICAL - 2024-09-05 06:15:09 --> [Caused by] CodeIgniter\Database\Exceptions\DatabaseException: Column 'image01' cannot be null
in SYSTEMPATH\Database\MySQLi\Connection.php on line 313.
 1 SYSTEMPATH\Database\BaseConnection.php(722): CodeIgniter\Database\MySQLi\Connection->execute('INSERT INTO `produits` (`storeid`, `userid`, `nomproduit`, `rayon`, `categorie`, `souscategorie`, `reference`, `marque`, `prix`, `courtdescript`, `longdescript`, `image01`) VALUES (\'1\', \'1\', \'Chemise\', \'\', \'\', \'\', \'0\', \'\', \'\', \'{\\"blocks\\":[{\\"key\\":\\"1bdme\\",\\"text\\":\\"\\",\\"type\\":\\"unstyled\\",\\"depth\\":0,\\"inlineStyleRanges\\":[],\\"entityRanges\\":[],\\"data\\":{}}],\\"entityMap\\":{}}\', \'{\\"blocks\\":[{\\"key\\":\\"4k0k\\",\\"text\\":\\"\\",\\"type\\":\\"unstyled\\",\\"depth\\":0,\\"inlineStyleRanges\\":[],\\"entityRanges\\":[],\\"data\\":{}}],\\"entityMap\\":{}}\', NULL)')
 2 SYSTEMPATH\Database\BaseConnection.php(636): CodeIgniter\Database\BaseConnection->simpleQuery('INSERT INTO `produits` (`storeid`, `userid`, `nomproduit`, `rayon`, `categorie`, `souscategorie`, `reference`, `marque`, `prix`, `courtdescript`, `longdescript`, `image01`) VALUES (\'1\', \'1\', \'Chemise\', \'\', \'\', \'\', \'0\', \'\', \'\', \'{\\"blocks\\":[{\\"key\\":\\"1bdme\\",\\"text\\":\\"\\",\\"type\\":\\"unstyled\\",\\"depth\\":0,\\"inlineStyleRanges\\":[],\\"entityRanges\\":[],\\"data\\":{}}],\\"entityMap\\":{}}\', \'{\\"blocks\\":[{\\"key\\":\\"4k0k\\",\\"text\\":\\"\\",\\"type\\":\\"unstyled\\",\\"depth\\":0,\\"inlineStyleRanges\\":[],\\"entityRanges\\":[],\\"data\\":{}}],\\"entityMap\\":{}}\', NULL)')
 3 SYSTEMPATH\Database\BaseBuilder.php(2325): CodeIgniter\Database\BaseConnection->query('INSERT INTO `produits` (`storeid`, `userid`, `nomproduit`, `rayon`, `categorie`, `souscategorie`, `reference`, `marque`, `prix`, `courtdescript`, `longdescript`, `image01`) VALUES (:storeid:, :userid:, :nomproduit:, :rayon:, :categorie:, :souscategorie:, :reference:, :marque:, :prix:, :courtdescript:, :longdescript:, :image01:)', [...], false)
 4 SYSTEMPATH\Model.php(383): CodeIgniter\Database\BaseBuilder->insert()
 5 SYSTEMPATH\BaseModel.php(840): CodeIgniter\Model->doInsert([...])
 6 SYSTEMPATH\Model.php(791): CodeIgniter\BaseModel->insert([...], true)
 7 APPPATH\Models\ProduitModel.php(26): CodeIgniter\Model->insert([...])
 8 APPPATH\Controllers\Produit.php(44): App\Models\ProduitModel->addProduct([...])
 9 SYSTEMPATH\CodeIgniter.php(933): App\Controllers\Produit->addproduct()
10 SYSTEMPATH\CodeIgniter.php(509): CodeIgniter\CodeIgniter->runController(Object(App\Controllers\Produit))
11 SYSTEMPATH\CodeIgniter.php(355): CodeIgniter\CodeIgniter->handleRequest(null, Object(Config\Cache), false)
12 SYSTEMPATH\Boot.php(312): CodeIgniter\CodeIgniter->run()
13 SYSTEMPATH\Boot.php(67): CodeIgniter\Boot::runCodeIgniter(Object(CodeIgniter\CodeIgniter))
14 FCPATH\index.php(65): CodeIgniter\Boot::bootWeb(Object(Config\Paths))
15 SYSTEMPATH\Commands\Server\rewrite.php(49): require_once('Z:\\CodeIgniter\\newmarketplace\\public\\index.php')
CRITICAL - 2024-09-05 06:15:09 --> [Caused by] mysqli_sql_exception: Column 'image01' cannot be null
in SYSTEMPATH\Database\MySQLi\Connection.php on line 308.
 1 SYSTEMPATH\Database\MySQLi\Connection.php(308): mysqli->query('INSERT INTO `produits` (`storeid`, `userid`, `nomproduit`, `rayon`, `categorie`, `souscategorie`, `reference`, `marque`, `prix`, `courtdescript`, `longdescript`, `image01`) VALUES (\'1\', \'1\', \'Chemise\', \'\', \'\', \'\', \'0\', \'\', \'\', \'{\\"blocks\\":[{\\"key\\":\\"1bdme\\",\\"text\\":\\"\\",\\"type\\":\\"unstyled\\",\\"depth\\":0,\\"inlineStyleRanges\\":[],\\"entityRanges\\":[],\\"data\\":{}}],\\"entityMap\\":{}}\', \'{\\"blocks\\":[{\\"key\\":\\"4k0k\\",\\"text\\":\\"\\",\\"type\\":\\"unstyled\\",\\"depth\\":0,\\"inlineStyleRanges\\":[],\\"entityRanges\\":[],\\"data\\":{}}],\\"entityMap\\":{}}\', NULL)', 0)
 2 SYSTEMPATH\Database\BaseConnection.php(722): CodeIgniter\Database\MySQLi\Connection->execute('INSERT INTO `produits` (`storeid`, `userid`, `nomproduit`, `rayon`, `categorie`, `souscategorie`, `reference`, `marque`, `prix`, `courtdescript`, `longdescript`, `image01`) VALUES (\'1\', \'1\', \'Chemise\', \'\', \'\', \'\', \'0\', \'\', \'\', \'{\\"blocks\\":[{\\"key\\":\\"1bdme\\",\\"text\\":\\"\\",\\"type\\":\\"unstyled\\",\\"depth\\":0,\\"inlineStyleRanges\\":[],\\"entityRanges\\":[],\\"data\\":{}}],\\"entityMap\\":{}}\', \'{\\"blocks\\":[{\\"key\\":\\"4k0k\\",\\"text\\":\\"\\",\\"type\\":\\"unstyled\\",\\"depth\\":0,\\"inlineStyleRanges\\":[],\\"entityRanges\\":[],\\"data\\":{}}],\\"entityMap\\":{}}\', NULL)')
 3 SYSTEMPATH\Database\BaseConnection.php(636): CodeIgniter\Database\BaseConnection->simpleQuery('INSERT INTO `produits` (`storeid`, `userid`, `nomproduit`, `rayon`, `categorie`, `souscategorie`, `reference`, `marque`, `prix`, `courtdescript`, `longdescript`, `image01`) VALUES (\'1\', \'1\', \'Chemise\', \'\', \'\', \'\', \'0\', \'\', \'\', \'{\\"blocks\\":[{\\"key\\":\\"1bdme\\",\\"text\\":\\"\\",\\"type\\":\\"unstyled\\",\\"depth\\":0,\\"inlineStyleRanges\\":[],\\"entityRanges\\":[],\\"data\\":{}}],\\"entityMap\\":{}}\', \'{\\"blocks\\":[{\\"key\\":\\"4k0k\\",\\"text\\":\\"\\",\\"type\\":\\"unstyled\\",\\"depth\\":0,\\"inlineStyleRanges\\":[],\\"entityRanges\\":[],\\"data\\":{}}],\\"entityMap\\":{}}\', NULL)')
 4 SYSTEMPATH\Database\BaseBuilder.php(2325): CodeIgniter\Database\BaseConnection->query('INSERT INTO `produits` (`storeid`, `userid`, `nomproduit`, `rayon`, `categorie`, `souscategorie`, `reference`, `marque`, `prix`, `courtdescript`, `longdescript`, `image01`) VALUES (:storeid:, :userid:, :nomproduit:, :rayon:, :categorie:, :souscategorie:, :reference:, :marque:, :prix:, :courtdescript:, :longdescript:, :image01:)', [...], false)
 5 SYSTEMPATH\Model.php(383): CodeIgniter\Database\BaseBuilder->insert()
 6 SYSTEMPATH\BaseModel.php(840): CodeIgniter\Model->doInsert([...])
 7 SYSTEMPATH\Model.php(791): CodeIgniter\BaseModel->insert([...], true)
 8 APPPATH\Models\ProduitModel.php(26): CodeIgniter\Model->insert([...])
 9 APPPATH\Controllers\Produit.php(44): App\Models\ProduitModel->addProduct([...])
10 SYSTEMPATH\CodeIgniter.php(933): App\Controllers\Produit->addproduct()
11 SYSTEMPATH\CodeIgniter.php(509): CodeIgniter\CodeIgniter->runController(Object(App\Controllers\Produit))
12 SYSTEMPATH\CodeIgniter.php(355): CodeIgniter\CodeIgniter->handleRequest(null, Object(Config\Cache), false)
13 SYSTEMPATH\Boot.php(312): CodeIgniter\CodeIgniter->run()
14 SYSTEMPATH\Boot.php(67): CodeIgniter\Boot::runCodeIgniter(Object(CodeIgniter\CodeIgniter))
15 FCPATH\index.php(65): CodeIgniter\Boot::bootWeb(Object(Config\Paths))
16 SYSTEMPATH\Commands\Server\rewrite.php(49): require_once('Z:\\CodeIgniter\\newmarketplace\\public\\index.php')
CRITICAL - 2024-09-05 06:27:47 --> ErrorException: Undefined variable $response
[Method: POST, Route: addproduct]
in APPPATH\Controllers\Produit.php on line 52.
 1 APPPATH\Controllers\Produit.php(52): CodeIgniter\Debug\Exceptions->errorHandler(2, 'Undefined variable $response', 'Z:\\CodeIgniter\\newmarketplace\\app\\Controllers\\Produit.php', 52)
 2 SYSTEMPATH\CodeIgniter.php(933): App\Controllers\Produit->addproduct()
 3 SYSTEMPATH\CodeIgniter.php(509): CodeIgniter\CodeIgniter->runController(Object(App\Controllers\Produit))
 4 SYSTEMPATH\CodeIgniter.php(355): CodeIgniter\CodeIgniter->handleRequest(null, Object(Config\Cache), false)
 5 SYSTEMPATH\Boot.php(312): CodeIgniter\CodeIgniter->run()
 6 SYSTEMPATH\Boot.php(67): CodeIgniter\Boot::runCodeIgniter(Object(CodeIgniter\CodeIgniter))
 7 FCPATH\index.php(65): CodeIgniter\Boot::bootWeb(Object(Config\Paths))
 8 SYSTEMPATH\Commands\Server\rewrite.php(49): require_once('Z:\\CodeIgniter\\newmarketplace\\public\\index.php')
INFO - 2024-09-05 12:29:07 --> Session: Class initialized using 'CodeIgniter\Session\Handlers\FileHandler' driver.
CRITICAL - 2024-09-05 17:43:57 --> Error: Call to undefined function App\Controllers\setJSON()
[Method: POST, Route: addproduct]
in APPPATH\Controllers\Produit.php on line 63.
 1 SYSTEMPATH\CodeIgniter.php(933): App\Controllers\Produit->addproduct()
 2 SYSTEMPATH\CodeIgniter.php(509): CodeIgniter\CodeIgniter->runController(Object(App\Controllers\Produit))
 3 SYSTEMPATH\CodeIgniter.php(355): CodeIgniter\CodeIgniter->handleRequest(null, Object(Config\Cache), false)
 4 SYSTEMPATH\Boot.php(312): CodeIgniter\CodeIgniter->run()
 5 SYSTEMPATH\Boot.php(67): CodeIgniter\Boot::runCodeIgniter(Object(CodeIgniter\CodeIgniter))
 6 FCPATH\index.php(65): CodeIgniter\Boot::bootWeb(Object(Config\Paths))
 7 SYSTEMPATH\Commands\Server\rewrite.php(49): require_once('Z:\\CodeIgniter\\newmarketplace\\public\\index.php')
INFO - 2024-09-05 18:02:55 --> Session: Class initialized using 'CodeIgniter\Session\Handlers\FileHandler' driver.
INFO - 2024-09-05 18:03:06 --> Session: Class initialized using 'CodeIgniter\Session\Handlers\FileHandler' driver.
