INFO - 2024-09-18 05:50:30 --> Session: Class initialized using 'CodeIgniter\Session\Handlers\FileHandler' driver.
INFO - 2024-09-18 08:17:21 --> Session: Class initialized using 'CodeIgniter\Session\Handlers\FileHandler' driver.
INFO - 2024-09-18 08:17:27 --> Session: Class initialized using 'CodeIgniter\Session\Handlers\FileHandler' driver.
INFO - 2024-09-18 08:18:42 --> Session: Class initialized using 'CodeIgniter\Session\Handlers\FileHandler' driver.
INFO - 2024-09-18 08:19:02 --> Session: Class initialized using 'CodeIgniter\Session\Handlers\FileHandler' driver.
INFO - 2024-09-18 08:21:43 --> Session: Class initialized using 'CodeIgniter\Session\Handlers\FileHandler' driver.
INFO - 2024-09-18 08:21:50 --> Session: Class initialized using 'CodeIgniter\Session\Handlers\FileHandler' driver.
INFO - 2024-09-18 08:28:36 --> Session: Class initialized using 'CodeIgniter\Session\Handlers\FileHandler' driver.
INFO - 2024-09-18 08:28:41 --> Session: Class initialized using 'CodeIgniter\Session\Handlers\FileHandler' driver.
INFO - 2024-09-18 08:30:59 --> Session: Class initialized using 'CodeIgniter\Session\Handlers\FileHandler' driver.
INFO - 2024-09-18 08:31:09 --> Session: Class initialized using 'CodeIgniter\Session\Handlers\FileHandler' driver.
INFO - 2024-09-18 08:31:42 --> Session: Class initialized using 'CodeIgniter\Session\Handlers\FileHandler' driver.
INFO - 2024-09-18 08:31:46 --> Session: Class initialized using 'CodeIgniter\Session\Handlers\FileHandler' driver.
INFO - 2024-09-18 08:34:51 --> Session: Class initialized using 'CodeIgniter\Session\Handlers\FileHandler' driver.
INFO - 2024-09-18 08:34:58 --> Session: Class initialized using 'CodeIgniter\Session\Handlers\FileHandler' driver.
INFO - 2024-09-18 08:38:09 --> Session: Class initialized using 'CodeIgniter\Session\Handlers\FileHandler' driver.
INFO - 2024-09-18 08:38:22 --> Session: Class initialized using 'CodeIgniter\Session\Handlers\FileHandler' driver.
INFO - 2024-09-18 08:38:40 --> Session: Class initialized using 'CodeIgniter\Session\Handlers\FileHandler' driver.
INFO - 2024-09-18 08:38:44 --> Session: Class initialized using 'CodeIgniter\Session\Handlers\FileHandler' driver.
INFO - 2024-09-18 08:39:11 --> Session: Class initialized using 'CodeIgniter\Session\Handlers\FileHandler' driver.
INFO - 2024-09-18 08:39:18 --> Session: Class initialized using 'CodeIgniter\Session\Handlers\FileHandler' driver.
INFO - 2024-09-18 08:42:00 --> Session: Class initialized using 'CodeIgniter\Session\Handlers\FileHandler' driver.
INFO - 2024-09-18 08:42:04 --> Session: Class initialized using 'CodeIgniter\Session\Handlers\FileHandler' driver.
INFO - 2024-09-18 08:43:04 --> Session: Class initialized using 'CodeIgniter\Session\Handlers\FileHandler' driver.
INFO - 2024-09-18 08:43:18 --> Session: Class initialized using 'CodeIgniter\Session\Handlers\FileHandler' driver.
INFO - 2024-09-18 08:43:28 --> Session: Class initialized using 'CodeIgniter\Session\Handlers\FileHandler' driver.
INFO - 2024-09-18 08:43:34 --> Session: Class initialized using 'CodeIgniter\Session\Handlers\FileHandler' driver.
INFO - 2024-09-18 09:02:58 --> Session: Class initialized using 'CodeIgniter\Session\Handlers\FileHandler' driver.
CRITICAL - 2024-09-18 12:56:59 --> CodeIgniter\HTTP\Exceptions\BadRequestException: The URI you submitted has disallowed characters: "async producttoshow => {      await dispatch((0,_action_produit_action__WEBPACK_IMPORTED_MODULE_4__.getOneproduct)(producttoshow));      setDispatchproductdetails(productdetails);    }"
[Method: GET, Route: getoneproduct/async%20producttoshow%20=%3E%20%7B%20%20%20%20%20%20await%20dispatch%28%280,_action_produit_action__WEBPACK_IMPORTED_MODULE_4__.getOneproduct%29%28producttoshow%29%29;%20%20%20%20%20%20setDispatchproductdetails%28productdetails%29;%20%20%20%20%7D]
in SYSTEMPATH\Router\Router.php on line 736.
 1 SYSTEMPATH\Router\Router.php(203): CodeIgniter\Router\Router->checkDisallowedChars('getoneproduct/async producttoshow => {      await dispatch((0,_action_produit_action__WEBPACK_IMPORTED_MODULE_4__.getOneproduct)(producttoshow));      setDispatchproductdetails(productdetails);    }')
 2 SYSTEMPATH\CodeIgniter.php(834): CodeIgniter\Router\Router->handle('getoneproduct/async producttoshow => {      await dispatch((0,_action_produit_action__WEBPACK_IMPORTED_MODULE_4__.getOneproduct)(producttoshow));      setDispatchproductdetails(productdetails);    }')
 3 SYSTEMPATH\CodeIgniter.php(457): CodeIgniter\CodeIgniter->tryToRouteIt(Object(CodeIgniter\Router\RouteCollection))
 4 SYSTEMPATH\CodeIgniter.php(355): CodeIgniter\CodeIgniter->handleRequest(null, Object(Config\Cache), false)
 5 SYSTEMPATH\Boot.php(312): CodeIgniter\CodeIgniter->run()
 6 SYSTEMPATH\Boot.php(67): CodeIgniter\Boot::runCodeIgniter(Object(CodeIgniter\CodeIgniter))
 7 FCPATH\index.php(65): CodeIgniter\Boot::bootWeb(Object(Config\Paths))
 8 SYSTEMPATH\Commands\Server\rewrite.php(49): require_once('Z:\\CodeIgniter\\newmarketplace\\public\\index.php')
CRITICAL - 2024-09-18 12:57:01 --> CodeIgniter\HTTP\Exceptions\BadRequestException: The URI you submitted has disallowed characters: "async producttoshow => {      await dispatch((0,_action_produit_action__WEBPACK_IMPORTED_MODULE_4__.getOneproduct)(producttoshow));      setDispatchproductdetails(productdetails);    }"
[Method: GET, Route: getoneproduct/async%20producttoshow%20=%3E%20%7B%20%20%20%20%20%20await%20dispatch%28%280,_action_produit_action__WEBPACK_IMPORTED_MODULE_4__.getOneproduct%29%28producttoshow%29%29;%20%20%20%20%20%20setDispatchproductdetails%28productdetails%29;%20%20%20%20%7D]
in SYSTEMPATH\Router\Router.php on line 736.
 1 SYSTEMPATH\Router\Router.php(203): CodeIgniter\Router\Router->checkDisallowedChars('getoneproduct/async producttoshow => {      await dispatch((0,_action_produit_action__WEBPACK_IMPORTED_MODULE_4__.getOneproduct)(producttoshow));      setDispatchproductdetails(productdetails);    }')
 2 SYSTEMPATH\CodeIgniter.php(834): CodeIgniter\Router\Router->handle('getoneproduct/async producttoshow => {      await dispatch((0,_action_produit_action__WEBPACK_IMPORTED_MODULE_4__.getOneproduct)(producttoshow));      setDispatchproductdetails(productdetails);    }')
 3 SYSTEMPATH\CodeIgniter.php(457): CodeIgniter\CodeIgniter->tryToRouteIt(Object(CodeIgniter\Router\RouteCollection))
 4 SYSTEMPATH\CodeIgniter.php(355): CodeIgniter\CodeIgniter->handleRequest(null, Object(Config\Cache), false)
 5 SYSTEMPATH\Boot.php(312): CodeIgniter\CodeIgniter->run()
 6 SYSTEMPATH\Boot.php(67): CodeIgniter\Boot::runCodeIgniter(Object(CodeIgniter\CodeIgniter))
 7 FCPATH\index.php(65): CodeIgniter\Boot::bootWeb(Object(Config\Paths))
 8 SYSTEMPATH\Commands\Server\rewrite.php(49): require_once('Z:\\CodeIgniter\\newmarketplace\\public\\index.php')
CRITICAL - 2024-09-18 12:57:21 --> CodeIgniter\HTTP\Exceptions\BadRequestException: The URI you submitted has disallowed characters: "async producttoshow => {      await dispatch((0,_action_produit_action__WEBPACK_IMPORTED_MODULE_4__.getOneproduct)(producttoshow));      setDispatchproductdetails(productdetails);    }"
[Method: GET, Route: getoneproduct/async%20producttoshow%20=%3E%20%7B%20%20%20%20%20%20await%20dispatch%28%280,_action_produit_action__WEBPACK_IMPORTED_MODULE_4__.getOneproduct%29%28producttoshow%29%29;%20%20%20%20%20%20setDispatchproductdetails%28productdetails%29;%20%20%20%20%7D]
in SYSTEMPATH\Router\Router.php on line 736.
 1 SYSTEMPATH\Router\Router.php(203): CodeIgniter\Router\Router->checkDisallowedChars('getoneproduct/async producttoshow => {      await dispatch((0,_action_produit_action__WEBPACK_IMPORTED_MODULE_4__.getOneproduct)(producttoshow));      setDispatchproductdetails(productdetails);    }')
 2 SYSTEMPATH\CodeIgniter.php(834): CodeIgniter\Router\Router->handle('getoneproduct/async producttoshow => {      await dispatch((0,_action_produit_action__WEBPACK_IMPORTED_MODULE_4__.getOneproduct)(producttoshow));      setDispatchproductdetails(productdetails);    }')
 3 SYSTEMPATH\CodeIgniter.php(457): CodeIgniter\CodeIgniter->tryToRouteIt(Object(CodeIgniter\Router\RouteCollection))
 4 SYSTEMPATH\CodeIgniter.php(355): CodeIgniter\CodeIgniter->handleRequest(null, Object(Config\Cache), false)
 5 SYSTEMPATH\Boot.php(312): CodeIgniter\CodeIgniter->run()
 6 SYSTEMPATH\Boot.php(67): CodeIgniter\Boot::runCodeIgniter(Object(CodeIgniter\CodeIgniter))
 7 FCPATH\index.php(65): CodeIgniter\Boot::bootWeb(Object(Config\Paths))
 8 SYSTEMPATH\Commands\Server\rewrite.php(49): require_once('Z:\\CodeIgniter\\newmarketplace\\public\\index.php')
CRITICAL - 2024-09-18 12:57:46 --> CodeIgniter\HTTP\Exceptions\BadRequestException: The URI you submitted has disallowed characters: "async producttoshow => {      dispatch((0,_action_produit_action__WEBPACK_IMPORTED_MODULE_4__.getOneproduct)(producttoshow));      setDispatchproductdetails(productdetails);    }"
[Method: GET, Route: getoneproduct/async%20producttoshow%20=%3E%20%7B%20%20%20%20%20%20dispatch%28%280,_action_produit_action__WEBPACK_IMPORTED_MODULE_4__.getOneproduct%29%28producttoshow%29%29;%20%20%20%20%20%20setDispatchproductdetails%28productdetails%29;%20%20%20%20%7D]
in SYSTEMPATH\Router\Router.php on line 736.
 1 SYSTEMPATH\Router\Router.php(203): CodeIgniter\Router\Router->checkDisallowedChars('getoneproduct/async producttoshow => {      dispatch((0,_action_produit_action__WEBPACK_IMPORTED_MODULE_4__.getOneproduct)(producttoshow));      setDispatchproductdetails(productdetails);    }')
 2 SYSTEMPATH\CodeIgniter.php(834): CodeIgniter\Router\Router->handle('getoneproduct/async producttoshow => {      dispatch((0,_action_produit_action__WEBPACK_IMPORTED_MODULE_4__.getOneproduct)(producttoshow));      setDispatchproductdetails(productdetails);    }')
 3 SYSTEMPATH\CodeIgniter.php(457): CodeIgniter\CodeIgniter->tryToRouteIt(Object(CodeIgniter\Router\RouteCollection))
 4 SYSTEMPATH\CodeIgniter.php(355): CodeIgniter\CodeIgniter->handleRequest(null, Object(Config\Cache), false)
 5 SYSTEMPATH\Boot.php(312): CodeIgniter\CodeIgniter->run()
 6 SYSTEMPATH\Boot.php(67): CodeIgniter\Boot::runCodeIgniter(Object(CodeIgniter\CodeIgniter))
 7 FCPATH\index.php(65): CodeIgniter\Boot::bootWeb(Object(Config\Paths))
 8 SYSTEMPATH\Commands\Server\rewrite.php(49): require_once('Z:\\CodeIgniter\\newmarketplace\\public\\index.php')
CRITICAL - 2024-09-18 12:58:08 --> CodeIgniter\HTTP\Exceptions\BadRequestException: The URI you submitted has disallowed characters: "async producttoshow => {      dispatch((0,_action_produit_action__WEBPACK_IMPORTED_MODULE_4__.getOneproduct)(producttoshow));      setDispatchproductdetails(productdetails);    }"
[Method: GET, Route: getoneproduct/async%20producttoshow%20=%3E%20%7B%20%20%20%20%20%20dispatch%28%280,_action_produit_action__WEBPACK_IMPORTED_MODULE_4__.getOneproduct%29%28producttoshow%29%29;%20%20%20%20%20%20setDispatchproductdetails%28productdetails%29;%20%20%20%20%7D]
in SYSTEMPATH\Router\Router.php on line 736.
 1 SYSTEMPATH\Router\Router.php(203): CodeIgniter\Router\Router->checkDisallowedChars('getoneproduct/async producttoshow => {      dispatch((0,_action_produit_action__WEBPACK_IMPORTED_MODULE_4__.getOneproduct)(producttoshow));      setDispatchproductdetails(productdetails);    }')
 2 SYSTEMPATH\CodeIgniter.php(834): CodeIgniter\Router\Router->handle('getoneproduct/async producttoshow => {      dispatch((0,_action_produit_action__WEBPACK_IMPORTED_MODULE_4__.getOneproduct)(producttoshow));      setDispatchproductdetails(productdetails);    }')
 3 SYSTEMPATH\CodeIgniter.php(457): CodeIgniter\CodeIgniter->tryToRouteIt(Object(CodeIgniter\Router\RouteCollection))
 4 SYSTEMPATH\CodeIgniter.php(355): CodeIgniter\CodeIgniter->handleRequest(null, Object(Config\Cache), false)
 5 SYSTEMPATH\Boot.php(312): CodeIgniter\CodeIgniter->run()
 6 SYSTEMPATH\Boot.php(67): CodeIgniter\Boot::runCodeIgniter(Object(CodeIgniter\CodeIgniter))
 7 FCPATH\index.php(65): CodeIgniter\Boot::bootWeb(Object(Config\Paths))
 8 SYSTEMPATH\Commands\Server\rewrite.php(49): require_once('Z:\\CodeIgniter\\newmarketplace\\public\\index.php')
CRITICAL - 2024-09-18 12:58:19 --> CodeIgniter\HTTP\Exceptions\BadRequestException: The URI you submitted has disallowed characters: "producttoshow => {      dispatch((0,_action_produit_action__WEBPACK_IMPORTED_MODULE_4__.getOneproduct)(producttoshow));      setDispatchproductdetails(productdetails);    }"
[Method: GET, Route: getoneproduct/producttoshow%20=%3E%20%7B%20%20%20%20%20%20dispatch%28%280,_action_produit_action__WEBPACK_IMPORTED_MODULE_4__.getOneproduct%29%28producttoshow%29%29;%20%20%20%20%20%20setDispatchproductdetails%28productdetails%29;%20%20%20%20%7D]
in SYSTEMPATH\Router\Router.php on line 736.
 1 SYSTEMPATH\Router\Router.php(203): CodeIgniter\Router\Router->checkDisallowedChars('getoneproduct/producttoshow => {      dispatch((0,_action_produit_action__WEBPACK_IMPORTED_MODULE_4__.getOneproduct)(producttoshow));      setDispatchproductdetails(productdetails);    }')
 2 SYSTEMPATH\CodeIgniter.php(834): CodeIgniter\Router\Router->handle('getoneproduct/producttoshow => {      dispatch((0,_action_produit_action__WEBPACK_IMPORTED_MODULE_4__.getOneproduct)(producttoshow));      setDispatchproductdetails(productdetails);    }')
 3 SYSTEMPATH\CodeIgniter.php(457): CodeIgniter\CodeIgniter->tryToRouteIt(Object(CodeIgniter\Router\RouteCollection))
 4 SYSTEMPATH\CodeIgniter.php(355): CodeIgniter\CodeIgniter->handleRequest(null, Object(Config\Cache), false)
 5 SYSTEMPATH\Boot.php(312): CodeIgniter\CodeIgniter->run()
 6 SYSTEMPATH\Boot.php(67): CodeIgniter\Boot::runCodeIgniter(Object(CodeIgniter\CodeIgniter))
 7 FCPATH\index.php(65): CodeIgniter\Boot::bootWeb(Object(Config\Paths))
 8 SYSTEMPATH\Commands\Server\rewrite.php(49): require_once('Z:\\CodeIgniter\\newmarketplace\\public\\index.php')
CRITICAL - 2024-09-18 12:58:36 --> CodeIgniter\HTTP\Exceptions\BadRequestException: The URI you submitted has disallowed characters: "producttoshow => {      dispatch((0,_action_produit_action__WEBPACK_IMPORTED_MODULE_4__.getOneproduct)(producttoshow));      setDispatchproductdetails(productdetails);    }"
[Method: GET, Route: getoneproduct/producttoshow%20=%3E%20%7B%20%20%20%20%20%20dispatch%28%280,_action_produit_action__WEBPACK_IMPORTED_MODULE_4__.getOneproduct%29%28producttoshow%29%29;%20%20%20%20%20%20setDispatchproductdetails%28productdetails%29;%20%20%20%20%7D]
in SYSTEMPATH\Router\Router.php on line 736.
 1 SYSTEMPATH\Router\Router.php(203): CodeIgniter\Router\Router->checkDisallowedChars('getoneproduct/producttoshow => {      dispatch((0,_action_produit_action__WEBPACK_IMPORTED_MODULE_4__.getOneproduct)(producttoshow));      setDispatchproductdetails(productdetails);    }')
 2 SYSTEMPATH\CodeIgniter.php(834): CodeIgniter\Router\Router->handle('getoneproduct/producttoshow => {      dispatch((0,_action_produit_action__WEBPACK_IMPORTED_MODULE_4__.getOneproduct)(producttoshow));      setDispatchproductdetails(productdetails);    }')
 3 SYSTEMPATH\CodeIgniter.php(457): CodeIgniter\CodeIgniter->tryToRouteIt(Object(CodeIgniter\Router\RouteCollection))
 4 SYSTEMPATH\CodeIgniter.php(355): CodeIgniter\CodeIgniter->handleRequest(null, Object(Config\Cache), false)
 5 SYSTEMPATH\Boot.php(312): CodeIgniter\CodeIgniter->run()
 6 SYSTEMPATH\Boot.php(67): CodeIgniter\Boot::runCodeIgniter(Object(CodeIgniter\CodeIgniter))
 7 FCPATH\index.php(65): CodeIgniter\Boot::bootWeb(Object(Config\Paths))
 8 SYSTEMPATH\Commands\Server\rewrite.php(49): require_once('Z:\\CodeIgniter\\newmarketplace\\public\\index.php')
CRITICAL - 2024-09-18 12:59:06 --> CodeIgniter\HTTP\Exceptions\BadRequestException: The URI you submitted has disallowed characters: "producttoshow => {    dispatch((0,_action_produit_action__WEBPACK_IMPORTED_MODULE_4__.getOneproduct)(producttoshow));    setDispatchproductdetails(productdetails);  }"
[Method: GET, Route: getoneproduct/producttoshow%20=%3E%20%7B%20%20%20%20dispatch%28%280,_action_produit_action__WEBPACK_IMPORTED_MODULE_4__.getOneproduct%29%28producttoshow%29%29;%20%20%20%20setDispatchproductdetails%28productdetails%29;%20%20%7D]
in SYSTEMPATH\Router\Router.php on line 736.
 1 SYSTEMPATH\Router\Router.php(203): CodeIgniter\Router\Router->checkDisallowedChars('getoneproduct/producttoshow => {    dispatch((0,_action_produit_action__WEBPACK_IMPORTED_MODULE_4__.getOneproduct)(producttoshow));    setDispatchproductdetails(productdetails);  }')
 2 SYSTEMPATH\CodeIgniter.php(834): CodeIgniter\Router\Router->handle('getoneproduct/producttoshow => {    dispatch((0,_action_produit_action__WEBPACK_IMPORTED_MODULE_4__.getOneproduct)(producttoshow));    setDispatchproductdetails(productdetails);  }')
 3 SYSTEMPATH\CodeIgniter.php(457): CodeIgniter\CodeIgniter->tryToRouteIt(Object(CodeIgniter\Router\RouteCollection))
 4 SYSTEMPATH\CodeIgniter.php(355): CodeIgniter\CodeIgniter->handleRequest(null, Object(Config\Cache), false)
 5 SYSTEMPATH\Boot.php(312): CodeIgniter\CodeIgniter->run()
 6 SYSTEMPATH\Boot.php(67): CodeIgniter\Boot::runCodeIgniter(Object(CodeIgniter\CodeIgniter))
 7 FCPATH\index.php(65): CodeIgniter\Boot::bootWeb(Object(Config\Paths))
 8 SYSTEMPATH\Commands\Server\rewrite.php(49): require_once('Z:\\CodeIgniter\\newmarketplace\\public\\index.php')
CRITICAL - 2024-09-18 12:59:15 --> CodeIgniter\HTTP\Exceptions\BadRequestException: The URI you submitted has disallowed characters: "id => {    dispatch((0,_action_produit_action__WEBPACK_IMPORTED_MODULE_4__.getOneproduct)(id));    setDispatchproductdetails(productdetails);  }"
[Method: GET, Route: getoneproduct/id%20=%3E%20%7B%20%20%20%20dispatch%28%280,_action_produit_action__WEBPACK_IMPORTED_MODULE_4__.getOneproduct%29%28id%29%29;%20%20%20%20setDispatchproductdetails%28productdetails%29;%20%20%7D]
in SYSTEMPATH\Router\Router.php on line 736.
 1 SYSTEMPATH\Router\Router.php(203): CodeIgniter\Router\Router->checkDisallowedChars('getoneproduct/id => {    dispatch((0,_action_produit_action__WEBPACK_IMPORTED_MODULE_4__.getOneproduct)(id));    setDispatchproductdetails(productdetails);  }')
 2 SYSTEMPATH\CodeIgniter.php(834): CodeIgniter\Router\Router->handle('getoneproduct/id => {    dispatch((0,_action_produit_action__WEBPACK_IMPORTED_MODULE_4__.getOneproduct)(id));    setDispatchproductdetails(productdetails);  }')
 3 SYSTEMPATH\CodeIgniter.php(457): CodeIgniter\CodeIgniter->tryToRouteIt(Object(CodeIgniter\Router\RouteCollection))
 4 SYSTEMPATH\CodeIgniter.php(355): CodeIgniter\CodeIgniter->handleRequest(null, Object(Config\Cache), false)
 5 SYSTEMPATH\Boot.php(312): CodeIgniter\CodeIgniter->run()
 6 SYSTEMPATH\Boot.php(67): CodeIgniter\Boot::runCodeIgniter(Object(CodeIgniter\CodeIgniter))
 7 FCPATH\index.php(65): CodeIgniter\Boot::bootWeb(Object(Config\Paths))
 8 SYSTEMPATH\Commands\Server\rewrite.php(49): require_once('Z:\\CodeIgniter\\newmarketplace\\public\\index.php')
CRITICAL - 2024-09-18 12:59:31 --> CodeIgniter\HTTP\Exceptions\BadRequestException: The URI you submitted has disallowed characters: "async id => {    dispatch((0,_action_produit_action__WEBPACK_IMPORTED_MODULE_4__.getOneproduct)(id));    setDispatchproductdetails(productdetails);  }"
[Method: GET, Route: getoneproduct/async%20id%20=%3E%20%7B%20%20%20%20dispatch%28%280,_action_produit_action__WEBPACK_IMPORTED_MODULE_4__.getOneproduct%29%28id%29%29;%20%20%20%20setDispatchproductdetails%28productdetails%29;%20%20%7D]
in SYSTEMPATH\Router\Router.php on line 736.
 1 SYSTEMPATH\Router\Router.php(203): CodeIgniter\Router\Router->checkDisallowedChars('getoneproduct/async id => {    dispatch((0,_action_produit_action__WEBPACK_IMPORTED_MODULE_4__.getOneproduct)(id));    setDispatchproductdetails(productdetails);  }')
 2 SYSTEMPATH\CodeIgniter.php(834): CodeIgniter\Router\Router->handle('getoneproduct/async id => {    dispatch((0,_action_produit_action__WEBPACK_IMPORTED_MODULE_4__.getOneproduct)(id));    setDispatchproductdetails(productdetails);  }')
 3 SYSTEMPATH\CodeIgniter.php(457): CodeIgniter\CodeIgniter->tryToRouteIt(Object(CodeIgniter\Router\RouteCollection))
 4 SYSTEMPATH\CodeIgniter.php(355): CodeIgniter\CodeIgniter->handleRequest(null, Object(Config\Cache), false)
 5 SYSTEMPATH\Boot.php(312): CodeIgniter\CodeIgniter->run()
 6 SYSTEMPATH\Boot.php(67): CodeIgniter\Boot::runCodeIgniter(Object(CodeIgniter\CodeIgniter))
 7 FCPATH\index.php(65): CodeIgniter\Boot::bootWeb(Object(Config\Paths))
 8 SYSTEMPATH\Commands\Server\rewrite.php(49): require_once('Z:\\CodeIgniter\\newmarketplace\\public\\index.php')
CRITICAL - 2024-09-18 12:59:35 --> CodeIgniter\HTTP\Exceptions\BadRequestException: The URI you submitted has disallowed characters: "async id => {    await dispatch((0,_action_produit_action__WEBPACK_IMPORTED_MODULE_4__.getOneproduct)(id));    setDispatchproductdetails(productdetails);  }"
[Method: GET, Route: getoneproduct/async%20id%20=%3E%20%7B%20%20%20%20await%20dispatch%28%280,_action_produit_action__WEBPACK_IMPORTED_MODULE_4__.getOneproduct%29%28id%29%29;%20%20%20%20setDispatchproductdetails%28productdetails%29;%20%20%7D]
in SYSTEMPATH\Router\Router.php on line 736.
 1 SYSTEMPATH\Router\Router.php(203): CodeIgniter\Router\Router->checkDisallowedChars('getoneproduct/async id => {    await dispatch((0,_action_produit_action__WEBPACK_IMPORTED_MODULE_4__.getOneproduct)(id));    setDispatchproductdetails(productdetails);  }')
 2 SYSTEMPATH\CodeIgniter.php(834): CodeIgniter\Router\Router->handle('getoneproduct/async id => {    await dispatch((0,_action_produit_action__WEBPACK_IMPORTED_MODULE_4__.getOneproduct)(id));    setDispatchproductdetails(productdetails);  }')
 3 SYSTEMPATH\CodeIgniter.php(457): CodeIgniter\CodeIgniter->tryToRouteIt(Object(CodeIgniter\Router\RouteCollection))
 4 SYSTEMPATH\CodeIgniter.php(355): CodeIgniter\CodeIgniter->handleRequest(null, Object(Config\Cache), false)
 5 SYSTEMPATH\Boot.php(312): CodeIgniter\CodeIgniter->run()
 6 SYSTEMPATH\Boot.php(67): CodeIgniter\Boot::runCodeIgniter(Object(CodeIgniter\CodeIgniter))
 7 FCPATH\index.php(65): CodeIgniter\Boot::bootWeb(Object(Config\Paths))
 8 SYSTEMPATH\Commands\Server\rewrite.php(49): require_once('Z:\\CodeIgniter\\newmarketplace\\public\\index.php')
CRITICAL - 2024-09-18 13:00:28 --> CodeIgniter\HTTP\Exceptions\BadRequestException: The URI you submitted has disallowed characters: "async id => {    dispatch((0,_action_produit_action__WEBPACK_IMPORTED_MODULE_4__.getOneproduct)(id));    setDispatchproductdetails(productdetails);  }"
[Method: GET, Route: getoneproduct/async%20id%20=%3E%20%7B%20%20%20%20dispatch%28%280,_action_produit_action__WEBPACK_IMPORTED_MODULE_4__.getOneproduct%29%28id%29%29;%20%20%20%20setDispatchproductdetails%28productdetails%29;%20%20%7D]
in SYSTEMPATH\Router\Router.php on line 736.
 1 SYSTEMPATH\Router\Router.php(203): CodeIgniter\Router\Router->checkDisallowedChars('getoneproduct/async id => {    dispatch((0,_action_produit_action__WEBPACK_IMPORTED_MODULE_4__.getOneproduct)(id));    setDispatchproductdetails(productdetails);  }')
 2 SYSTEMPATH\CodeIgniter.php(834): CodeIgniter\Router\Router->handle('getoneproduct/async id => {    dispatch((0,_action_produit_action__WEBPACK_IMPORTED_MODULE_4__.getOneproduct)(id));    setDispatchproductdetails(productdetails);  }')
 3 SYSTEMPATH\CodeIgniter.php(457): CodeIgniter\CodeIgniter->tryToRouteIt(Object(CodeIgniter\Router\RouteCollection))
 4 SYSTEMPATH\CodeIgniter.php(355): CodeIgniter\CodeIgniter->handleRequest(null, Object(Config\Cache), false)
 5 SYSTEMPATH\Boot.php(312): CodeIgniter\CodeIgniter->run()
 6 SYSTEMPATH\Boot.php(67): CodeIgniter\Boot::runCodeIgniter(Object(CodeIgniter\CodeIgniter))
 7 FCPATH\index.php(65): CodeIgniter\Boot::bootWeb(Object(Config\Paths))
 8 SYSTEMPATH\Commands\Server\rewrite.php(49): require_once('Z:\\CodeIgniter\\newmarketplace\\public\\index.php')
CRITICAL - 2024-09-18 13:00:31 --> CodeIgniter\HTTP\Exceptions\BadRequestException: The URI you submitted has disallowed characters: "async id => {    dispatch((0,_action_produit_action__WEBPACK_IMPORTED_MODULE_4__.getOneproduct)(id));    await await setDispatchproductdetails(productdetails);  }"
[Method: GET, Route: getoneproduct/async%20id%20=%3E%20%7B%20%20%20%20dispatch%28%280,_action_produit_action__WEBPACK_IMPORTED_MODULE_4__.getOneproduct%29%28id%29%29;%20%20%20%20await%20await%20setDispatchproductdetails%28productdetails%29;%20%20%7D]
in SYSTEMPATH\Router\Router.php on line 736.
 1 SYSTEMPATH\Router\Router.php(203): CodeIgniter\Router\Router->checkDisallowedChars('getoneproduct/async id => {    dispatch((0,_action_produit_action__WEBPACK_IMPORTED_MODULE_4__.getOneproduct)(id));    await await setDispatchproductdetails(productdetails);  }')
 2 SYSTEMPATH\CodeIgniter.php(834): CodeIgniter\Router\Router->handle('getoneproduct/async id => {    dispatch((0,_action_produit_action__WEBPACK_IMPORTED_MODULE_4__.getOneproduct)(id));    await await setDispatchproductdetails(productdetails);  }')
 3 SYSTEMPATH\CodeIgniter.php(457): CodeIgniter\CodeIgniter->tryToRouteIt(Object(CodeIgniter\Router\RouteCollection))
 4 SYSTEMPATH\CodeIgniter.php(355): CodeIgniter\CodeIgniter->handleRequest(null, Object(Config\Cache), false)
 5 SYSTEMPATH\Boot.php(312): CodeIgniter\CodeIgniter->run()
 6 SYSTEMPATH\Boot.php(67): CodeIgniter\Boot::runCodeIgniter(Object(CodeIgniter\CodeIgniter))
 7 FCPATH\index.php(65): CodeIgniter\Boot::bootWeb(Object(Config\Paths))
 8 SYSTEMPATH\Commands\Server\rewrite.php(49): require_once('Z:\\CodeIgniter\\newmarketplace\\public\\index.php')
CRITICAL - 2024-09-18 13:00:33 --> CodeIgniter\HTTP\Exceptions\BadRequestException: The URI you submitted has disallowed characters: "async id => {    dispatch((0,_action_produit_action__WEBPACK_IMPORTED_MODULE_4__.getOneproduct)(id));    await setDispatchproductdetails(productdetails);  }"
[Method: GET, Route: getoneproduct/async%20id%20=%3E%20%7B%20%20%20%20dispatch%28%280,_action_produit_action__WEBPACK_IMPORTED_MODULE_4__.getOneproduct%29%28id%29%29;%20%20%20%20await%20setDispatchproductdetails%28productdetails%29;%20%20%7D]
in SYSTEMPATH\Router\Router.php on line 736.
 1 SYSTEMPATH\Router\Router.php(203): CodeIgniter\Router\Router->checkDisallowedChars('getoneproduct/async id => {    dispatch((0,_action_produit_action__WEBPACK_IMPORTED_MODULE_4__.getOneproduct)(id));    await setDispatchproductdetails(productdetails);  }')
 2 SYSTEMPATH\CodeIgniter.php(834): CodeIgniter\Router\Router->handle('getoneproduct/async id => {    dispatch((0,_action_produit_action__WEBPACK_IMPORTED_MODULE_4__.getOneproduct)(id));    await setDispatchproductdetails(productdetails);  }')
 3 SYSTEMPATH\CodeIgniter.php(457): CodeIgniter\CodeIgniter->tryToRouteIt(Object(CodeIgniter\Router\RouteCollection))
 4 SYSTEMPATH\CodeIgniter.php(355): CodeIgniter\CodeIgniter->handleRequest(null, Object(Config\Cache), false)
 5 SYSTEMPATH\Boot.php(312): CodeIgniter\CodeIgniter->run()
 6 SYSTEMPATH\Boot.php(67): CodeIgniter\Boot::runCodeIgniter(Object(CodeIgniter\CodeIgniter))
 7 FCPATH\index.php(65): CodeIgniter\Boot::bootWeb(Object(Config\Paths))
 8 SYSTEMPATH\Commands\Server\rewrite.php(49): require_once('Z:\\CodeIgniter\\newmarketplace\\public\\index.php')
CRITICAL - 2024-09-18 13:00:36 --> CodeIgniter\HTTP\Exceptions\BadRequestException: The URI you submitted has disallowed characters: "async id => {    dispatch((0,_action_produit_action__WEBPACK_IMPORTED_MODULE_4__.getOneproduct)(id));    await productdetails;    setDispatchproductdetails(productdetails);  }"
[Method: GET, Route: getoneproduct/async%20id%20=%3E%20%7B%20%20%20%20dispatch%28%280,_action_produit_action__WEBPACK_IMPORTED_MODULE_4__.getOneproduct%29%28id%29%29;%20%20%20%20await%20productdetails;%20%20%20%20setDispatchproductdetails%28productdetails%29;%20%20%7D]
in SYSTEMPATH\Router\Router.php on line 736.
 1 SYSTEMPATH\Router\Router.php(203): CodeIgniter\Router\Router->checkDisallowedChars('getoneproduct/async id => {    dispatch((0,_action_produit_action__WEBPACK_IMPORTED_MODULE_4__.getOneproduct)(id));    await productdetails;    setDispatchproductdetails(productdetails);  }')
 2 SYSTEMPATH\CodeIgniter.php(834): CodeIgniter\Router\Router->handle('getoneproduct/async id => {    dispatch((0,_action_produit_action__WEBPACK_IMPORTED_MODULE_4__.getOneproduct)(id));    await productdetails;    setDispatchproductdetails(productdetails);  }')
 3 SYSTEMPATH\CodeIgniter.php(457): CodeIgniter\CodeIgniter->tryToRouteIt(Object(CodeIgniter\Router\RouteCollection))
 4 SYSTEMPATH\CodeIgniter.php(355): CodeIgniter\CodeIgniter->handleRequest(null, Object(Config\Cache), false)
 5 SYSTEMPATH\Boot.php(312): CodeIgniter\CodeIgniter->run()
 6 SYSTEMPATH\Boot.php(67): CodeIgniter\Boot::runCodeIgniter(Object(CodeIgniter\CodeIgniter))
 7 FCPATH\index.php(65): CodeIgniter\Boot::bootWeb(Object(Config\Paths))
 8 SYSTEMPATH\Commands\Server\rewrite.php(49): require_once('Z:\\CodeIgniter\\newmarketplace\\public\\index.php')
CRITICAL - 2024-09-18 13:00:38 --> CodeIgniter\HTTP\Exceptions\BadRequestException: The URI you submitted has disallowed characters: "async id => {    dispatch((0,_action_produit_action__WEBPACK_IMPORTED_MODULE_4__.getOneproduct)(id));    await productdetails;    setDispatchproductdetails(productdetails);  }"
[Method: GET, Route: getoneproduct/async%20id%20=%3E%20%7B%20%20%20%20dispatch%28%280,_action_produit_action__WEBPACK_IMPORTED_MODULE_4__.getOneproduct%29%28id%29%29;%20%20%20%20await%20productdetails;%20%20%20%20setDispatchproductdetails%28productdetails%29;%20%20%7D]
in SYSTEMPATH\Router\Router.php on line 736.
 1 SYSTEMPATH\Router\Router.php(203): CodeIgniter\Router\Router->checkDisallowedChars('getoneproduct/async id => {    dispatch((0,_action_produit_action__WEBPACK_IMPORTED_MODULE_4__.getOneproduct)(id));    await productdetails;    setDispatchproductdetails(productdetails);  }')
 2 SYSTEMPATH\CodeIgniter.php(834): CodeIgniter\Router\Router->handle('getoneproduct/async id => {    dispatch((0,_action_produit_action__WEBPACK_IMPORTED_MODULE_4__.getOneproduct)(id));    await productdetails;    setDispatchproductdetails(productdetails);  }')
 3 SYSTEMPATH\CodeIgniter.php(457): CodeIgniter\CodeIgniter->tryToRouteIt(Object(CodeIgniter\Router\RouteCollection))
 4 SYSTEMPATH\CodeIgniter.php(355): CodeIgniter\CodeIgniter->handleRequest(null, Object(Config\Cache), false)
 5 SYSTEMPATH\Boot.php(312): CodeIgniter\CodeIgniter->run()
 6 SYSTEMPATH\Boot.php(67): CodeIgniter\Boot::runCodeIgniter(Object(CodeIgniter\CodeIgniter))
 7 FCPATH\index.php(65): CodeIgniter\Boot::bootWeb(Object(Config\Paths))
 8 SYSTEMPATH\Commands\Server\rewrite.php(49): require_once('Z:\\CodeIgniter\\newmarketplace\\public\\index.php')
INFO - 2024-09-18 15:53:49 --> Session: Class initialized using 'CodeIgniter\Session\Handlers\FileHandler' driver.
INFO - 2024-09-18 15:54:04 --> Session: Class initialized using 'CodeIgniter\Session\Handlers\FileHandler' driver.
INFO - 2024-09-18 15:54:39 --> Session: Class initialized using 'CodeIgniter\Session\Handlers\FileHandler' driver.
INFO - 2024-09-18 15:54:48 --> Session: Class initialized using 'CodeIgniter\Session\Handlers\FileHandler' driver.
INFO - 2024-09-18 17:51:45 --> Session: Class initialized using 'CodeIgniter\Session\Handlers\FileHandler' driver.
INFO - 2024-09-18 17:51:56 --> Session: Class initialized using 'CodeIgniter\Session\Handlers\FileHandler' driver.
