CRITICAL - 2024-05-13 14:45:37 --> Error: Undefined constant "App\Controllers\redirect"
[Method: GET, Route: /]
in APPPATH\Controllers\Accueil.php on line 8.
 1 SYSTEMPATH\CodeIgniter.php(933): App\Controllers\Accueil->index()
 2 SYSTEMPATH\CodeIgniter.php(509): CodeIgniter\CodeIgniter->runController(Object(App\Controllers\Accueil))
 3 SYSTEMPATH\CodeIgniter.php(355): CodeIgniter\CodeIgniter->handleRequest(null, Object(Config\Cache), false)
 4 SYSTEMPATH\Boot.php(312): CodeIgniter\CodeIgniter->run()
 5 SYSTEMPATH\Boot.php(67): CodeIgniter\Boot::runCodeIgniter(Object(CodeIgniter\CodeIgniter))
 6 FCPATH\index.php(56): CodeIgniter\Boot::bootWeb(Object(Config\Paths))
 7 SYSTEMPATH\Commands\Server\rewrite.php(49): require_once('Z:\\CodeIgniter\\newmarketplace\\public\\index.php')
CRITICAL - 2024-05-13 14:46:06 --> ErrorException: Undefined property: App\Controllers\Accueil::$redirect
[Method: GET, Route: /]
in APPPATH\Controllers\Accueil.php on line 8.
 1 APPPATH\Controllers\Accueil.php(8): CodeIgniter\Debug\Exceptions->errorHandler(2, 'Undefined property: App\\Controllers\\Accueil::$redirect', 'Z:\\CodeIgniter\\newmarketplace\\app\\Controllers\\Accueil.php', 8)
 2 SYSTEMPATH\CodeIgniter.php(933): App\Controllers\Accueil->index()
 3 SYSTEMPATH\CodeIgniter.php(509): CodeIgniter\CodeIgniter->runController(Object(App\Controllers\Accueil))
 4 SYSTEMPATH\CodeIgniter.php(355): CodeIgniter\CodeIgniter->handleRequest(null, Object(Config\Cache), false)
 5 SYSTEMPATH\Boot.php(312): CodeIgniter\CodeIgniter->run()
 6 SYSTEMPATH\Boot.php(67): CodeIgniter\Boot::runCodeIgniter(Object(CodeIgniter\CodeIgniter))
 7 FCPATH\index.php(56): CodeIgniter\Boot::bootWeb(Object(Config\Paths))
 8 SYSTEMPATH\Commands\Server\rewrite.php(49): require_once('Z:\\CodeIgniter\\newmarketplace\\public\\index.php')
CRITICAL - 2024-05-13 14:47:21 --> TypeError: App\Controllers\Accueil::index(): Return value must be of type string, CodeIgniter\HTTP\RedirectResponse returned
[Method: GET, Route: /]
in APPPATH\Controllers\Accueil.php on line 8.
 1 SYSTEMPATH\CodeIgniter.php(933): App\Controllers\Accueil->index()
 2 SYSTEMPATH\CodeIgniter.php(509): CodeIgniter\CodeIgniter->runController(Object(App\Controllers\Accueil))
 3 SYSTEMPATH\CodeIgniter.php(355): CodeIgniter\CodeIgniter->handleRequest(null, Object(Config\Cache), false)
 4 SYSTEMPATH\Boot.php(312): CodeIgniter\CodeIgniter->run()
 5 SYSTEMPATH\Boot.php(67): CodeIgniter\Boot::runCodeIgniter(Object(CodeIgniter\CodeIgniter))
 6 FCPATH\index.php(56): CodeIgniter\Boot::bootWeb(Object(Config\Paths))
 7 SYSTEMPATH\Commands\Server\rewrite.php(49): require_once('Z:\\CodeIgniter\\newmarketplace\\public\\index.php')
CRITICAL - 2024-05-13 14:47:54 --> TypeError: App\Controllers\Accueil::index(): Return value must be of type string, CodeIgniter\HTTP\RedirectResponse returned
[Method: GET, Route: /]
in APPPATH\Controllers\Accueil.php on line 8.
 1 SYSTEMPATH\CodeIgniter.php(933): App\Controllers\Accueil->index()
 2 SYSTEMPATH\CodeIgniter.php(509): CodeIgniter\CodeIgniter->runController(Object(App\Controllers\Accueil))
 3 SYSTEMPATH\CodeIgniter.php(355): CodeIgniter\CodeIgniter->handleRequest(null, Object(Config\Cache), false)
 4 SYSTEMPATH\Boot.php(312): CodeIgniter\CodeIgniter->run()
 5 SYSTEMPATH\Boot.php(67): CodeIgniter\Boot::runCodeIgniter(Object(CodeIgniter\CodeIgniter))
 6 FCPATH\index.php(56): CodeIgniter\Boot::bootWeb(Object(Config\Paths))
 7 SYSTEMPATH\Commands\Server\rewrite.php(49): require_once('Z:\\CodeIgniter\\newmarketplace\\public\\index.php')
