ERROR - 2024-11-04 04:46:24 --> mysqli_sql_exception: CONSTRAINT `commandes.products` failed for `newmarket`.`commandes` in Z:\CodeIgniter\newmarketplace\system\Database\MySQLi\Connection.php:308
Stack trace:
#0 Z:\CodeIgniter\newmarketplace\system\Database\MySQLi\Connection.php(308): mysqli->query('INSERT INTO `co...', 0)
#1 Z:\CodeIgniter\newmarketplace\system\Database\BaseConnection.php(722): CodeIgniter\Database\MySQLi\Connection->execute('INSERT INTO `co...')
#2 Z:\CodeIgniter\newmarketplace\system\Database\BaseConnection.php(636): CodeIgniter\Database\BaseConnection->simpleQuery('INSERT INTO `co...')
#3 Z:\CodeIgniter\newmarketplace\system\Database\BaseBuilder.php(2325): CodeIgniter\Database\BaseConnection->query('INSERT INTO `co...', Array, false)
#4 Z:\CodeIgniter\newmarketplace\system\Model.php(383): CodeIgniter\Database\BaseBuilder->insert()
#5 Z:\CodeIgniter\newmarketplace\system\BaseModel.php(840): CodeIgniter\Model->doInsert(Array)
#6 Z:\CodeIgniter\newmarketplace\system\Model.php(791): CodeIgniter\BaseModel->insert(Array, true)
#7 Z:\CodeIgniter\newmarketplace\app\Models\CommandModel.php(26): CodeIgniter\Model->insert(Array)
#8 Z:\CodeIgniter\newmarketplace\app\Controllers\Command.php(22): App\Models\CommandModel->addcommand()
#9 Z:\CodeIgniter\newmarketplace\system\CodeIgniter.php(933): App\Controllers\Command->addcommand()
#10 Z:\CodeIgniter\newmarketplace\system\CodeIgniter.php(509): CodeIgniter\CodeIgniter->runController(Object(App\Controllers\Command))
#11 Z:\CodeIgniter\newmarketplace\system\CodeIgniter.php(355): CodeIgniter\CodeIgniter->handleRequest(NULL, Object(Config\Cache), false)
#12 Z:\CodeIgniter\newmarketplace\system\Boot.php(312): CodeIgniter\CodeIgniter->run()
#13 Z:\CodeIgniter\newmarketplace\system\Boot.php(67): CodeIgniter\Boot::runCodeIgniter(Object(CodeIgniter\CodeIgniter))
#14 Z:\CodeIgniter\newmarketplace\public\index.php(65): CodeIgniter\Boot::bootWeb(Object(Config\Paths))
#15 Z:\CodeIgniter\newmarketplace\system\Commands\Server\rewrite.php(49): require_once('Z:\\CodeIgniter\\...')
#16 {main}
CRITICAL - 2024-11-04 04:46:24 --> CodeIgniter\Database\Exceptions\DatabaseException: CONSTRAINT `commandes.products` failed for `newmarket`.`commandes`
[Method: POST, Route: addcommand]
in SYSTEMPATH\Database\BaseConnection.php on line 676.
 1 SYSTEMPATH\Database\BaseBuilder.php(2325): CodeIgniter\Database\BaseConnection->query('INSERT INTO `commandes` (`id`, `payref`, `clientid`, `datecommande`, `status`, `datelivraison`, `lieulivraison`, `totalprix`) VALUES (:id:, :payref:, :clientid:, :datecommande:, :status:, :datelivraison:, :lieulivraison:, :totalprix:)', [...], false)
 2 SYSTEMPATH\Model.php(383): CodeIgniter\Database\BaseBuilder->insert()
 3 SYSTEMPATH\BaseModel.php(840): CodeIgniter\Model->doInsert([...])
 4 SYSTEMPATH\Model.php(791): CodeIgniter\BaseModel->insert([...], true)
 5 APPPATH\Models\CommandModel.php(26): CodeIgniter\Model->insert([...])
 6 APPPATH\Controllers\Command.php(22): App\Models\CommandModel->addcommand()
 7 SYSTEMPATH\CodeIgniter.php(933): App\Controllers\Command->addcommand()
 8 SYSTEMPATH\CodeIgniter.php(509): CodeIgniter\CodeIgniter->runController(Object(App\Controllers\Command))
 9 SYSTEMPATH\CodeIgniter.php(355): CodeIgniter\CodeIgniter->handleRequest(null, Object(Config\Cache), false)
10 SYSTEMPATH\Boot.php(312): CodeIgniter\CodeIgniter->run()
11 SYSTEMPATH\Boot.php(67): CodeIgniter\Boot::runCodeIgniter(Object(CodeIgniter\CodeIgniter))
12 FCPATH\index.php(65): CodeIgniter\Boot::bootWeb(Object(Config\Paths))
13 SYSTEMPATH\Commands\Server\rewrite.php(49): require_once('Z:\\CodeIgniter\\newmarketplace\\public\\index.php')
CRITICAL - 2024-11-04 04:46:24 --> [Caused by] CodeIgniter\Database\Exceptions\DatabaseException: CONSTRAINT `commandes.products` failed for `newmarket`.`commandes`
in SYSTEMPATH\Database\MySQLi\Connection.php on line 313.
 1 SYSTEMPATH\Database\BaseConnection.php(722): CodeIgniter\Database\MySQLi\Connection->execute('INSERT INTO `commandes` (`id`, `payref`, `clientid`, `datecommande`, `status`, `datelivraison`, `lieulivraison`, `totalprix`) VALUES (\'0347005238X101\', \'876878\', \'28\', \'04/11/2024 06:46\', 1, \'\', \'Lot GIV 104 MahazoAntananarivo 101 Madagascar\', 2000000)')
 2 SYSTEMPATH\Database\BaseConnection.php(636): CodeIgniter\Database\BaseConnection->simpleQuery('INSERT INTO `commandes` (`id`, `payref`, `clientid`, `datecommande`, `status`, `datelivraison`, `lieulivraison`, `totalprix`) VALUES (\'0347005238X101\', \'876878\', \'28\', \'04/11/2024 06:46\', 1, \'\', \'Lot GIV 104 MahazoAntananarivo 101 Madagascar\', 2000000)')
 3 SYSTEMPATH\Database\BaseBuilder.php(2325): CodeIgniter\Database\BaseConnection->query('INSERT INTO `commandes` (`id`, `payref`, `clientid`, `datecommande`, `status`, `datelivraison`, `lieulivraison`, `totalprix`) VALUES (:id:, :payref:, :clientid:, :datecommande:, :status:, :datelivraison:, :lieulivraison:, :totalprix:)', [...], false)
 4 SYSTEMPATH\Model.php(383): CodeIgniter\Database\BaseBuilder->insert()
 5 SYSTEMPATH\BaseModel.php(840): CodeIgniter\Model->doInsert([...])
 6 SYSTEMPATH\Model.php(791): CodeIgniter\BaseModel->insert([...], true)
 7 APPPATH\Models\CommandModel.php(26): CodeIgniter\Model->insert([...])
 8 APPPATH\Controllers\Command.php(22): App\Models\CommandModel->addcommand()
 9 SYSTEMPATH\CodeIgniter.php(933): App\Controllers\Command->addcommand()
10 SYSTEMPATH\CodeIgniter.php(509): CodeIgniter\CodeIgniter->runController(Object(App\Controllers\Command))
11 SYSTEMPATH\CodeIgniter.php(355): CodeIgniter\CodeIgniter->handleRequest(null, Object(Config\Cache), false)
12 SYSTEMPATH\Boot.php(312): CodeIgniter\CodeIgniter->run()
13 SYSTEMPATH\Boot.php(67): CodeIgniter\Boot::runCodeIgniter(Object(CodeIgniter\CodeIgniter))
14 FCPATH\index.php(65): CodeIgniter\Boot::bootWeb(Object(Config\Paths))
15 SYSTEMPATH\Commands\Server\rewrite.php(49): require_once('Z:\\CodeIgniter\\newmarketplace\\public\\index.php')
CRITICAL - 2024-11-04 04:46:24 --> [Caused by] mysqli_sql_exception: CONSTRAINT `commandes.products` failed for `newmarket`.`commandes`
in SYSTEMPATH\Database\MySQLi\Connection.php on line 308.
 1 SYSTEMPATH\Database\MySQLi\Connection.php(308): mysqli->query('INSERT INTO `commandes` (`id`, `payref`, `clientid`, `datecommande`, `status`, `datelivraison`, `lieulivraison`, `totalprix`) VALUES (\'0347005238X101\', \'876878\', \'28\', \'04/11/2024 06:46\', 1, \'\', \'Lot GIV 104 MahazoAntananarivo 101 Madagascar\', 2000000)', 0)
 2 SYSTEMPATH\Database\BaseConnection.php(722): CodeIgniter\Database\MySQLi\Connection->execute('INSERT INTO `commandes` (`id`, `payref`, `clientid`, `datecommande`, `status`, `datelivraison`, `lieulivraison`, `totalprix`) VALUES (\'0347005238X101\', \'876878\', \'28\', \'04/11/2024 06:46\', 1, \'\', \'Lot GIV 104 MahazoAntananarivo 101 Madagascar\', 2000000)')
 3 SYSTEMPATH\Database\BaseConnection.php(636): CodeIgniter\Database\BaseConnection->simpleQuery('INSERT INTO `commandes` (`id`, `payref`, `clientid`, `datecommande`, `status`, `datelivraison`, `lieulivraison`, `totalprix`) VALUES (\'0347005238X101\', \'876878\', \'28\', \'04/11/2024 06:46\', 1, \'\', \'Lot GIV 104 MahazoAntananarivo 101 Madagascar\', 2000000)')
 4 SYSTEMPATH\Database\BaseBuilder.php(2325): CodeIgniter\Database\BaseConnection->query('INSERT INTO `commandes` (`id`, `payref`, `clientid`, `datecommande`, `status`, `datelivraison`, `lieulivraison`, `totalprix`) VALUES (:id:, :payref:, :clientid:, :datecommande:, :status:, :datelivraison:, :lieulivraison:, :totalprix:)', [...], false)
 5 SYSTEMPATH\Model.php(383): CodeIgniter\Database\BaseBuilder->insert()
 6 SYSTEMPATH\BaseModel.php(840): CodeIgniter\Model->doInsert([...])
 7 SYSTEMPATH\Model.php(791): CodeIgniter\BaseModel->insert([...], true)
 8 APPPATH\Models\CommandModel.php(26): CodeIgniter\Model->insert([...])
 9 APPPATH\Controllers\Command.php(22): App\Models\CommandModel->addcommand()
10 SYSTEMPATH\CodeIgniter.php(933): App\Controllers\Command->addcommand()
11 SYSTEMPATH\CodeIgniter.php(509): CodeIgniter\CodeIgniter->runController(Object(App\Controllers\Command))
12 SYSTEMPATH\CodeIgniter.php(355): CodeIgniter\CodeIgniter->handleRequest(null, Object(Config\Cache), false)
13 SYSTEMPATH\Boot.php(312): CodeIgniter\CodeIgniter->run()
14 SYSTEMPATH\Boot.php(67): CodeIgniter\Boot::runCodeIgniter(Object(CodeIgniter\CodeIgniter))
15 FCPATH\index.php(65): CodeIgniter\Boot::bootWeb(Object(Config\Paths))
16 SYSTEMPATH\Commands\Server\rewrite.php(49): require_once('Z:\\CodeIgniter\\newmarketplace\\public\\index.php')
CRITICAL - 2024-11-04 04:49:39 --> ErrorException: Array to string conversion
[Method: POST, Route: addcommand]
in SYSTEMPATH\Database\Query.php on line 331.
 1 [internal function]: CodeIgniter\Debug\Exceptions->errorHandler(2, 'Array to string conversion', 'Z:\\CodeIgniter\\newmarketplace\\system\\Database\\Query.php', 331)
 2 SYSTEMPATH\Database\Query.php(331): implode(',', [...])
 3 SYSTEMPATH\Database\Query.php(312): CodeIgniter\Database\Query->matchNamedBinds('INSERT INTO `commandes` (`id`, `payref`, `clientid`, `products`, `datecommande`, `status`, `datelivraison`, `lieulivraison`, `totalprix`) VALUES (:id:, :payref:, :clientid:, :products:, :datecommande:, :status:, :datelivraison:, :lieulivraison:, :totalprix:)', [...])
 4 SYSTEMPATH\Database\Query.php(163): CodeIgniter\Database\Query->compileBinds()
 5 SYSTEMPATH\Database\BaseConnection.php(636): CodeIgniter\Database\Query->getQuery()
 6 SYSTEMPATH\Database\BaseBuilder.php(2325): CodeIgniter\Database\BaseConnection->query('INSERT INTO `commandes` (`id`, `payref`, `clientid`, `products`, `datecommande`, `status`, `datelivraison`, `lieulivraison`, `totalprix`) VALUES (:id:, :payref:, :clientid:, :products:, :datecommande:, :status:, :datelivraison:, :lieulivraison:, :totalprix:)', [...], false)
 7 SYSTEMPATH\Model.php(383): CodeIgniter\Database\BaseBuilder->insert()
 8 SYSTEMPATH\BaseModel.php(840): CodeIgniter\Model->doInsert([...])
 9 SYSTEMPATH\Model.php(791): CodeIgniter\BaseModel->insert([...], true)
10 APPPATH\Models\CommandModel.php(27): CodeIgniter\Model->insert([...])
11 APPPATH\Controllers\Command.php(22): App\Models\CommandModel->addcommand()
12 SYSTEMPATH\CodeIgniter.php(933): App\Controllers\Command->addcommand()
13 SYSTEMPATH\CodeIgniter.php(509): CodeIgniter\CodeIgniter->runController(Object(App\Controllers\Command))
14 SYSTEMPATH\CodeIgniter.php(355): CodeIgniter\CodeIgniter->handleRequest(null, Object(Config\Cache), false)
15 SYSTEMPATH\Boot.php(312): CodeIgniter\CodeIgniter->run()
16 SYSTEMPATH\Boot.php(67): CodeIgniter\Boot::runCodeIgniter(Object(CodeIgniter\CodeIgniter))
17 FCPATH\index.php(65): CodeIgniter\Boot::bootWeb(Object(Config\Paths))
18 SYSTEMPATH\Commands\Server\rewrite.php(49): require_once('Z:\\CodeIgniter\\newmarketplace\\public\\index.php')
CRITICAL - 2024-11-04 04:58:58 --> ErrorException: Array to string conversion
[Method: POST, Route: addcommand]
in SYSTEMPATH\Database\Query.php on line 331.
 1 [internal function]: CodeIgniter\Debug\Exceptions->errorHandler(2, 'Array to string conversion', 'Z:\\CodeIgniter\\newmarketplace\\system\\Database\\Query.php', 331)
 2 SYSTEMPATH\Database\Query.php(331): implode(',', [...])
 3 SYSTEMPATH\Database\Query.php(312): CodeIgniter\Database\Query->matchNamedBinds('INSERT INTO `commandes` (`id`, `payref`, `clientid`, `products`, `datecommande`, `status`, `datelivraison`, `lieulivraison`, `totalprix`) VALUES (:id:, :payref:, :clientid:, :products:, :datecommande:, :status:, :datelivraison:, :lieulivraison:, :totalprix:)', [...])
 4 SYSTEMPATH\Database\Query.php(163): CodeIgniter\Database\Query->compileBinds()
 5 SYSTEMPATH\Database\BaseConnection.php(636): CodeIgniter\Database\Query->getQuery()
 6 SYSTEMPATH\Database\BaseBuilder.php(2325): CodeIgniter\Database\BaseConnection->query('INSERT INTO `commandes` (`id`, `payref`, `clientid`, `products`, `datecommande`, `status`, `datelivraison`, `lieulivraison`, `totalprix`) VALUES (:id:, :payref:, :clientid:, :products:, :datecommande:, :status:, :datelivraison:, :lieulivraison:, :totalprix:)', [...], false)
 7 SYSTEMPATH\Model.php(383): CodeIgniter\Database\BaseBuilder->insert()
 8 SYSTEMPATH\BaseModel.php(840): CodeIgniter\Model->doInsert([...])
 9 SYSTEMPATH\Model.php(791): CodeIgniter\BaseModel->insert([...], true)
10 APPPATH\Models\CommandModel.php(27): CodeIgniter\Model->insert([...])
11 APPPATH\Controllers\Command.php(22): App\Models\CommandModel->addcommand()
12 SYSTEMPATH\CodeIgniter.php(933): App\Controllers\Command->addcommand()
13 SYSTEMPATH\CodeIgniter.php(509): CodeIgniter\CodeIgniter->runController(Object(App\Controllers\Command))
14 SYSTEMPATH\CodeIgniter.php(355): CodeIgniter\CodeIgniter->handleRequest(null, Object(Config\Cache), false)
15 SYSTEMPATH\Boot.php(312): CodeIgniter\CodeIgniter->run()
16 SYSTEMPATH\Boot.php(67): CodeIgniter\Boot::runCodeIgniter(Object(CodeIgniter\CodeIgniter))
17 FCPATH\index.php(65): CodeIgniter\Boot::bootWeb(Object(Config\Paths))
18 SYSTEMPATH\Commands\Server\rewrite.php(49): require_once('Z:\\CodeIgniter\\newmarketplace\\public\\index.php')
ERROR - 2024-11-04 05:00:10 --> mysqli_sql_exception: CONSTRAINT `commandes.aboutcustomer` failed for `newmarket`.`commandes` in Z:\CodeIgniter\newmarketplace\system\Database\MySQLi\Connection.php:308
Stack trace:
#0 Z:\CodeIgniter\newmarketplace\system\Database\MySQLi\Connection.php(308): mysqli->query('INSERT INTO `co...', 0)
#1 Z:\CodeIgniter\newmarketplace\system\Database\BaseConnection.php(722): CodeIgniter\Database\MySQLi\Connection->execute('INSERT INTO `co...')
#2 Z:\CodeIgniter\newmarketplace\system\Database\BaseConnection.php(636): CodeIgniter\Database\BaseConnection->simpleQuery('INSERT INTO `co...')
#3 Z:\CodeIgniter\newmarketplace\system\Database\BaseBuilder.php(2325): CodeIgniter\Database\BaseConnection->query('INSERT INTO `co...', Array, false)
#4 Z:\CodeIgniter\newmarketplace\system\Model.php(383): CodeIgniter\Database\BaseBuilder->insert()
#5 Z:\CodeIgniter\newmarketplace\system\BaseModel.php(840): CodeIgniter\Model->doInsert(Array)
#6 Z:\CodeIgniter\newmarketplace\system\Model.php(791): CodeIgniter\BaseModel->insert(Array, true)
#7 Z:\CodeIgniter\newmarketplace\app\Models\CommandModel.php(27): CodeIgniter\Model->insert(Array)
#8 Z:\CodeIgniter\newmarketplace\app\Controllers\Command.php(22): App\Models\CommandModel->addcommand()
#9 Z:\CodeIgniter\newmarketplace\system\CodeIgniter.php(933): App\Controllers\Command->addcommand()
#10 Z:\CodeIgniter\newmarketplace\system\CodeIgniter.php(509): CodeIgniter\CodeIgniter->runController(Object(App\Controllers\Command))
#11 Z:\CodeIgniter\newmarketplace\system\CodeIgniter.php(355): CodeIgniter\CodeIgniter->handleRequest(NULL, Object(Config\Cache), false)
#12 Z:\CodeIgniter\newmarketplace\system\Boot.php(312): CodeIgniter\CodeIgniter->run()
#13 Z:\CodeIgniter\newmarketplace\system\Boot.php(67): CodeIgniter\Boot::runCodeIgniter(Object(CodeIgniter\CodeIgniter))
#14 Z:\CodeIgniter\newmarketplace\public\index.php(65): CodeIgniter\Boot::bootWeb(Object(Config\Paths))
#15 Z:\CodeIgniter\newmarketplace\system\Commands\Server\rewrite.php(49): require_once('Z:\\CodeIgniter\\...')
#16 {main}
CRITICAL - 2024-11-04 05:00:10 --> CodeIgniter\Database\Exceptions\DatabaseException: CONSTRAINT `commandes.aboutcustomer` failed for `newmarket`.`commandes`
[Method: POST, Route: addcommand]
in SYSTEMPATH\Database\BaseConnection.php on line 676.
 1 SYSTEMPATH\Database\BaseBuilder.php(2325): CodeIgniter\Database\BaseConnection->query('INSERT INTO `commandes` (`id`, `payref`, `clientid`, `products`, `datecommande`, `status`, `datelivraison`, `lieulivraison`, `totalprix`) VALUES (:id:, :payref:, :clientid:, :products:, :datecommande:, :status:, :datelivraison:, :lieulivraison:, :totalprix:)', [...], false)
 2 SYSTEMPATH\Model.php(383): CodeIgniter\Database\BaseBuilder->insert()
 3 SYSTEMPATH\BaseModel.php(840): CodeIgniter\Model->doInsert([...])
 4 SYSTEMPATH\Model.php(791): CodeIgniter\BaseModel->insert([...], true)
 5 APPPATH\Models\CommandModel.php(27): CodeIgniter\Model->insert([...])
 6 APPPATH\Controllers\Command.php(22): App\Models\CommandModel->addcommand()
 7 SYSTEMPATH\CodeIgniter.php(933): App\Controllers\Command->addcommand()
 8 SYSTEMPATH\CodeIgniter.php(509): CodeIgniter\CodeIgniter->runController(Object(App\Controllers\Command))
 9 SYSTEMPATH\CodeIgniter.php(355): CodeIgniter\CodeIgniter->handleRequest(null, Object(Config\Cache), false)
10 SYSTEMPATH\Boot.php(312): CodeIgniter\CodeIgniter->run()
11 SYSTEMPATH\Boot.php(67): CodeIgniter\Boot::runCodeIgniter(Object(CodeIgniter\CodeIgniter))
12 FCPATH\index.php(65): CodeIgniter\Boot::bootWeb(Object(Config\Paths))
13 SYSTEMPATH\Commands\Server\rewrite.php(49): require_once('Z:\\CodeIgniter\\newmarketplace\\public\\index.php')
CRITICAL - 2024-11-04 05:00:10 --> [Caused by] CodeIgniter\Database\Exceptions\DatabaseException: CONSTRAINT `commandes.aboutcustomer` failed for `newmarket`.`commandes`
in SYSTEMPATH\Database\MySQLi\Connection.php on line 313.
 1 SYSTEMPATH\Database\BaseConnection.php(722): CodeIgniter\Database\MySQLi\Connection->execute('INSERT INTO `commandes` (`id`, `payref`, `clientid`, `products`, `datecommande`, `status`, `datelivraison`, `lieulivraison`, `totalprix`) VALUES (\'0347005238X101\', \'65432\', \'28\', \'[{\\"productid\\":\\"1\\",\\"number\\":4}]\', \'04/11/2024 06:59\', 1, \'\', \'Lot GIV 104 MahazoAntananarivo 101 Madagascar\', 2000000)')
 2 SYSTEMPATH\Database\BaseConnection.php(636): CodeIgniter\Database\BaseConnection->simpleQuery('INSERT INTO `commandes` (`id`, `payref`, `clientid`, `products`, `datecommande`, `status`, `datelivraison`, `lieulivraison`, `totalprix`) VALUES (\'0347005238X101\', \'65432\', \'28\', \'[{\\"productid\\":\\"1\\",\\"number\\":4}]\', \'04/11/2024 06:59\', 1, \'\', \'Lot GIV 104 MahazoAntananarivo 101 Madagascar\', 2000000)')
 3 SYSTEMPATH\Database\BaseBuilder.php(2325): CodeIgniter\Database\BaseConnection->query('INSERT INTO `commandes` (`id`, `payref`, `clientid`, `products`, `datecommande`, `status`, `datelivraison`, `lieulivraison`, `totalprix`) VALUES (:id:, :payref:, :clientid:, :products:, :datecommande:, :status:, :datelivraison:, :lieulivraison:, :totalprix:)', [...], false)
 4 SYSTEMPATH\Model.php(383): CodeIgniter\Database\BaseBuilder->insert()
 5 SYSTEMPATH\BaseModel.php(840): CodeIgniter\Model->doInsert([...])
 6 SYSTEMPATH\Model.php(791): CodeIgniter\BaseModel->insert([...], true)
 7 APPPATH\Models\CommandModel.php(27): CodeIgniter\Model->insert([...])
 8 APPPATH\Controllers\Command.php(22): App\Models\CommandModel->addcommand()
 9 SYSTEMPATH\CodeIgniter.php(933): App\Controllers\Command->addcommand()
10 SYSTEMPATH\CodeIgniter.php(509): CodeIgniter\CodeIgniter->runController(Object(App\Controllers\Command))
11 SYSTEMPATH\CodeIgniter.php(355): CodeIgniter\CodeIgniter->handleRequest(null, Object(Config\Cache), false)
12 SYSTEMPATH\Boot.php(312): CodeIgniter\CodeIgniter->run()
13 SYSTEMPATH\Boot.php(67): CodeIgniter\Boot::runCodeIgniter(Object(CodeIgniter\CodeIgniter))
14 FCPATH\index.php(65): CodeIgniter\Boot::bootWeb(Object(Config\Paths))
15 SYSTEMPATH\Commands\Server\rewrite.php(49): require_once('Z:\\CodeIgniter\\newmarketplace\\public\\index.php')
CRITICAL - 2024-11-04 05:00:10 --> [Caused by] mysqli_sql_exception: CONSTRAINT `commandes.aboutcustomer` failed for `newmarket`.`commandes`
in SYSTEMPATH\Database\MySQLi\Connection.php on line 308.
 1 SYSTEMPATH\Database\MySQLi\Connection.php(308): mysqli->query('INSERT INTO `commandes` (`id`, `payref`, `clientid`, `products`, `datecommande`, `status`, `datelivraison`, `lieulivraison`, `totalprix`) VALUES (\'0347005238X101\', \'65432\', \'28\', \'[{\\"productid\\":\\"1\\",\\"number\\":4}]\', \'04/11/2024 06:59\', 1, \'\', \'Lot GIV 104 MahazoAntananarivo 101 Madagascar\', 2000000)', 0)
 2 SYSTEMPATH\Database\BaseConnection.php(722): CodeIgniter\Database\MySQLi\Connection->execute('INSERT INTO `commandes` (`id`, `payref`, `clientid`, `products`, `datecommande`, `status`, `datelivraison`, `lieulivraison`, `totalprix`) VALUES (\'0347005238X101\', \'65432\', \'28\', \'[{\\"productid\\":\\"1\\",\\"number\\":4}]\', \'04/11/2024 06:59\', 1, \'\', \'Lot GIV 104 MahazoAntananarivo 101 Madagascar\', 2000000)')
 3 SYSTEMPATH\Database\BaseConnection.php(636): CodeIgniter\Database\BaseConnection->simpleQuery('INSERT INTO `commandes` (`id`, `payref`, `clientid`, `products`, `datecommande`, `status`, `datelivraison`, `lieulivraison`, `totalprix`) VALUES (\'0347005238X101\', \'65432\', \'28\', \'[{\\"productid\\":\\"1\\",\\"number\\":4}]\', \'04/11/2024 06:59\', 1, \'\', \'Lot GIV 104 MahazoAntananarivo 101 Madagascar\', 2000000)')
 4 SYSTEMPATH\Database\BaseBuilder.php(2325): CodeIgniter\Database\BaseConnection->query('INSERT INTO `commandes` (`id`, `payref`, `clientid`, `products`, `datecommande`, `status`, `datelivraison`, `lieulivraison`, `totalprix`) VALUES (:id:, :payref:, :clientid:, :products:, :datecommande:, :status:, :datelivraison:, :lieulivraison:, :totalprix:)', [...], false)
 5 SYSTEMPATH\Model.php(383): CodeIgniter\Database\BaseBuilder->insert()
 6 SYSTEMPATH\BaseModel.php(840): CodeIgniter\Model->doInsert([...])
 7 SYSTEMPATH\Model.php(791): CodeIgniter\BaseModel->insert([...], true)
 8 APPPATH\Models\CommandModel.php(27): CodeIgniter\Model->insert([...])
 9 APPPATH\Controllers\Command.php(22): App\Models\CommandModel->addcommand()
10 SYSTEMPATH\CodeIgniter.php(933): App\Controllers\Command->addcommand()
11 SYSTEMPATH\CodeIgniter.php(509): CodeIgniter\CodeIgniter->runController(Object(App\Controllers\Command))
12 SYSTEMPATH\CodeIgniter.php(355): CodeIgniter\CodeIgniter->handleRequest(null, Object(Config\Cache), false)
13 SYSTEMPATH\Boot.php(312): CodeIgniter\CodeIgniter->run()
14 SYSTEMPATH\Boot.php(67): CodeIgniter\Boot::runCodeIgniter(Object(CodeIgniter\CodeIgniter))
15 FCPATH\index.php(65): CodeIgniter\Boot::bootWeb(Object(Config\Paths))
16 SYSTEMPATH\Commands\Server\rewrite.php(49): require_once('Z:\\CodeIgniter\\newmarketplace\\public\\index.php')
ERROR - 2024-11-04 05:10:35 --> mysqli_sql_exception: Duplicate entry '347005238' for key 'PRIMARY' in Z:\CodeIgniter\newmarketplace\system\Database\MySQLi\Connection.php:308
Stack trace:
#0 Z:\CodeIgniter\newmarketplace\system\Database\MySQLi\Connection.php(308): mysqli->query('INSERT INTO `co...', 0)
#1 Z:\CodeIgniter\newmarketplace\system\Database\BaseConnection.php(722): CodeIgniter\Database\MySQLi\Connection->execute('INSERT INTO `co...')
#2 Z:\CodeIgniter\newmarketplace\system\Database\BaseConnection.php(636): CodeIgniter\Database\BaseConnection->simpleQuery('INSERT INTO `co...')
#3 Z:\CodeIgniter\newmarketplace\system\Database\BaseBuilder.php(2325): CodeIgniter\Database\BaseConnection->query('INSERT INTO `co...', Array, false)
#4 Z:\CodeIgniter\newmarketplace\system\Model.php(383): CodeIgniter\Database\BaseBuilder->insert()
#5 Z:\CodeIgniter\newmarketplace\system\BaseModel.php(840): CodeIgniter\Model->doInsert(Array)
#6 Z:\CodeIgniter\newmarketplace\system\Model.php(791): CodeIgniter\BaseModel->insert(Array, true)
#7 Z:\CodeIgniter\newmarketplace\app\Models\CommandModel.php(27): CodeIgniter\Model->insert(Array)
#8 Z:\CodeIgniter\newmarketplace\app\Controllers\Command.php(22): App\Models\CommandModel->addcommand()
#9 Z:\CodeIgniter\newmarketplace\system\CodeIgniter.php(933): App\Controllers\Command->addcommand()
#10 Z:\CodeIgniter\newmarketplace\system\CodeIgniter.php(509): CodeIgniter\CodeIgniter->runController(Object(App\Controllers\Command))
#11 Z:\CodeIgniter\newmarketplace\system\CodeIgniter.php(355): CodeIgniter\CodeIgniter->handleRequest(NULL, Object(Config\Cache), false)
#12 Z:\CodeIgniter\newmarketplace\system\Boot.php(312): CodeIgniter\CodeIgniter->run()
#13 Z:\CodeIgniter\newmarketplace\system\Boot.php(67): CodeIgniter\Boot::runCodeIgniter(Object(CodeIgniter\CodeIgniter))
#14 Z:\CodeIgniter\newmarketplace\public\index.php(65): CodeIgniter\Boot::bootWeb(Object(Config\Paths))
#15 Z:\CodeIgniter\newmarketplace\system\Commands\Server\rewrite.php(49): require_once('Z:\\CodeIgniter\\...')
#16 {main}
CRITICAL - 2024-11-04 05:10:35 --> CodeIgniter\Database\Exceptions\DatabaseException: Duplicate entry '347005238' for key 'PRIMARY'
[Method: POST, Route: addcommand]
in SYSTEMPATH\Database\BaseConnection.php on line 676.
 1 SYSTEMPATH\Database\BaseBuilder.php(2325): CodeIgniter\Database\BaseConnection->query('INSERT INTO `commandes` (`id`, `payref`, `clientid`, `products`, `datecommande`, `status`, `datelivraison`, `lieulivraison`, `aboutcustomer`, `totalprix`) VALUES (:id:, :payref:, :clientid:, :products:, :datecommande:, :status:, :datelivraison:, :lieulivraison:, :aboutcustomer:, :totalprix:)', [...], false)
 2 SYSTEMPATH\Model.php(383): CodeIgniter\Database\BaseBuilder->insert()
 3 SYSTEMPATH\BaseModel.php(840): CodeIgniter\Model->doInsert([...])
 4 SYSTEMPATH\Model.php(791): CodeIgniter\BaseModel->insert([...], true)
 5 APPPATH\Models\CommandModel.php(27): CodeIgniter\Model->insert([...])
 6 APPPATH\Controllers\Command.php(22): App\Models\CommandModel->addcommand()
 7 SYSTEMPATH\CodeIgniter.php(933): App\Controllers\Command->addcommand()
 8 SYSTEMPATH\CodeIgniter.php(509): CodeIgniter\CodeIgniter->runController(Object(App\Controllers\Command))
 9 SYSTEMPATH\CodeIgniter.php(355): CodeIgniter\CodeIgniter->handleRequest(null, Object(Config\Cache), false)
10 SYSTEMPATH\Boot.php(312): CodeIgniter\CodeIgniter->run()
11 SYSTEMPATH\Boot.php(67): CodeIgniter\Boot::runCodeIgniter(Object(CodeIgniter\CodeIgniter))
12 FCPATH\index.php(65): CodeIgniter\Boot::bootWeb(Object(Config\Paths))
13 SYSTEMPATH\Commands\Server\rewrite.php(49): require_once('Z:\\CodeIgniter\\newmarketplace\\public\\index.php')
CRITICAL - 2024-11-04 05:10:35 --> [Caused by] CodeIgniter\Database\Exceptions\DatabaseException: Duplicate entry '347005238' for key 'PRIMARY'
in SYSTEMPATH\Database\MySQLi\Connection.php on line 313.
 1 SYSTEMPATH\Database\BaseConnection.php(722): CodeIgniter\Database\MySQLi\Connection->execute('INSERT INTO `commandes` (`id`, `payref`, `clientid`, `products`, `datecommande`, `status`, `datelivraison`, `lieulivraison`, `aboutcustomer`, `totalprix`) VALUES (\'0347005238X101\', \'4365480876\', \'28\', \'[{\\"productid\\":\\"137\\",\\"number\\":1},{\\"productid\\":\\"140\\",\\"number\\":8},{\\"productid\\":\\"60\\",\\"number\\":4}]\', \'04/11/2024 07:09\', 1, \'\', \'Lot GIV 104 MahazoAntananarivo 101 Madagascar\', \'{\\"nom\\":\\"ANDRIAMAHADY\\",\\"prenom\\":\\"Anjara\\",\\"adresse\\":\\"Lot GIV 104 Mahazo\\",\\"ville\\":\\"Antananarivo 101 Madagascar\\",\\"telephone\\":\\"0347005238\\",\\"mail\\":\\"anjara.fenosoa@gmail.com\\"}\', 5075000)')
 2 SYSTEMPATH\Database\BaseConnection.php(636): CodeIgniter\Database\BaseConnection->simpleQuery('INSERT INTO `commandes` (`id`, `payref`, `clientid`, `products`, `datecommande`, `status`, `datelivraison`, `lieulivraison`, `aboutcustomer`, `totalprix`) VALUES (\'0347005238X101\', \'4365480876\', \'28\', \'[{\\"productid\\":\\"137\\",\\"number\\":1},{\\"productid\\":\\"140\\",\\"number\\":8},{\\"productid\\":\\"60\\",\\"number\\":4}]\', \'04/11/2024 07:09\', 1, \'\', \'Lot GIV 104 MahazoAntananarivo 101 Madagascar\', \'{\\"nom\\":\\"ANDRIAMAHADY\\",\\"prenom\\":\\"Anjara\\",\\"adresse\\":\\"Lot GIV 104 Mahazo\\",\\"ville\\":\\"Antananarivo 101 Madagascar\\",\\"telephone\\":\\"0347005238\\",\\"mail\\":\\"anjara.fenosoa@gmail.com\\"}\', 5075000)')
 3 SYSTEMPATH\Database\BaseBuilder.php(2325): CodeIgniter\Database\BaseConnection->query('INSERT INTO `commandes` (`id`, `payref`, `clientid`, `products`, `datecommande`, `status`, `datelivraison`, `lieulivraison`, `aboutcustomer`, `totalprix`) VALUES (:id:, :payref:, :clientid:, :products:, :datecommande:, :status:, :datelivraison:, :lieulivraison:, :aboutcustomer:, :totalprix:)', [...], false)
 4 SYSTEMPATH\Model.php(383): CodeIgniter\Database\BaseBuilder->insert()
 5 SYSTEMPATH\BaseModel.php(840): CodeIgniter\Model->doInsert([...])
 6 SYSTEMPATH\Model.php(791): CodeIgniter\BaseModel->insert([...], true)
 7 APPPATH\Models\CommandModel.php(27): CodeIgniter\Model->insert([...])
 8 APPPATH\Controllers\Command.php(22): App\Models\CommandModel->addcommand()
 9 SYSTEMPATH\CodeIgniter.php(933): App\Controllers\Command->addcommand()
10 SYSTEMPATH\CodeIgniter.php(509): CodeIgniter\CodeIgniter->runController(Object(App\Controllers\Command))
11 SYSTEMPATH\CodeIgniter.php(355): CodeIgniter\CodeIgniter->handleRequest(null, Object(Config\Cache), false)
12 SYSTEMPATH\Boot.php(312): CodeIgniter\CodeIgniter->run()
13 SYSTEMPATH\Boot.php(67): CodeIgniter\Boot::runCodeIgniter(Object(CodeIgniter\CodeIgniter))
14 FCPATH\index.php(65): CodeIgniter\Boot::bootWeb(Object(Config\Paths))
15 SYSTEMPATH\Commands\Server\rewrite.php(49): require_once('Z:\\CodeIgniter\\newmarketplace\\public\\index.php')
CRITICAL - 2024-11-04 05:10:35 --> [Caused by] mysqli_sql_exception: Duplicate entry '347005238' for key 'PRIMARY'
in SYSTEMPATH\Database\MySQLi\Connection.php on line 308.
 1 SYSTEMPATH\Database\MySQLi\Connection.php(308): mysqli->query('INSERT INTO `commandes` (`id`, `payref`, `clientid`, `products`, `datecommande`, `status`, `datelivraison`, `lieulivraison`, `aboutcustomer`, `totalprix`) VALUES (\'0347005238X101\', \'4365480876\', \'28\', \'[{\\"productid\\":\\"137\\",\\"number\\":1},{\\"productid\\":\\"140\\",\\"number\\":8},{\\"productid\\":\\"60\\",\\"number\\":4}]\', \'04/11/2024 07:09\', 1, \'\', \'Lot GIV 104 MahazoAntananarivo 101 Madagascar\', \'{\\"nom\\":\\"ANDRIAMAHADY\\",\\"prenom\\":\\"Anjara\\",\\"adresse\\":\\"Lot GIV 104 Mahazo\\",\\"ville\\":\\"Antananarivo 101 Madagascar\\",\\"telephone\\":\\"0347005238\\",\\"mail\\":\\"anjara.fenosoa@gmail.com\\"}\', 5075000)', 0)
 2 SYSTEMPATH\Database\BaseConnection.php(722): CodeIgniter\Database\MySQLi\Connection->execute('INSERT INTO `commandes` (`id`, `payref`, `clientid`, `products`, `datecommande`, `status`, `datelivraison`, `lieulivraison`, `aboutcustomer`, `totalprix`) VALUES (\'0347005238X101\', \'4365480876\', \'28\', \'[{\\"productid\\":\\"137\\",\\"number\\":1},{\\"productid\\":\\"140\\",\\"number\\":8},{\\"productid\\":\\"60\\",\\"number\\":4}]\', \'04/11/2024 07:09\', 1, \'\', \'Lot GIV 104 MahazoAntananarivo 101 Madagascar\', \'{\\"nom\\":\\"ANDRIAMAHADY\\",\\"prenom\\":\\"Anjara\\",\\"adresse\\":\\"Lot GIV 104 Mahazo\\",\\"ville\\":\\"Antananarivo 101 Madagascar\\",\\"telephone\\":\\"0347005238\\",\\"mail\\":\\"anjara.fenosoa@gmail.com\\"}\', 5075000)')
 3 SYSTEMPATH\Database\BaseConnection.php(636): CodeIgniter\Database\BaseConnection->simpleQuery('INSERT INTO `commandes` (`id`, `payref`, `clientid`, `products`, `datecommande`, `status`, `datelivraison`, `lieulivraison`, `aboutcustomer`, `totalprix`) VALUES (\'0347005238X101\', \'4365480876\', \'28\', \'[{\\"productid\\":\\"137\\",\\"number\\":1},{\\"productid\\":\\"140\\",\\"number\\":8},{\\"productid\\":\\"60\\",\\"number\\":4}]\', \'04/11/2024 07:09\', 1, \'\', \'Lot GIV 104 MahazoAntananarivo 101 Madagascar\', \'{\\"nom\\":\\"ANDRIAMAHADY\\",\\"prenom\\":\\"Anjara\\",\\"adresse\\":\\"Lot GIV 104 Mahazo\\",\\"ville\\":\\"Antananarivo 101 Madagascar\\",\\"telephone\\":\\"0347005238\\",\\"mail\\":\\"anjara.fenosoa@gmail.com\\"}\', 5075000)')
 4 SYSTEMPATH\Database\BaseBuilder.php(2325): CodeIgniter\Database\BaseConnection->query('INSERT INTO `commandes` (`id`, `payref`, `clientid`, `products`, `datecommande`, `status`, `datelivraison`, `lieulivraison`, `aboutcustomer`, `totalprix`) VALUES (:id:, :payref:, :clientid:, :products:, :datecommande:, :status:, :datelivraison:, :lieulivraison:, :aboutcustomer:, :totalprix:)', [...], false)
 5 SYSTEMPATH\Model.php(383): CodeIgniter\Database\BaseBuilder->insert()
 6 SYSTEMPATH\BaseModel.php(840): CodeIgniter\Model->doInsert([...])
 7 SYSTEMPATH\Model.php(791): CodeIgniter\BaseModel->insert([...], true)
 8 APPPATH\Models\CommandModel.php(27): CodeIgniter\Model->insert([...])
 9 APPPATH\Controllers\Command.php(22): App\Models\CommandModel->addcommand()
10 SYSTEMPATH\CodeIgniter.php(933): App\Controllers\Command->addcommand()
11 SYSTEMPATH\CodeIgniter.php(509): CodeIgniter\CodeIgniter->runController(Object(App\Controllers\Command))
12 SYSTEMPATH\CodeIgniter.php(355): CodeIgniter\CodeIgniter->handleRequest(null, Object(Config\Cache), false)
13 SYSTEMPATH\Boot.php(312): CodeIgniter\CodeIgniter->run()
14 SYSTEMPATH\Boot.php(67): CodeIgniter\Boot::runCodeIgniter(Object(CodeIgniter\CodeIgniter))
15 FCPATH\index.php(65): CodeIgniter\Boot::bootWeb(Object(Config\Paths))
16 SYSTEMPATH\Commands\Server\rewrite.php(49): require_once('Z:\\CodeIgniter\\newmarketplace\\public\\index.php')
ERROR - 2024-11-04 06:17:27 --> mysqli_sql_exception: Duplicate entry '347005238' for key 'PRIMARY' in Z:\CodeIgniter\newmarketplace\system\Database\MySQLi\Connection.php:308
Stack trace:
#0 Z:\CodeIgniter\newmarketplace\system\Database\MySQLi\Connection.php(308): mysqli->query('INSERT INTO `co...', 0)
#1 Z:\CodeIgniter\newmarketplace\system\Database\BaseConnection.php(722): CodeIgniter\Database\MySQLi\Connection->execute('INSERT INTO `co...')
#2 Z:\CodeIgniter\newmarketplace\system\Database\BaseConnection.php(636): CodeIgniter\Database\BaseConnection->simpleQuery('INSERT INTO `co...')
#3 Z:\CodeIgniter\newmarketplace\system\Database\BaseBuilder.php(2325): CodeIgniter\Database\BaseConnection->query('INSERT INTO `co...', Array, false)
#4 Z:\CodeIgniter\newmarketplace\system\Model.php(383): CodeIgniter\Database\BaseBuilder->insert()
#5 Z:\CodeIgniter\newmarketplace\system\BaseModel.php(840): CodeIgniter\Model->doInsert(Array)
#6 Z:\CodeIgniter\newmarketplace\system\Model.php(791): CodeIgniter\BaseModel->insert(Array, true)
#7 Z:\CodeIgniter\newmarketplace\app\Models\CommandModel.php(27): CodeIgniter\Model->insert(Array)
#8 Z:\CodeIgniter\newmarketplace\app\Controllers\Command.php(22): App\Models\CommandModel->addcommand()
#9 Z:\CodeIgniter\newmarketplace\system\CodeIgniter.php(933): App\Controllers\Command->addcommand()
#10 Z:\CodeIgniter\newmarketplace\system\CodeIgniter.php(509): CodeIgniter\CodeIgniter->runController(Object(App\Controllers\Command))
#11 Z:\CodeIgniter\newmarketplace\system\CodeIgniter.php(355): CodeIgniter\CodeIgniter->handleRequest(NULL, Object(Config\Cache), false)
#12 Z:\CodeIgniter\newmarketplace\system\Boot.php(312): CodeIgniter\CodeIgniter->run()
#13 Z:\CodeIgniter\newmarketplace\system\Boot.php(67): CodeIgniter\Boot::runCodeIgniter(Object(CodeIgniter\CodeIgniter))
#14 Z:\CodeIgniter\newmarketplace\public\index.php(65): CodeIgniter\Boot::bootWeb(Object(Config\Paths))
#15 Z:\CodeIgniter\newmarketplace\system\Commands\Server\rewrite.php(49): require_once('Z:\\CodeIgniter\\...')
#16 {main}
CRITICAL - 2024-11-04 06:17:27 --> CodeIgniter\Database\Exceptions\DatabaseException: Duplicate entry '347005238' for key 'PRIMARY'
[Method: POST, Route: addcommand]
in SYSTEMPATH\Database\BaseConnection.php on line 676.
 1 SYSTEMPATH\Database\BaseBuilder.php(2325): CodeIgniter\Database\BaseConnection->query('INSERT INTO `commandes` (`id`, `payref`, `clientid`, `products`, `datecommande`, `status`, `datelivraison`, `lieulivraison`, `aboutcustomer`, `totalprix`) VALUES (:id:, :payref:, :clientid:, :products:, :datecommande:, :status:, :datelivraison:, :lieulivraison:, :aboutcustomer:, :totalprix:)', [...], false)
 2 SYSTEMPATH\Model.php(383): CodeIgniter\Database\BaseBuilder->insert()
 3 SYSTEMPATH\BaseModel.php(840): CodeIgniter\Model->doInsert([...])
 4 SYSTEMPATH\Model.php(791): CodeIgniter\BaseModel->insert([...], true)
 5 APPPATH\Models\CommandModel.php(27): CodeIgniter\Model->insert([...])
 6 APPPATH\Controllers\Command.php(22): App\Models\CommandModel->addcommand()
 7 SYSTEMPATH\CodeIgniter.php(933): App\Controllers\Command->addcommand()
 8 SYSTEMPATH\CodeIgniter.php(509): CodeIgniter\CodeIgniter->runController(Object(App\Controllers\Command))
 9 SYSTEMPATH\CodeIgniter.php(355): CodeIgniter\CodeIgniter->handleRequest(null, Object(Config\Cache), false)
10 SYSTEMPATH\Boot.php(312): CodeIgniter\CodeIgniter->run()
11 SYSTEMPATH\Boot.php(67): CodeIgniter\Boot::runCodeIgniter(Object(CodeIgniter\CodeIgniter))
12 FCPATH\index.php(65): CodeIgniter\Boot::bootWeb(Object(Config\Paths))
13 SYSTEMPATH\Commands\Server\rewrite.php(49): require_once('Z:\\CodeIgniter\\newmarketplace\\public\\index.php')
CRITICAL - 2024-11-04 06:17:27 --> [Caused by] CodeIgniter\Database\Exceptions\DatabaseException: Duplicate entry '347005238' for key 'PRIMARY'
in SYSTEMPATH\Database\MySQLi\Connection.php on line 313.
 1 SYSTEMPATH\Database\BaseConnection.php(722): CodeIgniter\Database\MySQLi\Connection->execute('INSERT INTO `commandes` (`id`, `payref`, `clientid`, `products`, `datecommande`, `status`, `datelivraison`, `lieulivraison`, `aboutcustomer`, `totalprix`) VALUES (\'0347005238X101\', \'4365480876\', \'28\', \'[{\\"productid\\":\\"137\\",\\"number\\":1},{\\"productid\\":\\"140\\",\\"number\\":8},{\\"productid\\":\\"60\\",\\"number\\":4}]\', \'04/11/2024 07:09\', 1, \'\', \'Lot GIV 104 MahazoAntananarivo 101 Madagascar\', \'{\\"nom\\":\\"ANDRIAMAHADY\\",\\"prenom\\":\\"Anjara\\",\\"adresse\\":\\"Lot GIV 104 Mahazo\\",\\"ville\\":\\"Antananarivo 101 Madagascar\\",\\"telephone\\":\\"0347005238\\",\\"mail\\":\\"anjara.fenosoa@gmail.com\\"}\', 5075000)')
 2 SYSTEMPATH\Database\BaseConnection.php(636): CodeIgniter\Database\BaseConnection->simpleQuery('INSERT INTO `commandes` (`id`, `payref`, `clientid`, `products`, `datecommande`, `status`, `datelivraison`, `lieulivraison`, `aboutcustomer`, `totalprix`) VALUES (\'0347005238X101\', \'4365480876\', \'28\', \'[{\\"productid\\":\\"137\\",\\"number\\":1},{\\"productid\\":\\"140\\",\\"number\\":8},{\\"productid\\":\\"60\\",\\"number\\":4}]\', \'04/11/2024 07:09\', 1, \'\', \'Lot GIV 104 MahazoAntananarivo 101 Madagascar\', \'{\\"nom\\":\\"ANDRIAMAHADY\\",\\"prenom\\":\\"Anjara\\",\\"adresse\\":\\"Lot GIV 104 Mahazo\\",\\"ville\\":\\"Antananarivo 101 Madagascar\\",\\"telephone\\":\\"0347005238\\",\\"mail\\":\\"anjara.fenosoa@gmail.com\\"}\', 5075000)')
 3 SYSTEMPATH\Database\BaseBuilder.php(2325): CodeIgniter\Database\BaseConnection->query('INSERT INTO `commandes` (`id`, `payref`, `clientid`, `products`, `datecommande`, `status`, `datelivraison`, `lieulivraison`, `aboutcustomer`, `totalprix`) VALUES (:id:, :payref:, :clientid:, :products:, :datecommande:, :status:, :datelivraison:, :lieulivraison:, :aboutcustomer:, :totalprix:)', [...], false)
 4 SYSTEMPATH\Model.php(383): CodeIgniter\Database\BaseBuilder->insert()
 5 SYSTEMPATH\BaseModel.php(840): CodeIgniter\Model->doInsert([...])
 6 SYSTEMPATH\Model.php(791): CodeIgniter\BaseModel->insert([...], true)
 7 APPPATH\Models\CommandModel.php(27): CodeIgniter\Model->insert([...])
 8 APPPATH\Controllers\Command.php(22): App\Models\CommandModel->addcommand()
 9 SYSTEMPATH\CodeIgniter.php(933): App\Controllers\Command->addcommand()
10 SYSTEMPATH\CodeIgniter.php(509): CodeIgniter\CodeIgniter->runController(Object(App\Controllers\Command))
11 SYSTEMPATH\CodeIgniter.php(355): CodeIgniter\CodeIgniter->handleRequest(null, Object(Config\Cache), false)
12 SYSTEMPATH\Boot.php(312): CodeIgniter\CodeIgniter->run()
13 SYSTEMPATH\Boot.php(67): CodeIgniter\Boot::runCodeIgniter(Object(CodeIgniter\CodeIgniter))
14 FCPATH\index.php(65): CodeIgniter\Boot::bootWeb(Object(Config\Paths))
15 SYSTEMPATH\Commands\Server\rewrite.php(49): require_once('Z:\\CodeIgniter\\newmarketplace\\public\\index.php')
CRITICAL - 2024-11-04 06:17:27 --> [Caused by] mysqli_sql_exception: Duplicate entry '347005238' for key 'PRIMARY'
in SYSTEMPATH\Database\MySQLi\Connection.php on line 308.
 1 SYSTEMPATH\Database\MySQLi\Connection.php(308): mysqli->query('INSERT INTO `commandes` (`id`, `payref`, `clientid`, `products`, `datecommande`, `status`, `datelivraison`, `lieulivraison`, `aboutcustomer`, `totalprix`) VALUES (\'0347005238X101\', \'4365480876\', \'28\', \'[{\\"productid\\":\\"137\\",\\"number\\":1},{\\"productid\\":\\"140\\",\\"number\\":8},{\\"productid\\":\\"60\\",\\"number\\":4}]\', \'04/11/2024 07:09\', 1, \'\', \'Lot GIV 104 MahazoAntananarivo 101 Madagascar\', \'{\\"nom\\":\\"ANDRIAMAHADY\\",\\"prenom\\":\\"Anjara\\",\\"adresse\\":\\"Lot GIV 104 Mahazo\\",\\"ville\\":\\"Antananarivo 101 Madagascar\\",\\"telephone\\":\\"0347005238\\",\\"mail\\":\\"anjara.fenosoa@gmail.com\\"}\', 5075000)', 0)
 2 SYSTEMPATH\Database\BaseConnection.php(722): CodeIgniter\Database\MySQLi\Connection->execute('INSERT INTO `commandes` (`id`, `payref`, `clientid`, `products`, `datecommande`, `status`, `datelivraison`, `lieulivraison`, `aboutcustomer`, `totalprix`) VALUES (\'0347005238X101\', \'4365480876\', \'28\', \'[{\\"productid\\":\\"137\\",\\"number\\":1},{\\"productid\\":\\"140\\",\\"number\\":8},{\\"productid\\":\\"60\\",\\"number\\":4}]\', \'04/11/2024 07:09\', 1, \'\', \'Lot GIV 104 MahazoAntananarivo 101 Madagascar\', \'{\\"nom\\":\\"ANDRIAMAHADY\\",\\"prenom\\":\\"Anjara\\",\\"adresse\\":\\"Lot GIV 104 Mahazo\\",\\"ville\\":\\"Antananarivo 101 Madagascar\\",\\"telephone\\":\\"0347005238\\",\\"mail\\":\\"anjara.fenosoa@gmail.com\\"}\', 5075000)')
 3 SYSTEMPATH\Database\BaseConnection.php(636): CodeIgniter\Database\BaseConnection->simpleQuery('INSERT INTO `commandes` (`id`, `payref`, `clientid`, `products`, `datecommande`, `status`, `datelivraison`, `lieulivraison`, `aboutcustomer`, `totalprix`) VALUES (\'0347005238X101\', \'4365480876\', \'28\', \'[{\\"productid\\":\\"137\\",\\"number\\":1},{\\"productid\\":\\"140\\",\\"number\\":8},{\\"productid\\":\\"60\\",\\"number\\":4}]\', \'04/11/2024 07:09\', 1, \'\', \'Lot GIV 104 MahazoAntananarivo 101 Madagascar\', \'{\\"nom\\":\\"ANDRIAMAHADY\\",\\"prenom\\":\\"Anjara\\",\\"adresse\\":\\"Lot GIV 104 Mahazo\\",\\"ville\\":\\"Antananarivo 101 Madagascar\\",\\"telephone\\":\\"0347005238\\",\\"mail\\":\\"anjara.fenosoa@gmail.com\\"}\', 5075000)')
 4 SYSTEMPATH\Database\BaseBuilder.php(2325): CodeIgniter\Database\BaseConnection->query('INSERT INTO `commandes` (`id`, `payref`, `clientid`, `products`, `datecommande`, `status`, `datelivraison`, `lieulivraison`, `aboutcustomer`, `totalprix`) VALUES (:id:, :payref:, :clientid:, :products:, :datecommande:, :status:, :datelivraison:, :lieulivraison:, :aboutcustomer:, :totalprix:)', [...], false)
 5 SYSTEMPATH\Model.php(383): CodeIgniter\Database\BaseBuilder->insert()
 6 SYSTEMPATH\BaseModel.php(840): CodeIgniter\Model->doInsert([...])
 7 SYSTEMPATH\Model.php(791): CodeIgniter\BaseModel->insert([...], true)
 8 APPPATH\Models\CommandModel.php(27): CodeIgniter\Model->insert([...])
 9 APPPATH\Controllers\Command.php(22): App\Models\CommandModel->addcommand()
10 SYSTEMPATH\CodeIgniter.php(933): App\Controllers\Command->addcommand()
11 SYSTEMPATH\CodeIgniter.php(509): CodeIgniter\CodeIgniter->runController(Object(App\Controllers\Command))
12 SYSTEMPATH\CodeIgniter.php(355): CodeIgniter\CodeIgniter->handleRequest(null, Object(Config\Cache), false)
13 SYSTEMPATH\Boot.php(312): CodeIgniter\CodeIgniter->run()
14 SYSTEMPATH\Boot.php(67): CodeIgniter\Boot::runCodeIgniter(Object(CodeIgniter\CodeIgniter))
15 FCPATH\index.php(65): CodeIgniter\Boot::bootWeb(Object(Config\Paths))
16 SYSTEMPATH\Commands\Server\rewrite.php(49): require_once('Z:\\CodeIgniter\\newmarketplace\\public\\index.php')
ERROR - 2024-11-04 06:19:09 --> mysqli_sql_exception: Duplicate entry '347005238' for key 'PRIMARY' in Z:\CodeIgniter\newmarketplace\system\Database\MySQLi\Connection.php:308
Stack trace:
#0 Z:\CodeIgniter\newmarketplace\system\Database\MySQLi\Connection.php(308): mysqli->query('INSERT INTO `co...', 0)
#1 Z:\CodeIgniter\newmarketplace\system\Database\BaseConnection.php(722): CodeIgniter\Database\MySQLi\Connection->execute('INSERT INTO `co...')
#2 Z:\CodeIgniter\newmarketplace\system\Database\BaseConnection.php(636): CodeIgniter\Database\BaseConnection->simpleQuery('INSERT INTO `co...')
#3 Z:\CodeIgniter\newmarketplace\system\Database\BaseBuilder.php(2325): CodeIgniter\Database\BaseConnection->query('INSERT INTO `co...', Array, false)
#4 Z:\CodeIgniter\newmarketplace\system\Model.php(383): CodeIgniter\Database\BaseBuilder->insert()
#5 Z:\CodeIgniter\newmarketplace\system\BaseModel.php(840): CodeIgniter\Model->doInsert(Array)
#6 Z:\CodeIgniter\newmarketplace\system\Model.php(791): CodeIgniter\BaseModel->insert(Array, true)
#7 Z:\CodeIgniter\newmarketplace\app\Models\CommandModel.php(27): CodeIgniter\Model->insert(Array)
#8 Z:\CodeIgniter\newmarketplace\app\Controllers\Command.php(22): App\Models\CommandModel->addcommand()
#9 Z:\CodeIgniter\newmarketplace\system\CodeIgniter.php(933): App\Controllers\Command->addcommand()
#10 Z:\CodeIgniter\newmarketplace\system\CodeIgniter.php(509): CodeIgniter\CodeIgniter->runController(Object(App\Controllers\Command))
#11 Z:\CodeIgniter\newmarketplace\system\CodeIgniter.php(355): CodeIgniter\CodeIgniter->handleRequest(NULL, Object(Config\Cache), false)
#12 Z:\CodeIgniter\newmarketplace\system\Boot.php(312): CodeIgniter\CodeIgniter->run()
#13 Z:\CodeIgniter\newmarketplace\system\Boot.php(67): CodeIgniter\Boot::runCodeIgniter(Object(CodeIgniter\CodeIgniter))
#14 Z:\CodeIgniter\newmarketplace\public\index.php(65): CodeIgniter\Boot::bootWeb(Object(Config\Paths))
#15 Z:\CodeIgniter\newmarketplace\system\Commands\Server\rewrite.php(49): require_once('Z:\\CodeIgniter\\...')
#16 {main}
CRITICAL - 2024-11-04 06:19:09 --> CodeIgniter\Database\Exceptions\DatabaseException: Duplicate entry '347005238' for key 'PRIMARY'
[Method: POST, Route: addcommand]
in SYSTEMPATH\Database\BaseConnection.php on line 676.
 1 SYSTEMPATH\Database\BaseBuilder.php(2325): CodeIgniter\Database\BaseConnection->query('INSERT INTO `commandes` (`id`, `payref`, `clientid`, `products`, `datecommande`, `status`, `datelivraison`, `lieulivraison`, `aboutcustomer`, `totalprix`) VALUES (:id:, :payref:, :clientid:, :products:, :datecommande:, :status:, :datelivraison:, :lieulivraison:, :aboutcustomer:, :totalprix:)', [...], false)
 2 SYSTEMPATH\Model.php(383): CodeIgniter\Database\BaseBuilder->insert()
 3 SYSTEMPATH\BaseModel.php(840): CodeIgniter\Model->doInsert([...])
 4 SYSTEMPATH\Model.php(791): CodeIgniter\BaseModel->insert([...], true)
 5 APPPATH\Models\CommandModel.php(27): CodeIgniter\Model->insert([...])
 6 APPPATH\Controllers\Command.php(22): App\Models\CommandModel->addcommand()
 7 SYSTEMPATH\CodeIgniter.php(933): App\Controllers\Command->addcommand()
 8 SYSTEMPATH\CodeIgniter.php(509): CodeIgniter\CodeIgniter->runController(Object(App\Controllers\Command))
 9 SYSTEMPATH\CodeIgniter.php(355): CodeIgniter\CodeIgniter->handleRequest(null, Object(Config\Cache), false)
10 SYSTEMPATH\Boot.php(312): CodeIgniter\CodeIgniter->run()
11 SYSTEMPATH\Boot.php(67): CodeIgniter\Boot::runCodeIgniter(Object(CodeIgniter\CodeIgniter))
12 FCPATH\index.php(65): CodeIgniter\Boot::bootWeb(Object(Config\Paths))
13 SYSTEMPATH\Commands\Server\rewrite.php(49): require_once('Z:\\CodeIgniter\\newmarketplace\\public\\index.php')
CRITICAL - 2024-11-04 06:19:09 --> [Caused by] CodeIgniter\Database\Exceptions\DatabaseException: Duplicate entry '347005238' for key 'PRIMARY'
in SYSTEMPATH\Database\MySQLi\Connection.php on line 313.
 1 SYSTEMPATH\Database\BaseConnection.php(722): CodeIgniter\Database\MySQLi\Connection->execute('INSERT INTO `commandes` (`id`, `payref`, `clientid`, `products`, `datecommande`, `status`, `datelivraison`, `lieulivraison`, `aboutcustomer`, `totalprix`) VALUES (\'0347005238X101\', \'98435287\', \'28\', \'[{\\"productid\\":\\"137\\",\\"number\\":1},{\\"productid\\":\\"140\\",\\"number\\":8},{\\"productid\\":\\"60\\",\\"number\\":4}]\', \'04/11/2024 08:18\', 1, \'\', \'Lot GIV 104 MahazoAntananarivo 101 Madagascar\', \'{\\"nom\\":\\"ANDRIAMAHADY\\",\\"prenom\\":\\"Anjara\\",\\"adresse\\":\\"Lot GIV 104 Mahazo\\",\\"ville\\":\\"Antananarivo 101 Madagascar\\",\\"telephone\\":\\"0347005238\\",\\"mail\\":\\"anjara.fenosoa@gmail.com\\"}\', 5075000)')
 2 SYSTEMPATH\Database\BaseConnection.php(636): CodeIgniter\Database\BaseConnection->simpleQuery('INSERT INTO `commandes` (`id`, `payref`, `clientid`, `products`, `datecommande`, `status`, `datelivraison`, `lieulivraison`, `aboutcustomer`, `totalprix`) VALUES (\'0347005238X101\', \'98435287\', \'28\', \'[{\\"productid\\":\\"137\\",\\"number\\":1},{\\"productid\\":\\"140\\",\\"number\\":8},{\\"productid\\":\\"60\\",\\"number\\":4}]\', \'04/11/2024 08:18\', 1, \'\', \'Lot GIV 104 MahazoAntananarivo 101 Madagascar\', \'{\\"nom\\":\\"ANDRIAMAHADY\\",\\"prenom\\":\\"Anjara\\",\\"adresse\\":\\"Lot GIV 104 Mahazo\\",\\"ville\\":\\"Antananarivo 101 Madagascar\\",\\"telephone\\":\\"0347005238\\",\\"mail\\":\\"anjara.fenosoa@gmail.com\\"}\', 5075000)')
 3 SYSTEMPATH\Database\BaseBuilder.php(2325): CodeIgniter\Database\BaseConnection->query('INSERT INTO `commandes` (`id`, `payref`, `clientid`, `products`, `datecommande`, `status`, `datelivraison`, `lieulivraison`, `aboutcustomer`, `totalprix`) VALUES (:id:, :payref:, :clientid:, :products:, :datecommande:, :status:, :datelivraison:, :lieulivraison:, :aboutcustomer:, :totalprix:)', [...], false)
 4 SYSTEMPATH\Model.php(383): CodeIgniter\Database\BaseBuilder->insert()
 5 SYSTEMPATH\BaseModel.php(840): CodeIgniter\Model->doInsert([...])
 6 SYSTEMPATH\Model.php(791): CodeIgniter\BaseModel->insert([...], true)
 7 APPPATH\Models\CommandModel.php(27): CodeIgniter\Model->insert([...])
 8 APPPATH\Controllers\Command.php(22): App\Models\CommandModel->addcommand()
 9 SYSTEMPATH\CodeIgniter.php(933): App\Controllers\Command->addcommand()
10 SYSTEMPATH\CodeIgniter.php(509): CodeIgniter\CodeIgniter->runController(Object(App\Controllers\Command))
11 SYSTEMPATH\CodeIgniter.php(355): CodeIgniter\CodeIgniter->handleRequest(null, Object(Config\Cache), false)
12 SYSTEMPATH\Boot.php(312): CodeIgniter\CodeIgniter->run()
13 SYSTEMPATH\Boot.php(67): CodeIgniter\Boot::runCodeIgniter(Object(CodeIgniter\CodeIgniter))
14 FCPATH\index.php(65): CodeIgniter\Boot::bootWeb(Object(Config\Paths))
15 SYSTEMPATH\Commands\Server\rewrite.php(49): require_once('Z:\\CodeIgniter\\newmarketplace\\public\\index.php')
CRITICAL - 2024-11-04 06:19:09 --> [Caused by] mysqli_sql_exception: Duplicate entry '347005238' for key 'PRIMARY'
in SYSTEMPATH\Database\MySQLi\Connection.php on line 308.
 1 SYSTEMPATH\Database\MySQLi\Connection.php(308): mysqli->query('INSERT INTO `commandes` (`id`, `payref`, `clientid`, `products`, `datecommande`, `status`, `datelivraison`, `lieulivraison`, `aboutcustomer`, `totalprix`) VALUES (\'0347005238X101\', \'98435287\', \'28\', \'[{\\"productid\\":\\"137\\",\\"number\\":1},{\\"productid\\":\\"140\\",\\"number\\":8},{\\"productid\\":\\"60\\",\\"number\\":4}]\', \'04/11/2024 08:18\', 1, \'\', \'Lot GIV 104 MahazoAntananarivo 101 Madagascar\', \'{\\"nom\\":\\"ANDRIAMAHADY\\",\\"prenom\\":\\"Anjara\\",\\"adresse\\":\\"Lot GIV 104 Mahazo\\",\\"ville\\":\\"Antananarivo 101 Madagascar\\",\\"telephone\\":\\"0347005238\\",\\"mail\\":\\"anjara.fenosoa@gmail.com\\"}\', 5075000)', 0)
 2 SYSTEMPATH\Database\BaseConnection.php(722): CodeIgniter\Database\MySQLi\Connection->execute('INSERT INTO `commandes` (`id`, `payref`, `clientid`, `products`, `datecommande`, `status`, `datelivraison`, `lieulivraison`, `aboutcustomer`, `totalprix`) VALUES (\'0347005238X101\', \'98435287\', \'28\', \'[{\\"productid\\":\\"137\\",\\"number\\":1},{\\"productid\\":\\"140\\",\\"number\\":8},{\\"productid\\":\\"60\\",\\"number\\":4}]\', \'04/11/2024 08:18\', 1, \'\', \'Lot GIV 104 MahazoAntananarivo 101 Madagascar\', \'{\\"nom\\":\\"ANDRIAMAHADY\\",\\"prenom\\":\\"Anjara\\",\\"adresse\\":\\"Lot GIV 104 Mahazo\\",\\"ville\\":\\"Antananarivo 101 Madagascar\\",\\"telephone\\":\\"0347005238\\",\\"mail\\":\\"anjara.fenosoa@gmail.com\\"}\', 5075000)')
 3 SYSTEMPATH\Database\BaseConnection.php(636): CodeIgniter\Database\BaseConnection->simpleQuery('INSERT INTO `commandes` (`id`, `payref`, `clientid`, `products`, `datecommande`, `status`, `datelivraison`, `lieulivraison`, `aboutcustomer`, `totalprix`) VALUES (\'0347005238X101\', \'98435287\', \'28\', \'[{\\"productid\\":\\"137\\",\\"number\\":1},{\\"productid\\":\\"140\\",\\"number\\":8},{\\"productid\\":\\"60\\",\\"number\\":4}]\', \'04/11/2024 08:18\', 1, \'\', \'Lot GIV 104 MahazoAntananarivo 101 Madagascar\', \'{\\"nom\\":\\"ANDRIAMAHADY\\",\\"prenom\\":\\"Anjara\\",\\"adresse\\":\\"Lot GIV 104 Mahazo\\",\\"ville\\":\\"Antananarivo 101 Madagascar\\",\\"telephone\\":\\"0347005238\\",\\"mail\\":\\"anjara.fenosoa@gmail.com\\"}\', 5075000)')
 4 SYSTEMPATH\Database\BaseBuilder.php(2325): CodeIgniter\Database\BaseConnection->query('INSERT INTO `commandes` (`id`, `payref`, `clientid`, `products`, `datecommande`, `status`, `datelivraison`, `lieulivraison`, `aboutcustomer`, `totalprix`) VALUES (:id:, :payref:, :clientid:, :products:, :datecommande:, :status:, :datelivraison:, :lieulivraison:, :aboutcustomer:, :totalprix:)', [...], false)
 5 SYSTEMPATH\Model.php(383): CodeIgniter\Database\BaseBuilder->insert()
 6 SYSTEMPATH\BaseModel.php(840): CodeIgniter\Model->doInsert([...])
 7 SYSTEMPATH\Model.php(791): CodeIgniter\BaseModel->insert([...], true)
 8 APPPATH\Models\CommandModel.php(27): CodeIgniter\Model->insert([...])
 9 APPPATH\Controllers\Command.php(22): App\Models\CommandModel->addcommand()
10 SYSTEMPATH\CodeIgniter.php(933): App\Controllers\Command->addcommand()
11 SYSTEMPATH\CodeIgniter.php(509): CodeIgniter\CodeIgniter->runController(Object(App\Controllers\Command))
12 SYSTEMPATH\CodeIgniter.php(355): CodeIgniter\CodeIgniter->handleRequest(null, Object(Config\Cache), false)
13 SYSTEMPATH\Boot.php(312): CodeIgniter\CodeIgniter->run()
14 SYSTEMPATH\Boot.php(67): CodeIgniter\Boot::runCodeIgniter(Object(CodeIgniter\CodeIgniter))
15 FCPATH\index.php(65): CodeIgniter\Boot::bootWeb(Object(Config\Paths))
16 SYSTEMPATH\Commands\Server\rewrite.php(49): require_once('Z:\\CodeIgniter\\newmarketplace\\public\\index.php')
ERROR - 2024-11-04 06:28:41 --> mysqli_sql_exception: Duplicate entry '347005238' for key 'PRIMARY' in Z:\CodeIgniter\newmarketplace\system\Database\MySQLi\Connection.php:308
Stack trace:
#0 Z:\CodeIgniter\newmarketplace\system\Database\MySQLi\Connection.php(308): mysqli->query('INSERT INTO `co...', 0)
#1 Z:\CodeIgniter\newmarketplace\system\Database\BaseConnection.php(722): CodeIgniter\Database\MySQLi\Connection->execute('INSERT INTO `co...')
#2 Z:\CodeIgniter\newmarketplace\system\Database\BaseConnection.php(636): CodeIgniter\Database\BaseConnection->simpleQuery('INSERT INTO `co...')
#3 Z:\CodeIgniter\newmarketplace\system\Database\BaseBuilder.php(2325): CodeIgniter\Database\BaseConnection->query('INSERT INTO `co...', Array, false)
#4 Z:\CodeIgniter\newmarketplace\system\Model.php(383): CodeIgniter\Database\BaseBuilder->insert()
#5 Z:\CodeIgniter\newmarketplace\system\BaseModel.php(840): CodeIgniter\Model->doInsert(Array)
#6 Z:\CodeIgniter\newmarketplace\system\Model.php(791): CodeIgniter\BaseModel->insert(Array, true)
#7 Z:\CodeIgniter\newmarketplace\app\Models\CommandModel.php(27): CodeIgniter\Model->insert(Array)
#8 Z:\CodeIgniter\newmarketplace\app\Controllers\Command.php(22): App\Models\CommandModel->addcommand()
#9 Z:\CodeIgniter\newmarketplace\system\CodeIgniter.php(933): App\Controllers\Command->addcommand()
#10 Z:\CodeIgniter\newmarketplace\system\CodeIgniter.php(509): CodeIgniter\CodeIgniter->runController(Object(App\Controllers\Command))
#11 Z:\CodeIgniter\newmarketplace\system\CodeIgniter.php(355): CodeIgniter\CodeIgniter->handleRequest(NULL, Object(Config\Cache), false)
#12 Z:\CodeIgniter\newmarketplace\system\Boot.php(312): CodeIgniter\CodeIgniter->run()
#13 Z:\CodeIgniter\newmarketplace\system\Boot.php(67): CodeIgniter\Boot::runCodeIgniter(Object(CodeIgniter\CodeIgniter))
#14 Z:\CodeIgniter\newmarketplace\public\index.php(65): CodeIgniter\Boot::bootWeb(Object(Config\Paths))
#15 Z:\CodeIgniter\newmarketplace\system\Commands\Server\rewrite.php(49): require_once('Z:\\CodeIgniter\\...')
#16 {main}
CRITICAL - 2024-11-04 06:28:41 --> CodeIgniter\Database\Exceptions\DatabaseException: Duplicate entry '347005238' for key 'PRIMARY'
[Method: POST, Route: addcommand]
in SYSTEMPATH\Database\BaseConnection.php on line 676.
 1 SYSTEMPATH\Database\BaseBuilder.php(2325): CodeIgniter\Database\BaseConnection->query('INSERT INTO `commandes` (`id`, `payref`, `clientid`, `products`, `datecommande`, `status`, `datelivraison`, `lieulivraison`, `aboutcustomer`, `totalprix`) VALUES (:id:, :payref:, :clientid:, :products:, :datecommande:, :status:, :datelivraison:, :lieulivraison:, :aboutcustomer:, :totalprix:)', [...], false)
 2 SYSTEMPATH\Model.php(383): CodeIgniter\Database\BaseBuilder->insert()
 3 SYSTEMPATH\BaseModel.php(840): CodeIgniter\Model->doInsert([...])
 4 SYSTEMPATH\Model.php(791): CodeIgniter\BaseModel->insert([...], true)
 5 APPPATH\Models\CommandModel.php(27): CodeIgniter\Model->insert([...])
 6 APPPATH\Controllers\Command.php(22): App\Models\CommandModel->addcommand()
 7 SYSTEMPATH\CodeIgniter.php(933): App\Controllers\Command->addcommand()
 8 SYSTEMPATH\CodeIgniter.php(509): CodeIgniter\CodeIgniter->runController(Object(App\Controllers\Command))
 9 SYSTEMPATH\CodeIgniter.php(355): CodeIgniter\CodeIgniter->handleRequest(null, Object(Config\Cache), false)
10 SYSTEMPATH\Boot.php(312): CodeIgniter\CodeIgniter->run()
11 SYSTEMPATH\Boot.php(67): CodeIgniter\Boot::runCodeIgniter(Object(CodeIgniter\CodeIgniter))
12 FCPATH\index.php(65): CodeIgniter\Boot::bootWeb(Object(Config\Paths))
13 SYSTEMPATH\Commands\Server\rewrite.php(49): require_once('Z:\\CodeIgniter\\newmarketplace\\public\\index.php')
CRITICAL - 2024-11-04 06:28:41 --> [Caused by] CodeIgniter\Database\Exceptions\DatabaseException: Duplicate entry '347005238' for key 'PRIMARY'
in SYSTEMPATH\Database\MySQLi\Connection.php on line 313.
 1 SYSTEMPATH\Database\BaseConnection.php(722): CodeIgniter\Database\MySQLi\Connection->execute('INSERT INTO `commandes` (`id`, `payref`, `clientid`, `products`, `datecommande`, `status`, `datelivraison`, `lieulivraison`, `aboutcustomer`, `totalprix`) VALUES (\'0347005238X102\', \'38943629869\', \'28\', \'[{\\"productid\\":\\"137\\",\\"number\\":1},{\\"productid\\":\\"140\\",\\"number\\":8},{\\"productid\\":\\"60\\",\\"number\\":4}]\', \'04/11/2024 08:28\', 1, \'\', \'Lot GIV 104 MahazoAntananarivo 101 Madagascar\', \'{\\"nom\\":\\"ANDRIAMAHADY\\",\\"prenom\\":\\"Anjara\\",\\"adresse\\":\\"Lot GIV 104 Mahazo\\",\\"ville\\":\\"Antananarivo 101 Madagascar\\",\\"telephone\\":\\"0347005238\\",\\"mail\\":\\"anjara.fenosoa@gmail.com\\"}\', 5075000)')
 2 SYSTEMPATH\Database\BaseConnection.php(636): CodeIgniter\Database\BaseConnection->simpleQuery('INSERT INTO `commandes` (`id`, `payref`, `clientid`, `products`, `datecommande`, `status`, `datelivraison`, `lieulivraison`, `aboutcustomer`, `totalprix`) VALUES (\'0347005238X102\', \'38943629869\', \'28\', \'[{\\"productid\\":\\"137\\",\\"number\\":1},{\\"productid\\":\\"140\\",\\"number\\":8},{\\"productid\\":\\"60\\",\\"number\\":4}]\', \'04/11/2024 08:28\', 1, \'\', \'Lot GIV 104 MahazoAntananarivo 101 Madagascar\', \'{\\"nom\\":\\"ANDRIAMAHADY\\",\\"prenom\\":\\"Anjara\\",\\"adresse\\":\\"Lot GIV 104 Mahazo\\",\\"ville\\":\\"Antananarivo 101 Madagascar\\",\\"telephone\\":\\"0347005238\\",\\"mail\\":\\"anjara.fenosoa@gmail.com\\"}\', 5075000)')
 3 SYSTEMPATH\Database\BaseBuilder.php(2325): CodeIgniter\Database\BaseConnection->query('INSERT INTO `commandes` (`id`, `payref`, `clientid`, `products`, `datecommande`, `status`, `datelivraison`, `lieulivraison`, `aboutcustomer`, `totalprix`) VALUES (:id:, :payref:, :clientid:, :products:, :datecommande:, :status:, :datelivraison:, :lieulivraison:, :aboutcustomer:, :totalprix:)', [...], false)
 4 SYSTEMPATH\Model.php(383): CodeIgniter\Database\BaseBuilder->insert()
 5 SYSTEMPATH\BaseModel.php(840): CodeIgniter\Model->doInsert([...])
 6 SYSTEMPATH\Model.php(791): CodeIgniter\BaseModel->insert([...], true)
 7 APPPATH\Models\CommandModel.php(27): CodeIgniter\Model->insert([...])
 8 APPPATH\Controllers\Command.php(22): App\Models\CommandModel->addcommand()
 9 SYSTEMPATH\CodeIgniter.php(933): App\Controllers\Command->addcommand()
10 SYSTEMPATH\CodeIgniter.php(509): CodeIgniter\CodeIgniter->runController(Object(App\Controllers\Command))
11 SYSTEMPATH\CodeIgniter.php(355): CodeIgniter\CodeIgniter->handleRequest(null, Object(Config\Cache), false)
12 SYSTEMPATH\Boot.php(312): CodeIgniter\CodeIgniter->run()
13 SYSTEMPATH\Boot.php(67): CodeIgniter\Boot::runCodeIgniter(Object(CodeIgniter\CodeIgniter))
14 FCPATH\index.php(65): CodeIgniter\Boot::bootWeb(Object(Config\Paths))
15 SYSTEMPATH\Commands\Server\rewrite.php(49): require_once('Z:\\CodeIgniter\\newmarketplace\\public\\index.php')
CRITICAL - 2024-11-04 06:28:41 --> [Caused by] mysqli_sql_exception: Duplicate entry '347005238' for key 'PRIMARY'
in SYSTEMPATH\Database\MySQLi\Connection.php on line 308.
 1 SYSTEMPATH\Database\MySQLi\Connection.php(308): mysqli->query('INSERT INTO `commandes` (`id`, `payref`, `clientid`, `products`, `datecommande`, `status`, `datelivraison`, `lieulivraison`, `aboutcustomer`, `totalprix`) VALUES (\'0347005238X102\', \'38943629869\', \'28\', \'[{\\"productid\\":\\"137\\",\\"number\\":1},{\\"productid\\":\\"140\\",\\"number\\":8},{\\"productid\\":\\"60\\",\\"number\\":4}]\', \'04/11/2024 08:28\', 1, \'\', \'Lot GIV 104 MahazoAntananarivo 101 Madagascar\', \'{\\"nom\\":\\"ANDRIAMAHADY\\",\\"prenom\\":\\"Anjara\\",\\"adresse\\":\\"Lot GIV 104 Mahazo\\",\\"ville\\":\\"Antananarivo 101 Madagascar\\",\\"telephone\\":\\"0347005238\\",\\"mail\\":\\"anjara.fenosoa@gmail.com\\"}\', 5075000)', 0)
 2 SYSTEMPATH\Database\BaseConnection.php(722): CodeIgniter\Database\MySQLi\Connection->execute('INSERT INTO `commandes` (`id`, `payref`, `clientid`, `products`, `datecommande`, `status`, `datelivraison`, `lieulivraison`, `aboutcustomer`, `totalprix`) VALUES (\'0347005238X102\', \'38943629869\', \'28\', \'[{\\"productid\\":\\"137\\",\\"number\\":1},{\\"productid\\":\\"140\\",\\"number\\":8},{\\"productid\\":\\"60\\",\\"number\\":4}]\', \'04/11/2024 08:28\', 1, \'\', \'Lot GIV 104 MahazoAntananarivo 101 Madagascar\', \'{\\"nom\\":\\"ANDRIAMAHADY\\",\\"prenom\\":\\"Anjara\\",\\"adresse\\":\\"Lot GIV 104 Mahazo\\",\\"ville\\":\\"Antananarivo 101 Madagascar\\",\\"telephone\\":\\"0347005238\\",\\"mail\\":\\"anjara.fenosoa@gmail.com\\"}\', 5075000)')
 3 SYSTEMPATH\Database\BaseConnection.php(636): CodeIgniter\Database\BaseConnection->simpleQuery('INSERT INTO `commandes` (`id`, `payref`, `clientid`, `products`, `datecommande`, `status`, `datelivraison`, `lieulivraison`, `aboutcustomer`, `totalprix`) VALUES (\'0347005238X102\', \'38943629869\', \'28\', \'[{\\"productid\\":\\"137\\",\\"number\\":1},{\\"productid\\":\\"140\\",\\"number\\":8},{\\"productid\\":\\"60\\",\\"number\\":4}]\', \'04/11/2024 08:28\', 1, \'\', \'Lot GIV 104 MahazoAntananarivo 101 Madagascar\', \'{\\"nom\\":\\"ANDRIAMAHADY\\",\\"prenom\\":\\"Anjara\\",\\"adresse\\":\\"Lot GIV 104 Mahazo\\",\\"ville\\":\\"Antananarivo 101 Madagascar\\",\\"telephone\\":\\"0347005238\\",\\"mail\\":\\"anjara.fenosoa@gmail.com\\"}\', 5075000)')
 4 SYSTEMPATH\Database\BaseBuilder.php(2325): CodeIgniter\Database\BaseConnection->query('INSERT INTO `commandes` (`id`, `payref`, `clientid`, `products`, `datecommande`, `status`, `datelivraison`, `lieulivraison`, `aboutcustomer`, `totalprix`) VALUES (:id:, :payref:, :clientid:, :products:, :datecommande:, :status:, :datelivraison:, :lieulivraison:, :aboutcustomer:, :totalprix:)', [...], false)
 5 SYSTEMPATH\Model.php(383): CodeIgniter\Database\BaseBuilder->insert()
 6 SYSTEMPATH\BaseModel.php(840): CodeIgniter\Model->doInsert([...])
 7 SYSTEMPATH\Model.php(791): CodeIgniter\BaseModel->insert([...], true)
 8 APPPATH\Models\CommandModel.php(27): CodeIgniter\Model->insert([...])
 9 APPPATH\Controllers\Command.php(22): App\Models\CommandModel->addcommand()
10 SYSTEMPATH\CodeIgniter.php(933): App\Controllers\Command->addcommand()
11 SYSTEMPATH\CodeIgniter.php(509): CodeIgniter\CodeIgniter->runController(Object(App\Controllers\Command))
12 SYSTEMPATH\CodeIgniter.php(355): CodeIgniter\CodeIgniter->handleRequest(null, Object(Config\Cache), false)
13 SYSTEMPATH\Boot.php(312): CodeIgniter\CodeIgniter->run()
14 SYSTEMPATH\Boot.php(67): CodeIgniter\Boot::runCodeIgniter(Object(CodeIgniter\CodeIgniter))
15 FCPATH\index.php(65): CodeIgniter\Boot::bootWeb(Object(Config\Paths))
16 SYSTEMPATH\Commands\Server\rewrite.php(49): require_once('Z:\\CodeIgniter\\newmarketplace\\public\\index.php')
ERROR - 2024-11-04 06:43:15 --> mysqli_sql_exception: Duplicate entry '347005238' for key 'PRIMARY' in Z:\CodeIgniter\newmarketplace\system\Database\MySQLi\Connection.php:308
Stack trace:
#0 Z:\CodeIgniter\newmarketplace\system\Database\MySQLi\Connection.php(308): mysqli->query('INSERT INTO `co...', 0)
#1 Z:\CodeIgniter\newmarketplace\system\Database\BaseConnection.php(722): CodeIgniter\Database\MySQLi\Connection->execute('INSERT INTO `co...')
#2 Z:\CodeIgniter\newmarketplace\system\Database\BaseConnection.php(636): CodeIgniter\Database\BaseConnection->simpleQuery('INSERT INTO `co...')
#3 Z:\CodeIgniter\newmarketplace\system\Database\BaseBuilder.php(2325): CodeIgniter\Database\BaseConnection->query('INSERT INTO `co...', Array, false)
#4 Z:\CodeIgniter\newmarketplace\system\Model.php(383): CodeIgniter\Database\BaseBuilder->insert()
#5 Z:\CodeIgniter\newmarketplace\system\BaseModel.php(840): CodeIgniter\Model->doInsert(Array)
#6 Z:\CodeIgniter\newmarketplace\system\Model.php(791): CodeIgniter\BaseModel->insert(Array, true)
#7 Z:\CodeIgniter\newmarketplace\app\Models\CommandModel.php(27): CodeIgniter\Model->insert(Array)
#8 Z:\CodeIgniter\newmarketplace\app\Controllers\Command.php(22): App\Models\CommandModel->addcommand()
#9 Z:\CodeIgniter\newmarketplace\system\CodeIgniter.php(933): App\Controllers\Command->addcommand()
#10 Z:\CodeIgniter\newmarketplace\system\CodeIgniter.php(509): CodeIgniter\CodeIgniter->runController(Object(App\Controllers\Command))
#11 Z:\CodeIgniter\newmarketplace\system\CodeIgniter.php(355): CodeIgniter\CodeIgniter->handleRequest(NULL, Object(Config\Cache), false)
#12 Z:\CodeIgniter\newmarketplace\system\Boot.php(312): CodeIgniter\CodeIgniter->run()
#13 Z:\CodeIgniter\newmarketplace\system\Boot.php(67): CodeIgniter\Boot::runCodeIgniter(Object(CodeIgniter\CodeIgniter))
#14 Z:\CodeIgniter\newmarketplace\public\index.php(65): CodeIgniter\Boot::bootWeb(Object(Config\Paths))
#15 Z:\CodeIgniter\newmarketplace\system\Commands\Server\rewrite.php(49): require_once('Z:\\CodeIgniter\\...')
#16 {main}
CRITICAL - 2024-11-04 06:43:15 --> CodeIgniter\Database\Exceptions\DatabaseException: Duplicate entry '347005238' for key 'PRIMARY'
[Method: POST, Route: addcommand]
in SYSTEMPATH\Database\BaseConnection.php on line 676.
 1 SYSTEMPATH\Database\BaseBuilder.php(2325): CodeIgniter\Database\BaseConnection->query('INSERT INTO `commandes` (`id`, `payref`, `clientid`, `products`, `datecommande`, `status`, `datelivraison`, `lieulivraison`, `aboutcustomer`, `totalprix`) VALUES (:id:, :payref:, :clientid:, :products:, :datecommande:, :status:, :datelivraison:, :lieulivraison:, :aboutcustomer:, :totalprix:)', [...], false)
 2 SYSTEMPATH\Model.php(383): CodeIgniter\Database\BaseBuilder->insert()
 3 SYSTEMPATH\BaseModel.php(840): CodeIgniter\Model->doInsert([...])
 4 SYSTEMPATH\Model.php(791): CodeIgniter\BaseModel->insert([...], true)
 5 APPPATH\Models\CommandModel.php(27): CodeIgniter\Model->insert([...])
 6 APPPATH\Controllers\Command.php(22): App\Models\CommandModel->addcommand()
 7 SYSTEMPATH\CodeIgniter.php(933): App\Controllers\Command->addcommand()
 8 SYSTEMPATH\CodeIgniter.php(509): CodeIgniter\CodeIgniter->runController(Object(App\Controllers\Command))
 9 SYSTEMPATH\CodeIgniter.php(355): CodeIgniter\CodeIgniter->handleRequest(null, Object(Config\Cache), false)
10 SYSTEMPATH\Boot.php(312): CodeIgniter\CodeIgniter->run()
11 SYSTEMPATH\Boot.php(67): CodeIgniter\Boot::runCodeIgniter(Object(CodeIgniter\CodeIgniter))
12 FCPATH\index.php(65): CodeIgniter\Boot::bootWeb(Object(Config\Paths))
13 SYSTEMPATH\Commands\Server\rewrite.php(49): require_once('Z:\\CodeIgniter\\newmarketplace\\public\\index.php')
CRITICAL - 2024-11-04 06:43:15 --> [Caused by] CodeIgniter\Database\Exceptions\DatabaseException: Duplicate entry '347005238' for key 'PRIMARY'
in SYSTEMPATH\Database\MySQLi\Connection.php on line 313.
 1 SYSTEMPATH\Database\BaseConnection.php(722): CodeIgniter\Database\MySQLi\Connection->execute('INSERT INTO `commandes` (`id`, `payref`, `clientid`, `products`, `datecommande`, `status`, `datelivraison`, `lieulivraison`, `aboutcustomer`, `totalprix`) VALUES (\'0347005238X102\', \'875885720\', \'28\', \'[{\\"productid\\":\\"137\\",\\"number\\":1},{\\"productid\\":\\"140\\",\\"number\\":8},{\\"productid\\":\\"60\\",\\"number\\":4}]\', \'04/11/2024 08:42\', 1, \'\', \'Lot GIV 104 MahazoAntananarivo 101 Madagascar\', \'{\\"nom\\":\\"ANDRIAMAHADY\\",\\"prenom\\":\\"Anjara\\",\\"adresse\\":\\"Lot GIV 104 Mahazo\\",\\"ville\\":\\"Antananarivo 101 Madagascar\\",\\"telephone\\":\\"0347005238\\",\\"mail\\":\\"anjara.fenosoa@gmail.com\\"}\', 5075000)')
 2 SYSTEMPATH\Database\BaseConnection.php(636): CodeIgniter\Database\BaseConnection->simpleQuery('INSERT INTO `commandes` (`id`, `payref`, `clientid`, `products`, `datecommande`, `status`, `datelivraison`, `lieulivraison`, `aboutcustomer`, `totalprix`) VALUES (\'0347005238X102\', \'875885720\', \'28\', \'[{\\"productid\\":\\"137\\",\\"number\\":1},{\\"productid\\":\\"140\\",\\"number\\":8},{\\"productid\\":\\"60\\",\\"number\\":4}]\', \'04/11/2024 08:42\', 1, \'\', \'Lot GIV 104 MahazoAntananarivo 101 Madagascar\', \'{\\"nom\\":\\"ANDRIAMAHADY\\",\\"prenom\\":\\"Anjara\\",\\"adresse\\":\\"Lot GIV 104 Mahazo\\",\\"ville\\":\\"Antananarivo 101 Madagascar\\",\\"telephone\\":\\"0347005238\\",\\"mail\\":\\"anjara.fenosoa@gmail.com\\"}\', 5075000)')
 3 SYSTEMPATH\Database\BaseBuilder.php(2325): CodeIgniter\Database\BaseConnection->query('INSERT INTO `commandes` (`id`, `payref`, `clientid`, `products`, `datecommande`, `status`, `datelivraison`, `lieulivraison`, `aboutcustomer`, `totalprix`) VALUES (:id:, :payref:, :clientid:, :products:, :datecommande:, :status:, :datelivraison:, :lieulivraison:, :aboutcustomer:, :totalprix:)', [...], false)
 4 SYSTEMPATH\Model.php(383): CodeIgniter\Database\BaseBuilder->insert()
 5 SYSTEMPATH\BaseModel.php(840): CodeIgniter\Model->doInsert([...])
 6 SYSTEMPATH\Model.php(791): CodeIgniter\BaseModel->insert([...], true)
 7 APPPATH\Models\CommandModel.php(27): CodeIgniter\Model->insert([...])
 8 APPPATH\Controllers\Command.php(22): App\Models\CommandModel->addcommand()
 9 SYSTEMPATH\CodeIgniter.php(933): App\Controllers\Command->addcommand()
10 SYSTEMPATH\CodeIgniter.php(509): CodeIgniter\CodeIgniter->runController(Object(App\Controllers\Command))
11 SYSTEMPATH\CodeIgniter.php(355): CodeIgniter\CodeIgniter->handleRequest(null, Object(Config\Cache), false)
12 SYSTEMPATH\Boot.php(312): CodeIgniter\CodeIgniter->run()
13 SYSTEMPATH\Boot.php(67): CodeIgniter\Boot::runCodeIgniter(Object(CodeIgniter\CodeIgniter))
14 FCPATH\index.php(65): CodeIgniter\Boot::bootWeb(Object(Config\Paths))
15 SYSTEMPATH\Commands\Server\rewrite.php(49): require_once('Z:\\CodeIgniter\\newmarketplace\\public\\index.php')
CRITICAL - 2024-11-04 06:43:15 --> [Caused by] mysqli_sql_exception: Duplicate entry '347005238' for key 'PRIMARY'
in SYSTEMPATH\Database\MySQLi\Connection.php on line 308.
 1 SYSTEMPATH\Database\MySQLi\Connection.php(308): mysqli->query('INSERT INTO `commandes` (`id`, `payref`, `clientid`, `products`, `datecommande`, `status`, `datelivraison`, `lieulivraison`, `aboutcustomer`, `totalprix`) VALUES (\'0347005238X102\', \'875885720\', \'28\', \'[{\\"productid\\":\\"137\\",\\"number\\":1},{\\"productid\\":\\"140\\",\\"number\\":8},{\\"productid\\":\\"60\\",\\"number\\":4}]\', \'04/11/2024 08:42\', 1, \'\', \'Lot GIV 104 MahazoAntananarivo 101 Madagascar\', \'{\\"nom\\":\\"ANDRIAMAHADY\\",\\"prenom\\":\\"Anjara\\",\\"adresse\\":\\"Lot GIV 104 Mahazo\\",\\"ville\\":\\"Antananarivo 101 Madagascar\\",\\"telephone\\":\\"0347005238\\",\\"mail\\":\\"anjara.fenosoa@gmail.com\\"}\', 5075000)', 0)
 2 SYSTEMPATH\Database\BaseConnection.php(722): CodeIgniter\Database\MySQLi\Connection->execute('INSERT INTO `commandes` (`id`, `payref`, `clientid`, `products`, `datecommande`, `status`, `datelivraison`, `lieulivraison`, `aboutcustomer`, `totalprix`) VALUES (\'0347005238X102\', \'875885720\', \'28\', \'[{\\"productid\\":\\"137\\",\\"number\\":1},{\\"productid\\":\\"140\\",\\"number\\":8},{\\"productid\\":\\"60\\",\\"number\\":4}]\', \'04/11/2024 08:42\', 1, \'\', \'Lot GIV 104 MahazoAntananarivo 101 Madagascar\', \'{\\"nom\\":\\"ANDRIAMAHADY\\",\\"prenom\\":\\"Anjara\\",\\"adresse\\":\\"Lot GIV 104 Mahazo\\",\\"ville\\":\\"Antananarivo 101 Madagascar\\",\\"telephone\\":\\"0347005238\\",\\"mail\\":\\"anjara.fenosoa@gmail.com\\"}\', 5075000)')
 3 SYSTEMPATH\Database\BaseConnection.php(636): CodeIgniter\Database\BaseConnection->simpleQuery('INSERT INTO `commandes` (`id`, `payref`, `clientid`, `products`, `datecommande`, `status`, `datelivraison`, `lieulivraison`, `aboutcustomer`, `totalprix`) VALUES (\'0347005238X102\', \'875885720\', \'28\', \'[{\\"productid\\":\\"137\\",\\"number\\":1},{\\"productid\\":\\"140\\",\\"number\\":8},{\\"productid\\":\\"60\\",\\"number\\":4}]\', \'04/11/2024 08:42\', 1, \'\', \'Lot GIV 104 MahazoAntananarivo 101 Madagascar\', \'{\\"nom\\":\\"ANDRIAMAHADY\\",\\"prenom\\":\\"Anjara\\",\\"adresse\\":\\"Lot GIV 104 Mahazo\\",\\"ville\\":\\"Antananarivo 101 Madagascar\\",\\"telephone\\":\\"0347005238\\",\\"mail\\":\\"anjara.fenosoa@gmail.com\\"}\', 5075000)')
 4 SYSTEMPATH\Database\BaseBuilder.php(2325): CodeIgniter\Database\BaseConnection->query('INSERT INTO `commandes` (`id`, `payref`, `clientid`, `products`, `datecommande`, `status`, `datelivraison`, `lieulivraison`, `aboutcustomer`, `totalprix`) VALUES (:id:, :payref:, :clientid:, :products:, :datecommande:, :status:, :datelivraison:, :lieulivraison:, :aboutcustomer:, :totalprix:)', [...], false)
 5 SYSTEMPATH\Model.php(383): CodeIgniter\Database\BaseBuilder->insert()
 6 SYSTEMPATH\BaseModel.php(840): CodeIgniter\Model->doInsert([...])
 7 SYSTEMPATH\Model.php(791): CodeIgniter\BaseModel->insert([...], true)
 8 APPPATH\Models\CommandModel.php(27): CodeIgniter\Model->insert([...])
 9 APPPATH\Controllers\Command.php(22): App\Models\CommandModel->addcommand()
10 SYSTEMPATH\CodeIgniter.php(933): App\Controllers\Command->addcommand()
11 SYSTEMPATH\CodeIgniter.php(509): CodeIgniter\CodeIgniter->runController(Object(App\Controllers\Command))
12 SYSTEMPATH\CodeIgniter.php(355): CodeIgniter\CodeIgniter->handleRequest(null, Object(Config\Cache), false)
13 SYSTEMPATH\Boot.php(312): CodeIgniter\CodeIgniter->run()
14 SYSTEMPATH\Boot.php(67): CodeIgniter\Boot::runCodeIgniter(Object(CodeIgniter\CodeIgniter))
15 FCPATH\index.php(65): CodeIgniter\Boot::bootWeb(Object(Config\Paths))
16 SYSTEMPATH\Commands\Server\rewrite.php(49): require_once('Z:\\CodeIgniter\\newmarketplace\\public\\index.php')
ERROR - 2024-11-04 06:46:27 --> mysqli_sql_exception: Duplicate entry '347005238' for key 'PRIMARY' in Z:\CodeIgniter\newmarketplace\system\Database\MySQLi\Connection.php:308
Stack trace:
#0 Z:\CodeIgniter\newmarketplace\system\Database\MySQLi\Connection.php(308): mysqli->query('INSERT INTO `co...', 0)
#1 Z:\CodeIgniter\newmarketplace\system\Database\BaseConnection.php(722): CodeIgniter\Database\MySQLi\Connection->execute('INSERT INTO `co...')
#2 Z:\CodeIgniter\newmarketplace\system\Database\BaseConnection.php(636): CodeIgniter\Database\BaseConnection->simpleQuery('INSERT INTO `co...')
#3 Z:\CodeIgniter\newmarketplace\system\Database\BaseBuilder.php(2325): CodeIgniter\Database\BaseConnection->query('INSERT INTO `co...', Array, false)
#4 Z:\CodeIgniter\newmarketplace\system\Model.php(383): CodeIgniter\Database\BaseBuilder->insert()
#5 Z:\CodeIgniter\newmarketplace\system\BaseModel.php(840): CodeIgniter\Model->doInsert(Array)
#6 Z:\CodeIgniter\newmarketplace\system\Model.php(791): CodeIgniter\BaseModel->insert(Array, true)
#7 Z:\CodeIgniter\newmarketplace\app\Models\CommandModel.php(27): CodeIgniter\Model->insert(Array)
#8 Z:\CodeIgniter\newmarketplace\app\Controllers\Command.php(22): App\Models\CommandModel->addcommand()
#9 Z:\CodeIgniter\newmarketplace\system\CodeIgniter.php(933): App\Controllers\Command->addcommand()
#10 Z:\CodeIgniter\newmarketplace\system\CodeIgniter.php(509): CodeIgniter\CodeIgniter->runController(Object(App\Controllers\Command))
#11 Z:\CodeIgniter\newmarketplace\system\CodeIgniter.php(355): CodeIgniter\CodeIgniter->handleRequest(NULL, Object(Config\Cache), false)
#12 Z:\CodeIgniter\newmarketplace\system\Boot.php(312): CodeIgniter\CodeIgniter->run()
#13 Z:\CodeIgniter\newmarketplace\system\Boot.php(67): CodeIgniter\Boot::runCodeIgniter(Object(CodeIgniter\CodeIgniter))
#14 Z:\CodeIgniter\newmarketplace\public\index.php(65): CodeIgniter\Boot::bootWeb(Object(Config\Paths))
#15 Z:\CodeIgniter\newmarketplace\system\Commands\Server\rewrite.php(49): require_once('Z:\\CodeIgniter\\...')
#16 {main}
CRITICAL - 2024-11-04 06:46:27 --> CodeIgniter\Database\Exceptions\DatabaseException: Duplicate entry '347005238' for key 'PRIMARY'
[Method: POST, Route: addcommand]
in SYSTEMPATH\Database\BaseConnection.php on line 676.
 1 SYSTEMPATH\Database\BaseBuilder.php(2325): CodeIgniter\Database\BaseConnection->query('INSERT INTO `commandes` (`id`, `payref`, `clientid`, `products`, `datecommande`, `status`, `datelivraison`, `lieulivraison`, `aboutcustomer`, `totalprix`) VALUES (:id:, :payref:, :clientid:, :products:, :datecommande:, :status:, :datelivraison:, :lieulivraison:, :aboutcustomer:, :totalprix:)', [...], false)
 2 SYSTEMPATH\Model.php(383): CodeIgniter\Database\BaseBuilder->insert()
 3 SYSTEMPATH\BaseModel.php(840): CodeIgniter\Model->doInsert([...])
 4 SYSTEMPATH\Model.php(791): CodeIgniter\BaseModel->insert([...], true)
 5 APPPATH\Models\CommandModel.php(27): CodeIgniter\Model->insert([...])
 6 APPPATH\Controllers\Command.php(22): App\Models\CommandModel->addcommand()
 7 SYSTEMPATH\CodeIgniter.php(933): App\Controllers\Command->addcommand()
 8 SYSTEMPATH\CodeIgniter.php(509): CodeIgniter\CodeIgniter->runController(Object(App\Controllers\Command))
 9 SYSTEMPATH\CodeIgniter.php(355): CodeIgniter\CodeIgniter->handleRequest(null, Object(Config\Cache), false)
10 SYSTEMPATH\Boot.php(312): CodeIgniter\CodeIgniter->run()
11 SYSTEMPATH\Boot.php(67): CodeIgniter\Boot::runCodeIgniter(Object(CodeIgniter\CodeIgniter))
12 FCPATH\index.php(65): CodeIgniter\Boot::bootWeb(Object(Config\Paths))
13 SYSTEMPATH\Commands\Server\rewrite.php(49): require_once('Z:\\CodeIgniter\\newmarketplace\\public\\index.php')
CRITICAL - 2024-11-04 06:46:27 --> [Caused by] CodeIgniter\Database\Exceptions\DatabaseException: Duplicate entry '347005238' for key 'PRIMARY'
in SYSTEMPATH\Database\MySQLi\Connection.php on line 313.
 1 SYSTEMPATH\Database\BaseConnection.php(722): CodeIgniter\Database\MySQLi\Connection->execute('INSERT INTO `commandes` (`id`, `payref`, `clientid`, `products`, `datecommande`, `status`, `datelivraison`, `lieulivraison`, `aboutcustomer`, `totalprix`) VALUES (\'0347005238X102\', \'RREYE\', \'28\', \'[{\\"productid\\":\\"137\\",\\"number\\":1},{\\"productid\\":\\"140\\",\\"number\\":8},{\\"productid\\":\\"60\\",\\"number\\":4}]\', \'04/11/2024 08:46\', 1, \'\', \'Lot GIV 104 MahazoAntananarivo 101 Madagascar\', \'{\\"nom\\":\\"ANDRIAMAHADY\\",\\"prenom\\":\\"Anjara\\",\\"adresse\\":\\"Lot GIV 104 Mahazo\\",\\"ville\\":\\"Antananarivo 101 Madagascar\\",\\"telephone\\":\\"0347005238\\",\\"mail\\":\\"anjara.fenosoa@gmail.com\\"}\', 5075000)')
 2 SYSTEMPATH\Database\BaseConnection.php(636): CodeIgniter\Database\BaseConnection->simpleQuery('INSERT INTO `commandes` (`id`, `payref`, `clientid`, `products`, `datecommande`, `status`, `datelivraison`, `lieulivraison`, `aboutcustomer`, `totalprix`) VALUES (\'0347005238X102\', \'RREYE\', \'28\', \'[{\\"productid\\":\\"137\\",\\"number\\":1},{\\"productid\\":\\"140\\",\\"number\\":8},{\\"productid\\":\\"60\\",\\"number\\":4}]\', \'04/11/2024 08:46\', 1, \'\', \'Lot GIV 104 MahazoAntananarivo 101 Madagascar\', \'{\\"nom\\":\\"ANDRIAMAHADY\\",\\"prenom\\":\\"Anjara\\",\\"adresse\\":\\"Lot GIV 104 Mahazo\\",\\"ville\\":\\"Antananarivo 101 Madagascar\\",\\"telephone\\":\\"0347005238\\",\\"mail\\":\\"anjara.fenosoa@gmail.com\\"}\', 5075000)')
 3 SYSTEMPATH\Database\BaseBuilder.php(2325): CodeIgniter\Database\BaseConnection->query('INSERT INTO `commandes` (`id`, `payref`, `clientid`, `products`, `datecommande`, `status`, `datelivraison`, `lieulivraison`, `aboutcustomer`, `totalprix`) VALUES (:id:, :payref:, :clientid:, :products:, :datecommande:, :status:, :datelivraison:, :lieulivraison:, :aboutcustomer:, :totalprix:)', [...], false)
 4 SYSTEMPATH\Model.php(383): CodeIgniter\Database\BaseBuilder->insert()
 5 SYSTEMPATH\BaseModel.php(840): CodeIgniter\Model->doInsert([...])
 6 SYSTEMPATH\Model.php(791): CodeIgniter\BaseModel->insert([...], true)
 7 APPPATH\Models\CommandModel.php(27): CodeIgniter\Model->insert([...])
 8 APPPATH\Controllers\Command.php(22): App\Models\CommandModel->addcommand()
 9 SYSTEMPATH\CodeIgniter.php(933): App\Controllers\Command->addcommand()
10 SYSTEMPATH\CodeIgniter.php(509): CodeIgniter\CodeIgniter->runController(Object(App\Controllers\Command))
11 SYSTEMPATH\CodeIgniter.php(355): CodeIgniter\CodeIgniter->handleRequest(null, Object(Config\Cache), false)
12 SYSTEMPATH\Boot.php(312): CodeIgniter\CodeIgniter->run()
13 SYSTEMPATH\Boot.php(67): CodeIgniter\Boot::runCodeIgniter(Object(CodeIgniter\CodeIgniter))
14 FCPATH\index.php(65): CodeIgniter\Boot::bootWeb(Object(Config\Paths))
15 SYSTEMPATH\Commands\Server\rewrite.php(49): require_once('Z:\\CodeIgniter\\newmarketplace\\public\\index.php')
CRITICAL - 2024-11-04 06:46:27 --> [Caused by] mysqli_sql_exception: Duplicate entry '347005238' for key 'PRIMARY'
in SYSTEMPATH\Database\MySQLi\Connection.php on line 308.
 1 SYSTEMPATH\Database\MySQLi\Connection.php(308): mysqli->query('INSERT INTO `commandes` (`id`, `payref`, `clientid`, `products`, `datecommande`, `status`, `datelivraison`, `lieulivraison`, `aboutcustomer`, `totalprix`) VALUES (\'0347005238X102\', \'RREYE\', \'28\', \'[{\\"productid\\":\\"137\\",\\"number\\":1},{\\"productid\\":\\"140\\",\\"number\\":8},{\\"productid\\":\\"60\\",\\"number\\":4}]\', \'04/11/2024 08:46\', 1, \'\', \'Lot GIV 104 MahazoAntananarivo 101 Madagascar\', \'{\\"nom\\":\\"ANDRIAMAHADY\\",\\"prenom\\":\\"Anjara\\",\\"adresse\\":\\"Lot GIV 104 Mahazo\\",\\"ville\\":\\"Antananarivo 101 Madagascar\\",\\"telephone\\":\\"0347005238\\",\\"mail\\":\\"anjara.fenosoa@gmail.com\\"}\', 5075000)', 0)
 2 SYSTEMPATH\Database\BaseConnection.php(722): CodeIgniter\Database\MySQLi\Connection->execute('INSERT INTO `commandes` (`id`, `payref`, `clientid`, `products`, `datecommande`, `status`, `datelivraison`, `lieulivraison`, `aboutcustomer`, `totalprix`) VALUES (\'0347005238X102\', \'RREYE\', \'28\', \'[{\\"productid\\":\\"137\\",\\"number\\":1},{\\"productid\\":\\"140\\",\\"number\\":8},{\\"productid\\":\\"60\\",\\"number\\":4}]\', \'04/11/2024 08:46\', 1, \'\', \'Lot GIV 104 MahazoAntananarivo 101 Madagascar\', \'{\\"nom\\":\\"ANDRIAMAHADY\\",\\"prenom\\":\\"Anjara\\",\\"adresse\\":\\"Lot GIV 104 Mahazo\\",\\"ville\\":\\"Antananarivo 101 Madagascar\\",\\"telephone\\":\\"0347005238\\",\\"mail\\":\\"anjara.fenosoa@gmail.com\\"}\', 5075000)')
 3 SYSTEMPATH\Database\BaseConnection.php(636): CodeIgniter\Database\BaseConnection->simpleQuery('INSERT INTO `commandes` (`id`, `payref`, `clientid`, `products`, `datecommande`, `status`, `datelivraison`, `lieulivraison`, `aboutcustomer`, `totalprix`) VALUES (\'0347005238X102\', \'RREYE\', \'28\', \'[{\\"productid\\":\\"137\\",\\"number\\":1},{\\"productid\\":\\"140\\",\\"number\\":8},{\\"productid\\":\\"60\\",\\"number\\":4}]\', \'04/11/2024 08:46\', 1, \'\', \'Lot GIV 104 MahazoAntananarivo 101 Madagascar\', \'{\\"nom\\":\\"ANDRIAMAHADY\\",\\"prenom\\":\\"Anjara\\",\\"adresse\\":\\"Lot GIV 104 Mahazo\\",\\"ville\\":\\"Antananarivo 101 Madagascar\\",\\"telephone\\":\\"0347005238\\",\\"mail\\":\\"anjara.fenosoa@gmail.com\\"}\', 5075000)')
 4 SYSTEMPATH\Database\BaseBuilder.php(2325): CodeIgniter\Database\BaseConnection->query('INSERT INTO `commandes` (`id`, `payref`, `clientid`, `products`, `datecommande`, `status`, `datelivraison`, `lieulivraison`, `aboutcustomer`, `totalprix`) VALUES (:id:, :payref:, :clientid:, :products:, :datecommande:, :status:, :datelivraison:, :lieulivraison:, :aboutcustomer:, :totalprix:)', [...], false)
 5 SYSTEMPATH\Model.php(383): CodeIgniter\Database\BaseBuilder->insert()
 6 SYSTEMPATH\BaseModel.php(840): CodeIgniter\Model->doInsert([...])
 7 SYSTEMPATH\Model.php(791): CodeIgniter\BaseModel->insert([...], true)
 8 APPPATH\Models\CommandModel.php(27): CodeIgniter\Model->insert([...])
 9 APPPATH\Controllers\Command.php(22): App\Models\CommandModel->addcommand()
10 SYSTEMPATH\CodeIgniter.php(933): App\Controllers\Command->addcommand()
11 SYSTEMPATH\CodeIgniter.php(509): CodeIgniter\CodeIgniter->runController(Object(App\Controllers\Command))
12 SYSTEMPATH\CodeIgniter.php(355): CodeIgniter\CodeIgniter->handleRequest(null, Object(Config\Cache), false)
13 SYSTEMPATH\Boot.php(312): CodeIgniter\CodeIgniter->run()
14 SYSTEMPATH\Boot.php(67): CodeIgniter\Boot::runCodeIgniter(Object(CodeIgniter\CodeIgniter))
15 FCPATH\index.php(65): CodeIgniter\Boot::bootWeb(Object(Config\Paths))
16 SYSTEMPATH\Commands\Server\rewrite.php(49): require_once('Z:\\CodeIgniter\\newmarketplace\\public\\index.php')
INFO - 2024-11-04 07:44:59 --> Session: Class initialized using 'CodeIgniter\Session\Handlers\FileHandler' driver.
INFO - 2024-11-04 10:25:54 --> Session: Class initialized using 'CodeIgniter\Session\Handlers\FileHandler' driver.
INFO - 2024-11-04 10:26:16 --> Session: Class initialized using 'CodeIgniter\Session\Handlers\FileHandler' driver.
INFO - 2024-11-04 10:26:35 --> Session: Class initialized using 'CodeIgniter\Session\Handlers\FileHandler' driver.
CRITICAL - 2024-11-04 10:26:35 --> ErrorException: Trying to access array offset on value of type null
[Method: POST, Route: connectme]
in APPPATH\Controllers\User.php on line 53.
 1 APPPATH\Controllers\User.php(53): CodeIgniter\Debug\Exceptions->errorHandler(2, 'Trying to access array offset on value of type null', 'Z:\\CodeIgniter\\newmarketplace\\app\\Controllers\\User.php', 53)
 2 APPPATH\Controllers\User.php(89): App\Controllers\User->setUserSession(null)
 3 SYSTEMPATH\CodeIgniter.php(933): App\Controllers\User->connectme()
 4 SYSTEMPATH\CodeIgniter.php(509): CodeIgniter\CodeIgniter->runController(Object(App\Controllers\User))
 5 SYSTEMPATH\CodeIgniter.php(355): CodeIgniter\CodeIgniter->handleRequest(null, Object(Config\Cache), false)
 6 SYSTEMPATH\Boot.php(312): CodeIgniter\CodeIgniter->run()
 7 SYSTEMPATH\Boot.php(67): CodeIgniter\Boot::runCodeIgniter(Object(CodeIgniter\CodeIgniter))
 8 FCPATH\index.php(65): CodeIgniter\Boot::bootWeb(Object(Config\Paths))
 9 SYSTEMPATH\Commands\Server\rewrite.php(49): require_once('Z:\\CodeIgniter\\newmarketplace\\public\\index.php')
