ERROR - 2024-09-09 07:36:24 --> Error connecting to the database: mysqli_sql_exception: Aucune connexion n’a pu être établie car l’ordinateur cible l’a expressément refusée in Z:\CodeIgniter\newmarketplace\system\Database\MySQLi\Connection.php:186
Stack trace:
#0 Z:\CodeIgniter\newmarketplace\system\Database\MySQLi\Connection.php(186): mysqli->real_connect('localhost', 'root', Object(SensitiveParameterValue), 'newmarket', 3306, '', 0)
#1 Z:\CodeIgniter\newmarketplace\system\Database\BaseConnection.php(421): CodeIgniter\Database\MySQLi\Connection->connect(false)
#2 Z:\CodeIgniter\newmarketplace\system\Database\BaseConnection.php(604): CodeIgniter\Database\BaseConnection->initialize()
#3 Z:\CodeIgniter\newmarketplace\system\Database\BaseBuilder.php(1629): CodeIgniter\Database\BaseConnection->query('SELECT *\nFROM `...', Array, false)
#4 Z:\CodeIgniter\newmarketplace\system\Model.php(275): CodeIgniter\Database\BaseBuilder->get()
#5 Z:\CodeIgniter\newmarketplace\system\BaseModel.php(676): CodeIgniter\Model->doFindAll(0, 0)
#6 Z:\CodeIgniter\newmarketplace\app\Models\CategorieModel.php(12): CodeIgniter\BaseModel->findAll()
#7 Z:\CodeIgniter\newmarketplace\app\Controllers\Categorie.php(14): App\Models\CategorieModel->getcategorie()
#8 Z:\CodeIgniter\newmarketplace\system\CodeIgniter.php(933): App\Controllers\Categorie->getcategorie()
#9 Z:\CodeIgniter\newmarketplace\system\CodeIgniter.php(509): CodeIgniter\CodeIgniter->runController(Object(App\Controllers\Categorie))
#10 Z:\CodeIgniter\newmarketplace\system\CodeIgniter.php(355): CodeIgniter\CodeIgniter->handleRequest(NULL, Object(Config\Cache), false)
#11 Z:\CodeIgniter\newmarketplace\system\Boot.php(312): CodeIgniter\CodeIgniter->run()
#12 Z:\CodeIgniter\newmarketplace\system\Boot.php(67): CodeIgniter\Boot::runCodeIgniter(Object(CodeIgniter\CodeIgniter))
#13 Z:\CodeIgniter\newmarketplace\public\index.php(65): CodeIgniter\Boot::bootWeb(Object(Config\Paths))
#14 Z:\CodeIgniter\newmarketplace\system\Commands\Server\rewrite.php(49): require_once('Z:\\CodeIgniter\\...')
#15 {main}

Next CodeIgniter\Database\Exceptions\DatabaseException: Aucune connexion n’a pu être établie car l’ordinateur cible l’a expressément refusée in Z:\CodeIgniter\newmarketplace\system\Database\MySQLi\Connection.php:231
Stack trace:
#0 Z:\CodeIgniter\newmarketplace\system\Database\BaseConnection.php(421): CodeIgniter\Database\MySQLi\Connection->connect(false)
#1 Z:\CodeIgniter\newmarketplace\system\Database\BaseConnection.php(604): CodeIgniter\Database\BaseConnection->initialize()
#2 Z:\CodeIgniter\newmarketplace\system\Database\BaseBuilder.php(1629): CodeIgniter\Database\BaseConnection->query('SELECT *\nFROM `...', Array, false)
#3 Z:\CodeIgniter\newmarketplace\system\Model.php(275): CodeIgniter\Database\BaseBuilder->get()
#4 Z:\CodeIgniter\newmarketplace\system\BaseModel.php(676): CodeIgniter\Model->doFindAll(0, 0)
#5 Z:\CodeIgniter\newmarketplace\app\Models\CategorieModel.php(12): CodeIgniter\BaseModel->findAll()
#6 Z:\CodeIgniter\newmarketplace\app\Controllers\Categorie.php(14): App\Models\CategorieModel->getcategorie()
#7 Z:\CodeIgniter\newmarketplace\system\CodeIgniter.php(933): App\Controllers\Categorie->getcategorie()
#8 Z:\CodeIgniter\newmarketplace\system\CodeIgniter.php(509): CodeIgniter\CodeIgniter->runController(Object(App\Controllers\Categorie))
#9 Z:\CodeIgniter\newmarketplace\system\CodeIgniter.php(355): CodeIgniter\CodeIgniter->handleRequest(NULL, Object(Config\Cache), false)
#10 Z:\CodeIgniter\newmarketplace\system\Boot.php(312): CodeIgniter\CodeIgniter->run()
#11 Z:\CodeIgniter\newmarketplace\system\Boot.php(67): CodeIgniter\Boot::runCodeIgniter(Object(CodeIgniter\CodeIgniter))
#12 Z:\CodeIgniter\newmarketplace\public\index.php(65): CodeIgniter\Boot::bootWeb(Object(Config\Paths))
#13 Z:\CodeIgniter\newmarketplace\system\Commands\Server\rewrite.php(49): require_once('Z:\\CodeIgniter\\...')
#14 {main}
CRITICAL - 2024-09-09 07:36:24 --> CodeIgniter\Database\Exceptions\DatabaseException: Unable to connect to the database.
Main connection [MySQLi]: Aucune connexion n’a pu être établie car l’ordinateur cible l’a expressément refusée
[Method: GET, Route: getcategorie]
in SYSTEMPATH\Database\BaseConnection.php on line 457.
 1 SYSTEMPATH\Database\BaseConnection.php(604): CodeIgniter\Database\BaseConnection->initialize()
 2 SYSTEMPATH\Database\BaseBuilder.php(1629): CodeIgniter\Database\BaseConnection->query('SELECT *
FROM `categorie`', [], false)
 3 SYSTEMPATH\Model.php(275): CodeIgniter\Database\BaseBuilder->get()
 4 SYSTEMPATH\BaseModel.php(676): CodeIgniter\Model->doFindAll(0, 0)
 5 APPPATH\Models\CategorieModel.php(12): CodeIgniter\BaseModel->findAll()
 6 APPPATH\Controllers\Categorie.php(14): App\Models\CategorieModel->getcategorie()
 7 SYSTEMPATH\CodeIgniter.php(933): App\Controllers\Categorie->getcategorie()
 8 SYSTEMPATH\CodeIgniter.php(509): CodeIgniter\CodeIgniter->runController(Object(App\Controllers\Categorie))
 9 SYSTEMPATH\CodeIgniter.php(355): CodeIgniter\CodeIgniter->handleRequest(null, Object(Config\Cache), false)
10 SYSTEMPATH\Boot.php(312): CodeIgniter\CodeIgniter->run()
11 SYSTEMPATH\Boot.php(67): CodeIgniter\Boot::runCodeIgniter(Object(CodeIgniter\CodeIgniter))
12 FCPATH\index.php(65): CodeIgniter\Boot::bootWeb(Object(Config\Paths))
13 SYSTEMPATH\Commands\Server\rewrite.php(49): require_once('Z:\\CodeIgniter\\newmarketplace\\public\\index.php')
ERROR - 2024-09-09 07:36:28 --> Error connecting to the database: mysqli_sql_exception: Aucune connexion n’a pu être établie car l’ordinateur cible l’a expressément refusée in Z:\CodeIgniter\newmarketplace\system\Database\MySQLi\Connection.php:186
Stack trace:
#0 Z:\CodeIgniter\newmarketplace\system\Database\MySQLi\Connection.php(186): mysqli->real_connect('localhost', 'root', Object(SensitiveParameterValue), 'newmarket', 3306, '', 0)
#1 Z:\CodeIgniter\newmarketplace\system\Database\BaseConnection.php(421): CodeIgniter\Database\MySQLi\Connection->connect(false)
#2 Z:\CodeIgniter\newmarketplace\system\Database\BaseConnection.php(604): CodeIgniter\Database\BaseConnection->initialize()
#3 Z:\CodeIgniter\newmarketplace\system\Database\BaseBuilder.php(1629): CodeIgniter\Database\BaseConnection->query('SELECT *\nFROM `...', Array, false)
#4 Z:\CodeIgniter\newmarketplace\system\Model.php(275): CodeIgniter\Database\BaseBuilder->get()
#5 Z:\CodeIgniter\newmarketplace\system\BaseModel.php(676): CodeIgniter\Model->doFindAll(0, 0)
#6 Z:\CodeIgniter\newmarketplace\app\Models\ProduitModel.php(53): CodeIgniter\BaseModel->findAll()
#7 Z:\CodeIgniter\newmarketplace\app\Controllers\Produit.php(74): App\Models\ProduitModel->getproduct()
#8 Z:\CodeIgniter\newmarketplace\system\CodeIgniter.php(933): App\Controllers\Produit->getproduct()
#9 Z:\CodeIgniter\newmarketplace\system\CodeIgniter.php(509): CodeIgniter\CodeIgniter->runController(Object(App\Controllers\Produit))
#10 Z:\CodeIgniter\newmarketplace\system\CodeIgniter.php(355): CodeIgniter\CodeIgniter->handleRequest(NULL, Object(Config\Cache), false)
#11 Z:\CodeIgniter\newmarketplace\system\Boot.php(312): CodeIgniter\CodeIgniter->run()
#12 Z:\CodeIgniter\newmarketplace\system\Boot.php(67): CodeIgniter\Boot::runCodeIgniter(Object(CodeIgniter\CodeIgniter))
#13 Z:\CodeIgniter\newmarketplace\public\index.php(65): CodeIgniter\Boot::bootWeb(Object(Config\Paths))
#14 Z:\CodeIgniter\newmarketplace\system\Commands\Server\rewrite.php(49): require_once('Z:\\CodeIgniter\\...')
#15 {main}

Next CodeIgniter\Database\Exceptions\DatabaseException: Aucune connexion n’a pu être établie car l’ordinateur cible l’a expressément refusée in Z:\CodeIgniter\newmarketplace\system\Database\MySQLi\Connection.php:231
Stack trace:
#0 Z:\CodeIgniter\newmarketplace\system\Database\BaseConnection.php(421): CodeIgniter\Database\MySQLi\Connection->connect(false)
#1 Z:\CodeIgniter\newmarketplace\system\Database\BaseConnection.php(604): CodeIgniter\Database\BaseConnection->initialize()
#2 Z:\CodeIgniter\newmarketplace\system\Database\BaseBuilder.php(1629): CodeIgniter\Database\BaseConnection->query('SELECT *\nFROM `...', Array, false)
#3 Z:\CodeIgniter\newmarketplace\system\Model.php(275): CodeIgniter\Database\BaseBuilder->get()
#4 Z:\CodeIgniter\newmarketplace\system\BaseModel.php(676): CodeIgniter\Model->doFindAll(0, 0)
#5 Z:\CodeIgniter\newmarketplace\app\Models\ProduitModel.php(53): CodeIgniter\BaseModel->findAll()
#6 Z:\CodeIgniter\newmarketplace\app\Controllers\Produit.php(74): App\Models\ProduitModel->getproduct()
#7 Z:\CodeIgniter\newmarketplace\system\CodeIgniter.php(933): App\Controllers\Produit->getproduct()
#8 Z:\CodeIgniter\newmarketplace\system\CodeIgniter.php(509): CodeIgniter\CodeIgniter->runController(Object(App\Controllers\Produit))
#9 Z:\CodeIgniter\newmarketplace\system\CodeIgniter.php(355): CodeIgniter\CodeIgniter->handleRequest(NULL, Object(Config\Cache), false)
#10 Z:\CodeIgniter\newmarketplace\system\Boot.php(312): CodeIgniter\CodeIgniter->run()
#11 Z:\CodeIgniter\newmarketplace\system\Boot.php(67): CodeIgniter\Boot::runCodeIgniter(Object(CodeIgniter\CodeIgniter))
#12 Z:\CodeIgniter\newmarketplace\public\index.php(65): CodeIgniter\Boot::bootWeb(Object(Config\Paths))
#13 Z:\CodeIgniter\newmarketplace\system\Commands\Server\rewrite.php(49): require_once('Z:\\CodeIgniter\\...')
#14 {main}
CRITICAL - 2024-09-09 07:36:28 --> CodeIgniter\Database\Exceptions\DatabaseException: Unable to connect to the database.
Main connection [MySQLi]: Aucune connexion n’a pu être établie car l’ordinateur cible l’a expressément refusée
[Method: GET, Route: getproduct]
in SYSTEMPATH\Database\BaseConnection.php on line 457.
 1 SYSTEMPATH\Database\BaseConnection.php(604): CodeIgniter\Database\BaseConnection->initialize()
 2 SYSTEMPATH\Database\BaseBuilder.php(1629): CodeIgniter\Database\BaseConnection->query('SELECT *
FROM `produits`', [], false)
 3 SYSTEMPATH\Model.php(275): CodeIgniter\Database\BaseBuilder->get()
 4 SYSTEMPATH\BaseModel.php(676): CodeIgniter\Model->doFindAll(0, 0)
 5 APPPATH\Models\ProduitModel.php(53): CodeIgniter\BaseModel->findAll()
 6 APPPATH\Controllers\Produit.php(74): App\Models\ProduitModel->getproduct()
 7 SYSTEMPATH\CodeIgniter.php(933): App\Controllers\Produit->getproduct()
 8 SYSTEMPATH\CodeIgniter.php(509): CodeIgniter\CodeIgniter->runController(Object(App\Controllers\Produit))
 9 SYSTEMPATH\CodeIgniter.php(355): CodeIgniter\CodeIgniter->handleRequest(null, Object(Config\Cache), false)
10 SYSTEMPATH\Boot.php(312): CodeIgniter\CodeIgniter->run()
11 SYSTEMPATH\Boot.php(67): CodeIgniter\Boot::runCodeIgniter(Object(CodeIgniter\CodeIgniter))
12 FCPATH\index.php(65): CodeIgniter\Boot::bootWeb(Object(Config\Paths))
13 SYSTEMPATH\Commands\Server\rewrite.php(49): require_once('Z:\\CodeIgniter\\newmarketplace\\public\\index.php')
ERROR - 2024-09-09 07:36:33 --> Error connecting to the database: mysqli_sql_exception: Aucune connexion n’a pu être établie car l’ordinateur cible l’a expressément refusée in Z:\CodeIgniter\newmarketplace\system\Database\MySQLi\Connection.php:186
Stack trace:
#0 Z:\CodeIgniter\newmarketplace\system\Database\MySQLi\Connection.php(186): mysqli->real_connect('localhost', 'root', Object(SensitiveParameterValue), 'newmarket', 3306, '', 0)
#1 Z:\CodeIgniter\newmarketplace\system\Database\BaseConnection.php(421): CodeIgniter\Database\MySQLi\Connection->connect(false)
#2 Z:\CodeIgniter\newmarketplace\system\Database\BaseConnection.php(604): CodeIgniter\Database\BaseConnection->initialize()
#3 Z:\CodeIgniter\newmarketplace\system\Database\BaseBuilder.php(1629): CodeIgniter\Database\BaseConnection->query('SELECT *\nFROM `...', Array, false)
#4 Z:\CodeIgniter\newmarketplace\system\Model.php(275): CodeIgniter\Database\BaseBuilder->get()
#5 Z:\CodeIgniter\newmarketplace\system\BaseModel.php(676): CodeIgniter\Model->doFindAll(0, 0)
#6 Z:\CodeIgniter\newmarketplace\app\Models\MarqueModel.php(12): CodeIgniter\BaseModel->findAll()
#7 Z:\CodeIgniter\newmarketplace\app\Controllers\Marque.php(10): App\Models\MarqueModel->getmarque()
#8 Z:\CodeIgniter\newmarketplace\system\CodeIgniter.php(933): App\Controllers\Marque->getmarque()
#9 Z:\CodeIgniter\newmarketplace\system\CodeIgniter.php(509): CodeIgniter\CodeIgniter->runController(Object(App\Controllers\Marque))
#10 Z:\CodeIgniter\newmarketplace\system\CodeIgniter.php(355): CodeIgniter\CodeIgniter->handleRequest(NULL, Object(Config\Cache), false)
#11 Z:\CodeIgniter\newmarketplace\system\Boot.php(312): CodeIgniter\CodeIgniter->run()
#12 Z:\CodeIgniter\newmarketplace\system\Boot.php(67): CodeIgniter\Boot::runCodeIgniter(Object(CodeIgniter\CodeIgniter))
#13 Z:\CodeIgniter\newmarketplace\public\index.php(65): CodeIgniter\Boot::bootWeb(Object(Config\Paths))
#14 Z:\CodeIgniter\newmarketplace\system\Commands\Server\rewrite.php(49): require_once('Z:\\CodeIgniter\\...')
#15 {main}

Next CodeIgniter\Database\Exceptions\DatabaseException: Aucune connexion n’a pu être établie car l’ordinateur cible l’a expressément refusée in Z:\CodeIgniter\newmarketplace\system\Database\MySQLi\Connection.php:231
Stack trace:
#0 Z:\CodeIgniter\newmarketplace\system\Database\BaseConnection.php(421): CodeIgniter\Database\MySQLi\Connection->connect(false)
#1 Z:\CodeIgniter\newmarketplace\system\Database\BaseConnection.php(604): CodeIgniter\Database\BaseConnection->initialize()
#2 Z:\CodeIgniter\newmarketplace\system\Database\BaseBuilder.php(1629): CodeIgniter\Database\BaseConnection->query('SELECT *\nFROM `...', Array, false)
#3 Z:\CodeIgniter\newmarketplace\system\Model.php(275): CodeIgniter\Database\BaseBuilder->get()
#4 Z:\CodeIgniter\newmarketplace\system\BaseModel.php(676): CodeIgniter\Model->doFindAll(0, 0)
#5 Z:\CodeIgniter\newmarketplace\app\Models\MarqueModel.php(12): CodeIgniter\BaseModel->findAll()
#6 Z:\CodeIgniter\newmarketplace\app\Controllers\Marque.php(10): App\Models\MarqueModel->getmarque()
#7 Z:\CodeIgniter\newmarketplace\system\CodeIgniter.php(933): App\Controllers\Marque->getmarque()
#8 Z:\CodeIgniter\newmarketplace\system\CodeIgniter.php(509): CodeIgniter\CodeIgniter->runController(Object(App\Controllers\Marque))
#9 Z:\CodeIgniter\newmarketplace\system\CodeIgniter.php(355): CodeIgniter\CodeIgniter->handleRequest(NULL, Object(Config\Cache), false)
#10 Z:\CodeIgniter\newmarketplace\system\Boot.php(312): CodeIgniter\CodeIgniter->run()
#11 Z:\CodeIgniter\newmarketplace\system\Boot.php(67): CodeIgniter\Boot::runCodeIgniter(Object(CodeIgniter\CodeIgniter))
#12 Z:\CodeIgniter\newmarketplace\public\index.php(65): CodeIgniter\Boot::bootWeb(Object(Config\Paths))
#13 Z:\CodeIgniter\newmarketplace\system\Commands\Server\rewrite.php(49): require_once('Z:\\CodeIgniter\\...')
#14 {main}
CRITICAL - 2024-09-09 07:36:33 --> CodeIgniter\Database\Exceptions\DatabaseException: Unable to connect to the database.
Main connection [MySQLi]: Aucune connexion n’a pu être établie car l’ordinateur cible l’a expressément refusée
[Method: GET, Route: getmarque]
in SYSTEMPATH\Database\BaseConnection.php on line 457.
 1 SYSTEMPATH\Database\BaseConnection.php(604): CodeIgniter\Database\BaseConnection->initialize()
 2 SYSTEMPATH\Database\BaseBuilder.php(1629): CodeIgniter\Database\BaseConnection->query('SELECT *
FROM `marque`', [], false)
 3 SYSTEMPATH\Model.php(275): CodeIgniter\Database\BaseBuilder->get()
 4 SYSTEMPATH\BaseModel.php(676): CodeIgniter\Model->doFindAll(0, 0)
 5 APPPATH\Models\MarqueModel.php(12): CodeIgniter\BaseModel->findAll()
 6 APPPATH\Controllers\Marque.php(10): App\Models\MarqueModel->getmarque()
 7 SYSTEMPATH\CodeIgniter.php(933): App\Controllers\Marque->getmarque()
 8 SYSTEMPATH\CodeIgniter.php(509): CodeIgniter\CodeIgniter->runController(Object(App\Controllers\Marque))
 9 SYSTEMPATH\CodeIgniter.php(355): CodeIgniter\CodeIgniter->handleRequest(null, Object(Config\Cache), false)
10 SYSTEMPATH\Boot.php(312): CodeIgniter\CodeIgniter->run()
11 SYSTEMPATH\Boot.php(67): CodeIgniter\Boot::runCodeIgniter(Object(CodeIgniter\CodeIgniter))
12 FCPATH\index.php(65): CodeIgniter\Boot::bootWeb(Object(Config\Paths))
13 SYSTEMPATH\Commands\Server\rewrite.php(49): require_once('Z:\\CodeIgniter\\newmarketplace\\public\\index.php')
ERROR - 2024-09-09 07:36:37 --> Error connecting to the database: mysqli_sql_exception: Aucune connexion n’a pu être établie car l’ordinateur cible l’a expressément refusée in Z:\CodeIgniter\newmarketplace\system\Database\MySQLi\Connection.php:186
Stack trace:
#0 Z:\CodeIgniter\newmarketplace\system\Database\MySQLi\Connection.php(186): mysqli->real_connect('localhost', 'root', Object(SensitiveParameterValue), 'newmarket', 3306, '', 0)
#1 Z:\CodeIgniter\newmarketplace\system\Database\BaseConnection.php(421): CodeIgniter\Database\MySQLi\Connection->connect(false)
#2 Z:\CodeIgniter\newmarketplace\system\Database\BaseConnection.php(604): CodeIgniter\Database\BaseConnection->initialize()
#3 Z:\CodeIgniter\newmarketplace\system\Database\BaseBuilder.php(1629): CodeIgniter\Database\BaseConnection->query('SELECT *\nFROM `...', Array, false)
#4 Z:\CodeIgniter\newmarketplace\system\Model.php(275): CodeIgniter\Database\BaseBuilder->get()
#5 Z:\CodeIgniter\newmarketplace\system\BaseModel.php(676): CodeIgniter\Model->doFindAll(0, 0)
#6 Z:\CodeIgniter\newmarketplace\app\Models\SouscatModel.php(12): CodeIgniter\BaseModel->findAll()
#7 Z:\CodeIgniter\newmarketplace\app\Controllers\Souscat.php(11): App\Models\SouscatModel->getsouscat()
#8 Z:\CodeIgniter\newmarketplace\system\CodeIgniter.php(933): App\Controllers\SousCat->getsouscat()
#9 Z:\CodeIgniter\newmarketplace\system\CodeIgniter.php(509): CodeIgniter\CodeIgniter->runController(Object(App\Controllers\SousCat))
#10 Z:\CodeIgniter\newmarketplace\system\CodeIgniter.php(355): CodeIgniter\CodeIgniter->handleRequest(NULL, Object(Config\Cache), false)
#11 Z:\CodeIgniter\newmarketplace\system\Boot.php(312): CodeIgniter\CodeIgniter->run()
#12 Z:\CodeIgniter\newmarketplace\system\Boot.php(67): CodeIgniter\Boot::runCodeIgniter(Object(CodeIgniter\CodeIgniter))
#13 Z:\CodeIgniter\newmarketplace\public\index.php(65): CodeIgniter\Boot::bootWeb(Object(Config\Paths))
#14 Z:\CodeIgniter\newmarketplace\system\Commands\Server\rewrite.php(49): require_once('Z:\\CodeIgniter\\...')
#15 {main}

Next CodeIgniter\Database\Exceptions\DatabaseException: Aucune connexion n’a pu être établie car l’ordinateur cible l’a expressément refusée in Z:\CodeIgniter\newmarketplace\system\Database\MySQLi\Connection.php:231
Stack trace:
#0 Z:\CodeIgniter\newmarketplace\system\Database\BaseConnection.php(421): CodeIgniter\Database\MySQLi\Connection->connect(false)
#1 Z:\CodeIgniter\newmarketplace\system\Database\BaseConnection.php(604): CodeIgniter\Database\BaseConnection->initialize()
#2 Z:\CodeIgniter\newmarketplace\system\Database\BaseBuilder.php(1629): CodeIgniter\Database\BaseConnection->query('SELECT *\nFROM `...', Array, false)
#3 Z:\CodeIgniter\newmarketplace\system\Model.php(275): CodeIgniter\Database\BaseBuilder->get()
#4 Z:\CodeIgniter\newmarketplace\system\BaseModel.php(676): CodeIgniter\Model->doFindAll(0, 0)
#5 Z:\CodeIgniter\newmarketplace\app\Models\SouscatModel.php(12): CodeIgniter\BaseModel->findAll()
#6 Z:\CodeIgniter\newmarketplace\app\Controllers\Souscat.php(11): App\Models\SouscatModel->getsouscat()
#7 Z:\CodeIgniter\newmarketplace\system\CodeIgniter.php(933): App\Controllers\SousCat->getsouscat()
#8 Z:\CodeIgniter\newmarketplace\system\CodeIgniter.php(509): CodeIgniter\CodeIgniter->runController(Object(App\Controllers\SousCat))
#9 Z:\CodeIgniter\newmarketplace\system\CodeIgniter.php(355): CodeIgniter\CodeIgniter->handleRequest(NULL, Object(Config\Cache), false)
#10 Z:\CodeIgniter\newmarketplace\system\Boot.php(312): CodeIgniter\CodeIgniter->run()
#11 Z:\CodeIgniter\newmarketplace\system\Boot.php(67): CodeIgniter\Boot::runCodeIgniter(Object(CodeIgniter\CodeIgniter))
#12 Z:\CodeIgniter\newmarketplace\public\index.php(65): CodeIgniter\Boot::bootWeb(Object(Config\Paths))
#13 Z:\CodeIgniter\newmarketplace\system\Commands\Server\rewrite.php(49): require_once('Z:\\CodeIgniter\\...')
#14 {main}
CRITICAL - 2024-09-09 07:36:37 --> CodeIgniter\Database\Exceptions\DatabaseException: Unable to connect to the database.
Main connection [MySQLi]: Aucune connexion n’a pu être établie car l’ordinateur cible l’a expressément refusée
[Method: GET, Route: getsouscat]
in SYSTEMPATH\Database\BaseConnection.php on line 457.
 1 SYSTEMPATH\Database\BaseConnection.php(604): CodeIgniter\Database\BaseConnection->initialize()
 2 SYSTEMPATH\Database\BaseBuilder.php(1629): CodeIgniter\Database\BaseConnection->query('SELECT *
FROM `souscategorie`', [], false)
 3 SYSTEMPATH\Model.php(275): CodeIgniter\Database\BaseBuilder->get()
 4 SYSTEMPATH\BaseModel.php(676): CodeIgniter\Model->doFindAll(0, 0)
 5 APPPATH\Models\SouscatModel.php(12): CodeIgniter\BaseModel->findAll()
 6 APPPATH\Controllers\Souscat.php(11): App\Models\SouscatModel->getsouscat()
 7 SYSTEMPATH\CodeIgniter.php(933): App\Controllers\SousCat->getsouscat()
 8 SYSTEMPATH\CodeIgniter.php(509): CodeIgniter\CodeIgniter->runController(Object(App\Controllers\SousCat))
 9 SYSTEMPATH\CodeIgniter.php(355): CodeIgniter\CodeIgniter->handleRequest(null, Object(Config\Cache), false)
10 SYSTEMPATH\Boot.php(312): CodeIgniter\CodeIgniter->run()
11 SYSTEMPATH\Boot.php(67): CodeIgniter\Boot::runCodeIgniter(Object(CodeIgniter\CodeIgniter))
12 FCPATH\index.php(65): CodeIgniter\Boot::bootWeb(Object(Config\Paths))
13 SYSTEMPATH\Commands\Server\rewrite.php(49): require_once('Z:\\CodeIgniter\\newmarketplace\\public\\index.php')
ERROR - 2024-09-09 07:36:41 --> Error connecting to the database: mysqli_sql_exception: Aucune connexion n’a pu être établie car l’ordinateur cible l’a expressément refusée in Z:\CodeIgniter\newmarketplace\system\Database\MySQLi\Connection.php:186
Stack trace:
#0 Z:\CodeIgniter\newmarketplace\system\Database\MySQLi\Connection.php(186): mysqli->real_connect('localhost', 'root', Object(SensitiveParameterValue), 'newmarket', 3306, '', 0)
#1 Z:\CodeIgniter\newmarketplace\system\Database\BaseConnection.php(421): CodeIgniter\Database\MySQLi\Connection->connect(false)
#2 Z:\CodeIgniter\newmarketplace\system\Database\BaseConnection.php(604): CodeIgniter\Database\BaseConnection->initialize()
#3 Z:\CodeIgniter\newmarketplace\system\Database\BaseBuilder.php(1629): CodeIgniter\Database\BaseConnection->query('SELECT *\nFROM `...', Array, false)
#4 Z:\CodeIgniter\newmarketplace\system\Model.php(275): CodeIgniter\Database\BaseBuilder->get()
#5 Z:\CodeIgniter\newmarketplace\system\BaseModel.php(676): CodeIgniter\Model->doFindAll(0, 0)
#6 Z:\CodeIgniter\newmarketplace\app\Models\RayonModel.php(12): CodeIgniter\BaseModel->findAll()
#7 Z:\CodeIgniter\newmarketplace\app\Controllers\Rayon.php(26): App\Models\RayonModel->getrayon()
#8 Z:\CodeIgniter\newmarketplace\system\CodeIgniter.php(933): App\Controllers\Rayon->getrayon()
#9 Z:\CodeIgniter\newmarketplace\system\CodeIgniter.php(509): CodeIgniter\CodeIgniter->runController(Object(App\Controllers\Rayon))
#10 Z:\CodeIgniter\newmarketplace\system\CodeIgniter.php(355): CodeIgniter\CodeIgniter->handleRequest(NULL, Object(Config\Cache), false)
#11 Z:\CodeIgniter\newmarketplace\system\Boot.php(312): CodeIgniter\CodeIgniter->run()
#12 Z:\CodeIgniter\newmarketplace\system\Boot.php(67): CodeIgniter\Boot::runCodeIgniter(Object(CodeIgniter\CodeIgniter))
#13 Z:\CodeIgniter\newmarketplace\public\index.php(65): CodeIgniter\Boot::bootWeb(Object(Config\Paths))
#14 Z:\CodeIgniter\newmarketplace\system\Commands\Server\rewrite.php(49): require_once('Z:\\CodeIgniter\\...')
#15 {main}

Next CodeIgniter\Database\Exceptions\DatabaseException: Aucune connexion n’a pu être établie car l’ordinateur cible l’a expressément refusée in Z:\CodeIgniter\newmarketplace\system\Database\MySQLi\Connection.php:231
Stack trace:
#0 Z:\CodeIgniter\newmarketplace\system\Database\BaseConnection.php(421): CodeIgniter\Database\MySQLi\Connection->connect(false)
#1 Z:\CodeIgniter\newmarketplace\system\Database\BaseConnection.php(604): CodeIgniter\Database\BaseConnection->initialize()
#2 Z:\CodeIgniter\newmarketplace\system\Database\BaseBuilder.php(1629): CodeIgniter\Database\BaseConnection->query('SELECT *\nFROM `...', Array, false)
#3 Z:\CodeIgniter\newmarketplace\system\Model.php(275): CodeIgniter\Database\BaseBuilder->get()
#4 Z:\CodeIgniter\newmarketplace\system\BaseModel.php(676): CodeIgniter\Model->doFindAll(0, 0)
#5 Z:\CodeIgniter\newmarketplace\app\Models\RayonModel.php(12): CodeIgniter\BaseModel->findAll()
#6 Z:\CodeIgniter\newmarketplace\app\Controllers\Rayon.php(26): App\Models\RayonModel->getrayon()
#7 Z:\CodeIgniter\newmarketplace\system\CodeIgniter.php(933): App\Controllers\Rayon->getrayon()
#8 Z:\CodeIgniter\newmarketplace\system\CodeIgniter.php(509): CodeIgniter\CodeIgniter->runController(Object(App\Controllers\Rayon))
#9 Z:\CodeIgniter\newmarketplace\system\CodeIgniter.php(355): CodeIgniter\CodeIgniter->handleRequest(NULL, Object(Config\Cache), false)
#10 Z:\CodeIgniter\newmarketplace\system\Boot.php(312): CodeIgniter\CodeIgniter->run()
#11 Z:\CodeIgniter\newmarketplace\system\Boot.php(67): CodeIgniter\Boot::runCodeIgniter(Object(CodeIgniter\CodeIgniter))
#12 Z:\CodeIgniter\newmarketplace\public\index.php(65): CodeIgniter\Boot::bootWeb(Object(Config\Paths))
#13 Z:\CodeIgniter\newmarketplace\system\Commands\Server\rewrite.php(49): require_once('Z:\\CodeIgniter\\...')
#14 {main}
CRITICAL - 2024-09-09 07:36:41 --> CodeIgniter\Database\Exceptions\DatabaseException: Unable to connect to the database.
Main connection [MySQLi]: Aucune connexion n’a pu être établie car l’ordinateur cible l’a expressément refusée
[Method: GET, Route: getrayon]
in SYSTEMPATH\Database\BaseConnection.php on line 457.
 1 SYSTEMPATH\Database\BaseConnection.php(604): CodeIgniter\Database\BaseConnection->initialize()
 2 SYSTEMPATH\Database\BaseBuilder.php(1629): CodeIgniter\Database\BaseConnection->query('SELECT *
FROM `rayon`', [], false)
 3 SYSTEMPATH\Model.php(275): CodeIgniter\Database\BaseBuilder->get()
 4 SYSTEMPATH\BaseModel.php(676): CodeIgniter\Model->doFindAll(0, 0)
 5 APPPATH\Models\RayonModel.php(12): CodeIgniter\BaseModel->findAll()
 6 APPPATH\Controllers\Rayon.php(26): App\Models\RayonModel->getrayon()
 7 SYSTEMPATH\CodeIgniter.php(933): App\Controllers\Rayon->getrayon()
 8 SYSTEMPATH\CodeIgniter.php(509): CodeIgniter\CodeIgniter->runController(Object(App\Controllers\Rayon))
 9 SYSTEMPATH\CodeIgniter.php(355): CodeIgniter\CodeIgniter->handleRequest(null, Object(Config\Cache), false)
10 SYSTEMPATH\Boot.php(312): CodeIgniter\CodeIgniter->run()
11 SYSTEMPATH\Boot.php(67): CodeIgniter\Boot::runCodeIgniter(Object(CodeIgniter\CodeIgniter))
12 FCPATH\index.php(65): CodeIgniter\Boot::bootWeb(Object(Config\Paths))
13 SYSTEMPATH\Commands\Server\rewrite.php(49): require_once('Z:\\CodeIgniter\\newmarketplace\\public\\index.php')
INFO - 2024-09-09 07:37:03 --> Session: Class initialized using 'CodeIgniter\Session\Handlers\FileHandler' driver.
INFO - 2024-09-09 07:42:20 --> Session: Class initialized using 'CodeIgniter\Session\Handlers\FileHandler' driver.
INFO - 2024-09-09 07:42:30 --> Session: Class initialized using 'CodeIgniter\Session\Handlers\FileHandler' driver.
INFO - 2024-09-09 10:47:49 --> Session: Class initialized using 'CodeIgniter\Session\Handlers\FileHandler' driver.
INFO - 2024-09-09 19:32:58 --> Session: Class initialized using 'CodeIgniter\Session\Handlers\FileHandler' driver.
INFO - 2024-09-09 19:33:40 --> Session: Class initialized using 'CodeIgniter\Session\Handlers\FileHandler' driver.
INFO - 2024-09-09 19:33:45 --> Session: Class initialized using 'CodeIgniter\Session\Handlers\FileHandler' driver.
INFO - 2024-09-09 19:33:52 --> Session: Class initialized using 'CodeIgniter\Session\Handlers\FileHandler' driver.
