ERROR - 2024-05-26 17:54:25 --> Error connecting to the database: mysqli_sql_exception: Aucune connexion n’a pu être établie car l’ordinateur cible l’a expressément refusée in Z:\CodeIgniter\newmarketplace\system\Database\MySQLi\Connection.php:186
Stack trace:
#0 Z:\CodeIgniter\newmarketplace\system\Database\MySQLi\Connection.php(186): mysqli->real_connect('localhost', 'root', Object(SensitiveParameterValue), 'newmarket', 3306, '', 0)
#1 Z:\CodeIgniter\newmarketplace\system\Database\BaseConnection.php(421): CodeIgniter\Database\MySQLi\Connection->connect(false)
#2 Z:\CodeIgniter\newmarketplace\system\Database\BaseConnection.php(604): CodeIgniter\Database\BaseConnection->initialize()
#3 Z:\CodeIgniter\newmarketplace\system\Database\BaseBuilder.php(1629): CodeIgniter\Database\BaseConnection->query('SELECT *\nFROM `...', Array, false)
#4 Z:\CodeIgniter\newmarketplace\system\Model.php(319): CodeIgniter\Database\BaseBuilder->get()
#5 Z:\CodeIgniter\newmarketplace\system\BaseModel.php(714): CodeIgniter\Model->doFirst()
#6 Z:\CodeIgniter\newmarketplace\app\Models\UserModel.php(64): CodeIgniter\BaseModel->first()
#7 Z:\CodeIgniter\newmarketplace\app\Controllers\User.php(75): App\Models\UserModel->connectme()
#8 Z:\CodeIgniter\newmarketplace\system\CodeIgniter.php(933): App\Controllers\User->connectme()
#9 Z:\CodeIgniter\newmarketplace\system\CodeIgniter.php(509): CodeIgniter\CodeIgniter->runController(Object(App\Controllers\User))
#10 Z:\CodeIgniter\newmarketplace\system\CodeIgniter.php(355): CodeIgniter\CodeIgniter->handleRequest(NULL, Object(Config\Cache), false)
#11 Z:\CodeIgniter\newmarketplace\system\Boot.php(312): CodeIgniter\CodeIgniter->run()
#12 Z:\CodeIgniter\newmarketplace\system\Boot.php(67): CodeIgniter\Boot::runCodeIgniter(Object(CodeIgniter\CodeIgniter))
#13 Z:\CodeIgniter\newmarketplace\public\index.php(65): CodeIgniter\Boot::bootWeb(Object(Config\Paths))
#14 Z:\CodeIgniter\newmarketplace\system\Commands\Server\rewrite.php(49): require_once('Z:\\CodeIgniter\\...')
#15 {main}

Next CodeIgniter\Database\Exceptions\DatabaseException: Aucune connexion n’a pu être établie car l’ordinateur cible l’a expressément refusée in Z:\CodeIgniter\newmarketplace\system\Database\MySQLi\Connection.php:231
Stack trace:
#0 Z:\CodeIgniter\newmarketplace\system\Database\BaseConnection.php(421): CodeIgniter\Database\MySQLi\Connection->connect(false)
#1 Z:\CodeIgniter\newmarketplace\system\Database\BaseConnection.php(604): CodeIgniter\Database\BaseConnection->initialize()
#2 Z:\CodeIgniter\newmarketplace\system\Database\BaseBuilder.php(1629): CodeIgniter\Database\BaseConnection->query('SELECT *\nFROM `...', Array, false)
#3 Z:\CodeIgniter\newmarketplace\system\Model.php(319): CodeIgniter\Database\BaseBuilder->get()
#4 Z:\CodeIgniter\newmarketplace\system\BaseModel.php(714): CodeIgniter\Model->doFirst()
#5 Z:\CodeIgniter\newmarketplace\app\Models\UserModel.php(64): CodeIgniter\BaseModel->first()
#6 Z:\CodeIgniter\newmarketplace\app\Controllers\User.php(75): App\Models\UserModel->connectme()
#7 Z:\CodeIgniter\newmarketplace\system\CodeIgniter.php(933): App\Controllers\User->connectme()
#8 Z:\CodeIgniter\newmarketplace\system\CodeIgniter.php(509): CodeIgniter\CodeIgniter->runController(Object(App\Controllers\User))
#9 Z:\CodeIgniter\newmarketplace\system\CodeIgniter.php(355): CodeIgniter\CodeIgniter->handleRequest(NULL, Object(Config\Cache), false)
#10 Z:\CodeIgniter\newmarketplace\system\Boot.php(312): CodeIgniter\CodeIgniter->run()
#11 Z:\CodeIgniter\newmarketplace\system\Boot.php(67): CodeIgniter\Boot::runCodeIgniter(Object(CodeIgniter\CodeIgniter))
#12 Z:\CodeIgniter\newmarketplace\public\index.php(65): CodeIgniter\Boot::bootWeb(Object(Config\Paths))
#13 Z:\CodeIgniter\newmarketplace\system\Commands\Server\rewrite.php(49): require_once('Z:\\CodeIgniter\\...')
#14 {main}
CRITICAL - 2024-05-26 17:54:25 --> CodeIgniter\Database\Exceptions\DatabaseException: Unable to connect to the database.
Main connection [MySQLi]: Aucune connexion n’a pu être établie car l’ordinateur cible l’a expressément refusée
[Method: POST, Route: connectme]
in SYSTEMPATH\Database\BaseConnection.php on line 457.
 1 SYSTEMPATH\Database\BaseConnection.php(604): CodeIgniter\Database\BaseConnection->initialize()
 2 SYSTEMPATH\Database\BaseBuilder.php(1629): CodeIgniter\Database\BaseConnection->query('SELECT *
FROM `users`
WHERE `email` = :email:
 LIMIT 1', [...], false)
 3 SYSTEMPATH\Model.php(319): CodeIgniter\Database\BaseBuilder->get()
 4 SYSTEMPATH\BaseModel.php(714): CodeIgniter\Model->doFirst()
 5 APPPATH\Models\UserModel.php(64): CodeIgniter\BaseModel->first()
 6 APPPATH\Controllers\User.php(75): App\Models\UserModel->connectme()
 7 SYSTEMPATH\CodeIgniter.php(933): App\Controllers\User->connectme()
 8 SYSTEMPATH\CodeIgniter.php(509): CodeIgniter\CodeIgniter->runController(Object(App\Controllers\User))
 9 SYSTEMPATH\CodeIgniter.php(355): CodeIgniter\CodeIgniter->handleRequest(null, Object(Config\Cache), false)
10 SYSTEMPATH\Boot.php(312): CodeIgniter\CodeIgniter->run()
11 SYSTEMPATH\Boot.php(67): CodeIgniter\Boot::runCodeIgniter(Object(CodeIgniter\CodeIgniter))
12 FCPATH\index.php(65): CodeIgniter\Boot::bootWeb(Object(Config\Paths))
13 SYSTEMPATH\Commands\Server\rewrite.php(49): require_once('Z:\\CodeIgniter\\newmarketplace\\public\\index.php')
INFO - 2024-05-26 17:54:50 --> Session: Class initialized using 'CodeIgniter\Session\Handlers\FileHandler' driver.
INFO - 2024-05-26 17:56:32 --> Session: Class initialized using 'CodeIgniter\Session\Handlers\FileHandler' driver.
INFO - 2024-05-26 17:56:39 --> Session: Class initialized using 'CodeIgniter\Session\Handlers\FileHandler' driver.
INFO - 2024-05-26 18:18:02 --> Session: Class initialized using 'CodeIgniter\Session\Handlers\FileHandler' driver.
INFO - 2024-05-26 18:19:18 --> Session: Class initialized using 'CodeIgniter\Session\Handlers\FileHandler' driver.
CRITICAL - 2024-05-26 19:24:22 --> Error: Call to a member function addrayon() on null
[Method: POST, Route: addrayon]
in APPPATH\Controllers\Rayon.php on line 16.
 1 SYSTEMPATH\CodeIgniter.php(933): App\Controllers\Rayon->addrayon()
 2 SYSTEMPATH\CodeIgniter.php(509): CodeIgniter\CodeIgniter->runController(Object(App\Controllers\Rayon))
 3 SYSTEMPATH\CodeIgniter.php(355): CodeIgniter\CodeIgniter->handleRequest(null, Object(Config\Cache), false)
 4 SYSTEMPATH\Boot.php(312): CodeIgniter\CodeIgniter->run()
 5 SYSTEMPATH\Boot.php(67): CodeIgniter\Boot::runCodeIgniter(Object(CodeIgniter\CodeIgniter))
 6 FCPATH\index.php(65): CodeIgniter\Boot::bootWeb(Object(Config\Paths))
 7 SYSTEMPATH\Commands\Server\rewrite.php(49): require_once('Z:\\CodeIgniter\\newmarketplace\\public\\index.php')
CRITICAL - 2024-05-26 19:26:18 --> Error: Cannot use object of type stdClass as array
[Method: POST, Route: addrayon]
in APPPATH\Models\RayonModel.php on line 15.
 1 APPPATH\Controllers\Rayon.php(17): App\Models\RayonModel->addrayon()
 2 SYSTEMPATH\CodeIgniter.php(933): App\Controllers\Rayon->addrayon()
 3 SYSTEMPATH\CodeIgniter.php(509): CodeIgniter\CodeIgniter->runController(Object(App\Controllers\Rayon))
 4 SYSTEMPATH\CodeIgniter.php(355): CodeIgniter\CodeIgniter->handleRequest(null, Object(Config\Cache), false)
 5 SYSTEMPATH\Boot.php(312): CodeIgniter\CodeIgniter->run()
 6 SYSTEMPATH\Boot.php(67): CodeIgniter\Boot::runCodeIgniter(Object(CodeIgniter\CodeIgniter))
 7 FCPATH\index.php(65): CodeIgniter\Boot::bootWeb(Object(Config\Paths))
 8 SYSTEMPATH\Commands\Server\rewrite.php(49): require_once('Z:\\CodeIgniter\\newmarketplace\\public\\index.php')
INFO - 2024-05-26 20:46:35 --> Session: Class initialized using 'CodeIgniter\Session\Handlers\FileHandler' driver.
INFO - 2024-05-26 20:46:41 --> Session: Class initialized using 'CodeIgniter\Session\Handlers\FileHandler' driver.
INFO - 2024-05-26 21:09:12 --> Session: Class initialized using 'CodeIgniter\Session\Handlers\FileHandler' driver.
INFO - 2024-05-26 21:22:24 --> Session: Class initialized using 'CodeIgniter\Session\Handlers\FileHandler' driver.
INFO - 2024-05-26 21:22:29 --> Session: Class initialized using 'CodeIgniter\Session\Handlers\FileHandler' driver.
INFO - 2024-05-26 22:18:18 --> Session: Class initialized using 'CodeIgniter\Session\Handlers\FileHandler' driver.
INFO - 2024-05-26 22:18:57 --> Session: Class initialized using 'CodeIgniter\Session\Handlers\FileHandler' driver.
INFO - 2024-05-26 22:19:14 --> Session: Class initialized using 'CodeIgniter\Session\Handlers\FileHandler' driver.
INFO - 2024-05-26 22:19:45 --> Session: Class initialized using 'CodeIgniter\Session\Handlers\FileHandler' driver.
INFO - 2024-05-26 22:48:08 --> Session: Class initialized using 'CodeIgniter\Session\Handlers\FileHandler' driver.
INFO - 2024-05-26 22:51:10 --> Session: Class initialized using 'CodeIgniter\Session\Handlers\FileHandler' driver.
CRITICAL - 2024-05-26 22:52:59 --> Error: Call to undefined function App\Models\tostring()
[Method: GET, Route: getrayon]
in APPPATH\Models\RayonModel.php on line 12.
 1 APPPATH\Controllers\Rayon.php(26): App\Models\RayonModel->getrayon()
 2 SYSTEMPATH\CodeIgniter.php(933): App\Controllers\Rayon->getrayon()
 3 SYSTEMPATH\CodeIgniter.php(509): CodeIgniter\CodeIgniter->runController(Object(App\Controllers\Rayon))
 4 SYSTEMPATH\CodeIgniter.php(355): CodeIgniter\CodeIgniter->handleRequest(null, Object(Config\Cache), false)
 5 SYSTEMPATH\Boot.php(312): CodeIgniter\CodeIgniter->run()
 6 SYSTEMPATH\Boot.php(67): CodeIgniter\Boot::runCodeIgniter(Object(CodeIgniter\CodeIgniter))
 7 FCPATH\index.php(65): CodeIgniter\Boot::bootWeb(Object(Config\Paths))
 8 SYSTEMPATH\Commands\Server\rewrite.php(49): require_once('Z:\\CodeIgniter\\newmarketplace\\public\\index.php')
